[2026-04-25T12:41:34.565+0000] {processor.py:161} INFO - Started process (PID=45) to work on /opt/airflow/dags/fetch_and_store.py
[2026-04-25T12:41:34.566+0000] {processor.py:830} INFO - Processing file /opt/airflow/dags/fetch_and_store.py for tasks to queue
[2026-04-25T12:41:34.567+0000] {logging_mixin.py:188} INFO - [2026-04-25T12:41:34.567+0000] {dagbag.py:545} INFO - Filling up the DagBag from /opt/airflow/dags/fetch_and_store.py
[2026-04-25T12:41:34.646+0000] {processor.py:842} WARNING - No viable dags retrieved from /opt/airflow/dags/fetch_and_store.py
[2026-04-25T12:41:34.654+0000] {processor.py:183} INFO - Processing /opt/airflow/dags/fetch_and_store.py took 0.094 seconds
[2026-04-25T12:42:05.423+0000] {processor.py:161} INFO - Started process (PID=49) to work on /opt/airflow/dags/fetch_and_store.py
[2026-04-25T12:42:05.424+0000] {processor.py:830} INFO - Processing file /opt/airflow/dags/fetch_and_store.py for tasks to queue
[2026-04-25T12:42:05.425+0000] {logging_mixin.py:188} INFO - [2026-04-25T12:42:05.425+0000] {dagbag.py:545} INFO - Filling up the DagBag from /opt/airflow/dags/fetch_and_store.py
[2026-04-25T12:42:05.491+0000] {processor.py:842} WARNING - No viable dags retrieved from /opt/airflow/dags/fetch_and_store.py
[2026-04-25T12:42:05.497+0000] {processor.py:183} INFO - Processing /opt/airflow/dags/fetch_and_store.py took 0.076 seconds
[2026-04-25T12:42:40.747+0000] {processor.py:161} INFO - Started process (PID=93) to work on /opt/airflow/dags/fetch_and_store.py
[2026-04-25T12:42:40.748+0000] {processor.py:830} INFO - Processing file /opt/airflow/dags/fetch_and_store.py for tasks to queue
[2026-04-25T12:42:40.749+0000] {logging_mixin.py:188} INFO - [2026-04-25T12:42:40.749+0000] {dagbag.py:545} INFO - Filling up the DagBag from /opt/airflow/dags/fetch_and_store.py
[2026-04-25T12:42:40.813+0000] {processor.py:842} WARNING - No viable dags retrieved from /opt/airflow/dags/fetch_and_store.py
[2026-04-25T12:42:40.817+0000] {processor.py:183} INFO - Processing /opt/airflow/dags/fetch_and_store.py took 0.073 seconds
[2026-04-25T12:43:19.852+0000] {processor.py:161} INFO - Started process (PID=137) to work on /opt/airflow/dags/fetch_and_store.py
[2026-04-25T12:43:19.852+0000] {processor.py:830} INFO - Processing file /opt/airflow/dags/fetch_and_store.py for tasks to queue
[2026-04-25T12:43:19.854+0000] {logging_mixin.py:188} INFO - [2026-04-25T12:43:19.853+0000] {dagbag.py:545} INFO - Filling up the DagBag from /opt/airflow/dags/fetch_and_store.py
[2026-04-25T12:43:19.920+0000] {processor.py:842} WARNING - No viable dags retrieved from /opt/airflow/dags/fetch_and_store.py
[2026-04-25T12:43:19.925+0000] {processor.py:183} INFO - Processing /opt/airflow/dags/fetch_and_store.py took 0.076 seconds
[2026-04-25T12:43:51.323+0000] {processor.py:161} INFO - Started process (PID=141) to work on /opt/airflow/dags/fetch_and_store.py
[2026-04-25T12:43:51.323+0000] {processor.py:830} INFO - Processing file /opt/airflow/dags/fetch_and_store.py for tasks to queue
[2026-04-25T12:43:51.325+0000] {logging_mixin.py:188} INFO - [2026-04-25T12:43:51.324+0000] {dagbag.py:545} INFO - Filling up the DagBag from /opt/airflow/dags/fetch_and_store.py
[2026-04-25T12:43:51.390+0000] {processor.py:842} WARNING - No viable dags retrieved from /opt/airflow/dags/fetch_and_store.py
[2026-04-25T12:43:51.396+0000] {processor.py:183} INFO - Processing /opt/airflow/dags/fetch_and_store.py took 0.076 seconds
[2026-04-25T12:44:24.344+0000] {processor.py:161} INFO - Started process (PID=185) to work on /opt/airflow/dags/fetch_and_store.py
[2026-04-25T12:44:24.345+0000] {processor.py:830} INFO - Processing file /opt/airflow/dags/fetch_and_store.py for tasks to queue
[2026-04-25T12:44:24.346+0000] {logging_mixin.py:188} INFO - [2026-04-25T12:44:24.346+0000] {dagbag.py:545} INFO - Filling up the DagBag from /opt/airflow/dags/fetch_and_store.py
[2026-04-25T12:44:24.414+0000] {processor.py:842} WARNING - No viable dags retrieved from /opt/airflow/dags/fetch_and_store.py
[2026-04-25T12:44:24.419+0000] {processor.py:183} INFO - Processing /opt/airflow/dags/fetch_and_store.py took 0.078 seconds
[2026-04-25T12:44:55.597+0000] {processor.py:161} INFO - Started process (PID=189) to work on /opt/airflow/dags/fetch_and_store.py
[2026-04-25T12:44:55.597+0000] {processor.py:830} INFO - Processing file /opt/airflow/dags/fetch_and_store.py for tasks to queue
[2026-04-25T12:44:55.599+0000] {logging_mixin.py:188} INFO - [2026-04-25T12:44:55.598+0000] {dagbag.py:545} INFO - Filling up the DagBag from /opt/airflow/dags/fetch_and_store.py
[2026-04-25T12:44:55.663+0000] {processor.py:842} WARNING - No viable dags retrieved from /opt/airflow/dags/fetch_and_store.py
[2026-04-25T12:44:55.669+0000] {processor.py:183} INFO - Processing /opt/airflow/dags/fetch_and_store.py took 0.075 seconds
[2026-04-25T12:45:26.534+0000] {processor.py:161} INFO - Started process (PID=233) to work on /opt/airflow/dags/fetch_and_store.py
[2026-04-25T12:45:26.535+0000] {processor.py:830} INFO - Processing file /opt/airflow/dags/fetch_and_store.py for tasks to queue
[2026-04-25T12:45:26.536+0000] {logging_mixin.py:188} INFO - [2026-04-25T12:45:26.536+0000] {dagbag.py:545} INFO - Filling up the DagBag from /opt/airflow/dags/fetch_and_store.py
[2026-04-25T12:45:26.616+0000] {processor.py:842} WARNING - No viable dags retrieved from /opt/airflow/dags/fetch_and_store.py
[2026-04-25T12:45:26.623+0000] {processor.py:183} INFO - Processing /opt/airflow/dags/fetch_and_store.py took 0.093 seconds
[2026-04-25T12:45:56.767+0000] {processor.py:161} INFO - Started process (PID=237) to work on /opt/airflow/dags/fetch_and_store.py
[2026-04-25T12:45:56.767+0000] {processor.py:830} INFO - Processing file /opt/airflow/dags/fetch_and_store.py for tasks to queue
[2026-04-25T12:45:56.769+0000] {logging_mixin.py:188} INFO - [2026-04-25T12:45:56.769+0000] {dagbag.py:545} INFO - Filling up the DagBag from /opt/airflow/dags/fetch_and_store.py
[2026-04-25T12:45:56.835+0000] {processor.py:842} WARNING - No viable dags retrieved from /opt/airflow/dags/fetch_and_store.py
[2026-04-25T12:45:56.839+0000] {processor.py:183} INFO - Processing /opt/airflow/dags/fetch_and_store.py took 0.075 seconds
[2026-04-25T12:46:27.202+0000] {processor.py:161} INFO - Started process (PID=241) to work on /opt/airflow/dags/fetch_and_store.py
[2026-04-25T12:46:27.202+0000] {processor.py:830} INFO - Processing file /opt/airflow/dags/fetch_and_store.py for tasks to queue
[2026-04-25T12:46:27.203+0000] {logging_mixin.py:188} INFO - [2026-04-25T12:46:27.203+0000] {dagbag.py:545} INFO - Filling up the DagBag from /opt/airflow/dags/fetch_and_store.py
[2026-04-25T12:46:27.272+0000] {processor.py:842} WARNING - No viable dags retrieved from /opt/airflow/dags/fetch_and_store.py
[2026-04-25T12:46:27.278+0000] {processor.py:183} INFO - Processing /opt/airflow/dags/fetch_and_store.py took 0.080 seconds
[2026-04-25T12:46:57.627+0000] {processor.py:161} INFO - Started process (PID=245) to work on /opt/airflow/dags/fetch_and_store.py
[2026-04-25T12:46:57.628+0000] {processor.py:830} INFO - Processing file /opt/airflow/dags/fetch_and_store.py for tasks to queue
[2026-04-25T12:46:57.629+0000] {logging_mixin.py:188} INFO - [2026-04-25T12:46:57.629+0000] {dagbag.py:545} INFO - Filling up the DagBag from /opt/airflow/dags/fetch_and_store.py
[2026-04-25T12:46:57.700+0000] {processor.py:842} WARNING - No viable dags retrieved from /opt/airflow/dags/fetch_and_store.py
[2026-04-25T12:46:57.706+0000] {processor.py:183} INFO - Processing /opt/airflow/dags/fetch_and_store.py took 0.083 seconds
[2026-04-25T12:47:28.447+0000] {processor.py:161} INFO - Started process (PID=249) to work on /opt/airflow/dags/fetch_and_store.py
[2026-04-25T12:47:28.448+0000] {processor.py:830} INFO - Processing file /opt/airflow/dags/fetch_and_store.py for tasks to queue
[2026-04-25T12:47:28.449+0000] {logging_mixin.py:188} INFO - [2026-04-25T12:47:28.449+0000] {dagbag.py:545} INFO - Filling up the DagBag from /opt/airflow/dags/fetch_and_store.py
[2026-04-25T12:47:28.519+0000] {processor.py:842} WARNING - No viable dags retrieved from /opt/airflow/dags/fetch_and_store.py
[2026-04-25T12:47:28.528+0000] {processor.py:183} INFO - Processing /opt/airflow/dags/fetch_and_store.py took 0.084 seconds
[2026-04-25T12:47:58.664+0000] {processor.py:161} INFO - Started process (PID=253) to work on /opt/airflow/dags/fetch_and_store.py
[2026-04-25T12:47:58.664+0000] {processor.py:830} INFO - Processing file /opt/airflow/dags/fetch_and_store.py for tasks to queue
[2026-04-25T12:47:58.665+0000] {logging_mixin.py:188} INFO - [2026-04-25T12:47:58.665+0000] {dagbag.py:545} INFO - Filling up the DagBag from /opt/airflow/dags/fetch_and_store.py
[2026-04-25T12:47:58.728+0000] {processor.py:842} WARNING - No viable dags retrieved from /opt/airflow/dags/fetch_and_store.py
[2026-04-25T12:47:58.733+0000] {processor.py:183} INFO - Processing /opt/airflow/dags/fetch_and_store.py took 0.073 seconds
[2026-04-25T12:48:29.275+0000] {processor.py:161} INFO - Started process (PID=257) to work on /opt/airflow/dags/fetch_and_store.py
[2026-04-25T12:48:29.276+0000] {processor.py:830} INFO - Processing file /opt/airflow/dags/fetch_and_store.py for tasks to queue
[2026-04-25T12:48:29.277+0000] {logging_mixin.py:188} INFO - [2026-04-25T12:48:29.277+0000] {dagbag.py:545} INFO - Filling up the DagBag from /opt/airflow/dags/fetch_and_store.py
[2026-04-25T12:48:29.343+0000] {processor.py:842} WARNING - No viable dags retrieved from /opt/airflow/dags/fetch_and_store.py
[2026-04-25T12:48:29.349+0000] {processor.py:183} INFO - Processing /opt/airflow/dags/fetch_and_store.py took 0.077 seconds
[2026-04-25T12:48:59.795+0000] {processor.py:161} INFO - Started process (PID=261) to work on /opt/airflow/dags/fetch_and_store.py
[2026-04-25T12:48:59.796+0000] {processor.py:830} INFO - Processing file /opt/airflow/dags/fetch_and_store.py for tasks to queue
[2026-04-25T12:48:59.797+0000] {logging_mixin.py:188} INFO - [2026-04-25T12:48:59.797+0000] {dagbag.py:545} INFO - Filling up the DagBag from /opt/airflow/dags/fetch_and_store.py
[2026-04-25T12:48:59.870+0000] {processor.py:842} WARNING - No viable dags retrieved from /opt/airflow/dags/fetch_and_store.py
[2026-04-25T12:48:59.876+0000] {processor.py:183} INFO - Processing /opt/airflow/dags/fetch_and_store.py took 0.084 seconds
[2026-04-25T12:49:30.660+0000] {processor.py:161} INFO - Started process (PID=265) to work on /opt/airflow/dags/fetch_and_store.py
[2026-04-25T12:49:30.661+0000] {processor.py:830} INFO - Processing file /opt/airflow/dags/fetch_and_store.py for tasks to queue
[2026-04-25T12:49:30.662+0000] {logging_mixin.py:188} INFO - [2026-04-25T12:49:30.661+0000] {dagbag.py:545} INFO - Filling up the DagBag from /opt/airflow/dags/fetch_and_store.py
[2026-04-25T12:49:30.725+0000] {processor.py:842} WARNING - No viable dags retrieved from /opt/airflow/dags/fetch_and_store.py
[2026-04-25T12:49:30.729+0000] {processor.py:183} INFO - Processing /opt/airflow/dags/fetch_and_store.py took 0.072 seconds
[2026-04-25T12:50:01.661+0000] {processor.py:161} INFO - Started process (PID=269) to work on /opt/airflow/dags/fetch_and_store.py
[2026-04-25T12:50:01.662+0000] {processor.py:830} INFO - Processing file /opt/airflow/dags/fetch_and_store.py for tasks to queue
[2026-04-25T12:50:01.663+0000] {logging_mixin.py:188} INFO - [2026-04-25T12:50:01.663+0000] {dagbag.py:545} INFO - Filling up the DagBag from /opt/airflow/dags/fetch_and_store.py
[2026-04-25T12:50:01.729+0000] {processor.py:842} WARNING - No viable dags retrieved from /opt/airflow/dags/fetch_and_store.py
[2026-04-25T12:50:01.733+0000] {processor.py:183} INFO - Processing /opt/airflow/dags/fetch_and_store.py took 0.075 seconds
[2026-04-25T12:50:32.575+0000] {processor.py:161} INFO - Started process (PID=313) to work on /opt/airflow/dags/fetch_and_store.py
[2026-04-25T12:50:32.576+0000] {processor.py:830} INFO - Processing file /opt/airflow/dags/fetch_and_store.py for tasks to queue
[2026-04-25T12:50:32.577+0000] {logging_mixin.py:188} INFO - [2026-04-25T12:50:32.577+0000] {dagbag.py:545} INFO - Filling up the DagBag from /opt/airflow/dags/fetch_and_store.py
[2026-04-25T12:50:32.645+0000] {processor.py:842} WARNING - No viable dags retrieved from /opt/airflow/dags/fetch_and_store.py
[2026-04-25T12:50:32.650+0000] {processor.py:183} INFO - Processing /opt/airflow/dags/fetch_and_store.py took 0.078 seconds
[2026-04-25T12:51:03.122+0000] {processor.py:161} INFO - Started process (PID=317) to work on /opt/airflow/dags/fetch_and_store.py
[2026-04-25T12:51:03.123+0000] {processor.py:830} INFO - Processing file /opt/airflow/dags/fetch_and_store.py for tasks to queue
[2026-04-25T12:51:03.124+0000] {logging_mixin.py:188} INFO - [2026-04-25T12:51:03.123+0000] {dagbag.py:545} INFO - Filling up the DagBag from /opt/airflow/dags/fetch_and_store.py
[2026-04-25T12:51:03.192+0000] {processor.py:842} WARNING - No viable dags retrieved from /opt/airflow/dags/fetch_and_store.py
[2026-04-25T12:51:03.199+0000] {processor.py:183} INFO - Processing /opt/airflow/dags/fetch_and_store.py took 0.080 seconds
[2026-04-25T12:51:33.359+0000] {processor.py:161} INFO - Started process (PID=321) to work on /opt/airflow/dags/fetch_and_store.py
[2026-04-25T12:51:33.360+0000] {processor.py:830} INFO - Processing file /opt/airflow/dags/fetch_and_store.py for tasks to queue
[2026-04-25T12:51:33.361+0000] {logging_mixin.py:188} INFO - [2026-04-25T12:51:33.361+0000] {dagbag.py:545} INFO - Filling up the DagBag from /opt/airflow/dags/fetch_and_store.py
[2026-04-25T12:51:33.429+0000] {processor.py:842} WARNING - No viable dags retrieved from /opt/airflow/dags/fetch_and_store.py
[2026-04-25T12:51:33.434+0000] {processor.py:183} INFO - Processing /opt/airflow/dags/fetch_and_store.py took 0.078 seconds
[2026-04-25T12:52:04.273+0000] {processor.py:161} INFO - Started process (PID=325) to work on /opt/airflow/dags/fetch_and_store.py
[2026-04-25T12:52:04.274+0000] {processor.py:830} INFO - Processing file /opt/airflow/dags/fetch_and_store.py for tasks to queue
[2026-04-25T12:52:04.275+0000] {logging_mixin.py:188} INFO - [2026-04-25T12:52:04.275+0000] {dagbag.py:545} INFO - Filling up the DagBag from /opt/airflow/dags/fetch_and_store.py
[2026-04-25T12:52:04.344+0000] {processor.py:842} WARNING - No viable dags retrieved from /opt/airflow/dags/fetch_and_store.py
[2026-04-25T12:52:04.351+0000] {processor.py:183} INFO - Processing /opt/airflow/dags/fetch_and_store.py took 0.081 seconds
[2026-04-25T12:52:34.984+0000] {processor.py:161} INFO - Started process (PID=329) to work on /opt/airflow/dags/fetch_and_store.py
[2026-04-25T12:52:34.985+0000] {processor.py:830} INFO - Processing file /opt/airflow/dags/fetch_and_store.py for tasks to queue
[2026-04-25T12:52:34.986+0000] {logging_mixin.py:188} INFO - [2026-04-25T12:52:34.985+0000] {dagbag.py:545} INFO - Filling up the DagBag from /opt/airflow/dags/fetch_and_store.py
[2026-04-25T12:52:35.057+0000] {processor.py:842} WARNING - No viable dags retrieved from /opt/airflow/dags/fetch_and_store.py
[2026-04-25T12:52:35.063+0000] {processor.py:183} INFO - Processing /opt/airflow/dags/fetch_and_store.py took 0.082 seconds
[2026-04-25T12:53:06.332+0000] {processor.py:161} INFO - Started process (PID=333) to work on /opt/airflow/dags/fetch_and_store.py
[2026-04-25T12:53:06.333+0000] {processor.py:830} INFO - Processing file /opt/airflow/dags/fetch_and_store.py for tasks to queue
[2026-04-25T12:53:06.334+0000] {logging_mixin.py:188} INFO - [2026-04-25T12:53:06.334+0000] {dagbag.py:545} INFO - Filling up the DagBag from /opt/airflow/dags/fetch_and_store.py
[2026-04-25T12:53:06.401+0000] {processor.py:842} WARNING - No viable dags retrieved from /opt/airflow/dags/fetch_and_store.py
[2026-04-25T12:53:06.406+0000] {processor.py:183} INFO - Processing /opt/airflow/dags/fetch_and_store.py took 0.077 seconds
[2026-04-25T12:53:37.268+0000] {processor.py:161} INFO - Started process (PID=337) to work on /opt/airflow/dags/fetch_and_store.py
[2026-04-25T12:53:37.268+0000] {processor.py:830} INFO - Processing file /opt/airflow/dags/fetch_and_store.py for tasks to queue
[2026-04-25T12:53:37.269+0000] {logging_mixin.py:188} INFO - [2026-04-25T12:53:37.269+0000] {dagbag.py:545} INFO - Filling up the DagBag from /opt/airflow/dags/fetch_and_store.py
[2026-04-25T12:53:37.339+0000] {processor.py:842} WARNING - No viable dags retrieved from /opt/airflow/dags/fetch_and_store.py
[2026-04-25T12:53:37.345+0000] {processor.py:183} INFO - Processing /opt/airflow/dags/fetch_and_store.py took 0.080 seconds
[2026-04-25T12:54:07.475+0000] {processor.py:161} INFO - Started process (PID=341) to work on /opt/airflow/dags/fetch_and_store.py
[2026-04-25T12:54:07.476+0000] {processor.py:830} INFO - Processing file /opt/airflow/dags/fetch_and_store.py for tasks to queue
[2026-04-25T12:54:07.477+0000] {logging_mixin.py:188} INFO - [2026-04-25T12:54:07.476+0000] {dagbag.py:545} INFO - Filling up the DagBag from /opt/airflow/dags/fetch_and_store.py
[2026-04-25T12:54:07.545+0000] {processor.py:842} WARNING - No viable dags retrieved from /opt/airflow/dags/fetch_and_store.py
[2026-04-25T12:54:07.552+0000] {processor.py:183} INFO - Processing /opt/airflow/dags/fetch_and_store.py took 0.080 seconds
[2026-04-25T12:54:38.187+0000] {processor.py:161} INFO - Started process (PID=345) to work on /opt/airflow/dags/fetch_and_store.py
[2026-04-25T12:54:38.188+0000] {processor.py:830} INFO - Processing file /opt/airflow/dags/fetch_and_store.py for tasks to queue
[2026-04-25T12:54:38.189+0000] {logging_mixin.py:188} INFO - [2026-04-25T12:54:38.189+0000] {dagbag.py:545} INFO - Filling up the DagBag from /opt/airflow/dags/fetch_and_store.py
[2026-04-25T12:54:38.262+0000] {processor.py:842} WARNING - No viable dags retrieved from /opt/airflow/dags/fetch_and_store.py
[2026-04-25T12:54:38.271+0000] {processor.py:183} INFO - Processing /opt/airflow/dags/fetch_and_store.py took 0.087 seconds
[2026-04-25T12:55:10.904+0000] {processor.py:161} INFO - Started process (PID=389) to work on /opt/airflow/dags/fetch_and_store.py
[2026-04-25T12:55:10.905+0000] {processor.py:830} INFO - Processing file /opt/airflow/dags/fetch_and_store.py for tasks to queue
[2026-04-25T12:55:10.906+0000] {logging_mixin.py:188} INFO - [2026-04-25T12:55:10.906+0000] {dagbag.py:545} INFO - Filling up the DagBag from /opt/airflow/dags/fetch_and_store.py
[2026-04-25T12:55:10.981+0000] {processor.py:842} WARNING - No viable dags retrieved from /opt/airflow/dags/fetch_and_store.py
[2026-04-25T12:55:10.987+0000] {processor.py:183} INFO - Processing /opt/airflow/dags/fetch_and_store.py took 0.087 seconds
[2026-04-25T12:55:41.171+0000] {processor.py:161} INFO - Started process (PID=393) to work on /opt/airflow/dags/fetch_and_store.py
[2026-04-25T12:55:41.172+0000] {processor.py:830} INFO - Processing file /opt/airflow/dags/fetch_and_store.py for tasks to queue
[2026-04-25T12:55:41.173+0000] {logging_mixin.py:188} INFO - [2026-04-25T12:55:41.173+0000] {dagbag.py:545} INFO - Filling up the DagBag from /opt/airflow/dags/fetch_and_store.py
[2026-04-25T12:55:41.241+0000] {processor.py:842} WARNING - No viable dags retrieved from /opt/airflow/dags/fetch_and_store.py
[2026-04-25T12:55:41.246+0000] {processor.py:183} INFO - Processing /opt/airflow/dags/fetch_and_store.py took 0.078 seconds
[2026-04-25T12:56:11.704+0000] {processor.py:161} INFO - Started process (PID=397) to work on /opt/airflow/dags/fetch_and_store.py
[2026-04-25T12:56:11.705+0000] {processor.py:830} INFO - Processing file /opt/airflow/dags/fetch_and_store.py for tasks to queue
[2026-04-25T12:56:11.706+0000] {logging_mixin.py:188} INFO - [2026-04-25T12:56:11.706+0000] {dagbag.py:545} INFO - Filling up the DagBag from /opt/airflow/dags/fetch_and_store.py
[2026-04-25T12:56:11.777+0000] {processor.py:842} WARNING - No viable dags retrieved from /opt/airflow/dags/fetch_and_store.py
[2026-04-25T12:56:11.782+0000] {processor.py:183} INFO - Processing /opt/airflow/dags/fetch_and_store.py took 0.081 seconds
[2026-04-25T12:56:42.906+0000] {processor.py:161} INFO - Started process (PID=401) to work on /opt/airflow/dags/fetch_and_store.py
[2026-04-25T12:56:42.907+0000] {processor.py:830} INFO - Processing file /opt/airflow/dags/fetch_and_store.py for tasks to queue
[2026-04-25T12:56:42.908+0000] {logging_mixin.py:188} INFO - [2026-04-25T12:56:42.908+0000] {dagbag.py:545} INFO - Filling up the DagBag from /opt/airflow/dags/fetch_and_store.py
[2026-04-25T12:56:42.975+0000] {processor.py:842} WARNING - No viable dags retrieved from /opt/airflow/dags/fetch_and_store.py
[2026-04-25T12:56:42.981+0000] {processor.py:183} INFO - Processing /opt/airflow/dags/fetch_and_store.py took 0.078 seconds
[2026-04-25T12:57:13.654+0000] {processor.py:161} INFO - Started process (PID=405) to work on /opt/airflow/dags/fetch_and_store.py
[2026-04-25T12:57:13.654+0000] {processor.py:830} INFO - Processing file /opt/airflow/dags/fetch_and_store.py for tasks to queue
[2026-04-25T12:57:13.655+0000] {logging_mixin.py:188} INFO - [2026-04-25T12:57:13.655+0000] {dagbag.py:545} INFO - Filling up the DagBag from /opt/airflow/dags/fetch_and_store.py
[2026-04-25T12:57:13.725+0000] {processor.py:842} WARNING - No viable dags retrieved from /opt/airflow/dags/fetch_and_store.py
[2026-04-25T12:57:13.730+0000] {processor.py:183} INFO - Processing /opt/airflow/dags/fetch_and_store.py took 0.079 seconds
[2026-04-25T12:57:44.292+0000] {processor.py:161} INFO - Started process (PID=409) to work on /opt/airflow/dags/fetch_and_store.py
[2026-04-25T12:57:44.292+0000] {processor.py:830} INFO - Processing file /opt/airflow/dags/fetch_and_store.py for tasks to queue
[2026-04-25T12:57:44.294+0000] {logging_mixin.py:188} INFO - [2026-04-25T12:57:44.294+0000] {dagbag.py:545} INFO - Filling up the DagBag from /opt/airflow/dags/fetch_and_store.py
[2026-04-25T12:57:44.363+0000] {processor.py:842} WARNING - No viable dags retrieved from /opt/airflow/dags/fetch_and_store.py
[2026-04-25T12:57:44.368+0000] {processor.py:183} INFO - Processing /opt/airflow/dags/fetch_and_store.py took 0.079 seconds
[2026-04-25T12:58:15.234+0000] {processor.py:161} INFO - Started process (PID=413) to work on /opt/airflow/dags/fetch_and_store.py
[2026-04-25T12:58:15.235+0000] {processor.py:830} INFO - Processing file /opt/airflow/dags/fetch_and_store.py for tasks to queue
[2026-04-25T12:58:15.236+0000] {logging_mixin.py:188} INFO - [2026-04-25T12:58:15.236+0000] {dagbag.py:545} INFO - Filling up the DagBag from /opt/airflow/dags/fetch_and_store.py
[2026-04-25T12:58:15.304+0000] {processor.py:842} WARNING - No viable dags retrieved from /opt/airflow/dags/fetch_and_store.py
[2026-04-25T12:58:15.308+0000] {processor.py:183} INFO - Processing /opt/airflow/dags/fetch_and_store.py took 0.077 seconds
[2026-04-25T12:58:46.282+0000] {processor.py:161} INFO - Started process (PID=417) to work on /opt/airflow/dags/fetch_and_store.py
[2026-04-25T12:58:46.283+0000] {processor.py:830} INFO - Processing file /opt/airflow/dags/fetch_and_store.py for tasks to queue
[2026-04-25T12:58:46.284+0000] {logging_mixin.py:188} INFO - [2026-04-25T12:58:46.284+0000] {dagbag.py:545} INFO - Filling up the DagBag from /opt/airflow/dags/fetch_and_store.py
[2026-04-25T12:58:46.356+0000] {processor.py:842} WARNING - No viable dags retrieved from /opt/airflow/dags/fetch_and_store.py
[2026-04-25T12:58:46.361+0000] {processor.py:183} INFO - Processing /opt/airflow/dags/fetch_and_store.py took 0.082 seconds
[2026-04-25T12:59:16.707+0000] {processor.py:161} INFO - Started process (PID=421) to work on /opt/airflow/dags/fetch_and_store.py
[2026-04-25T12:59:16.708+0000] {processor.py:830} INFO - Processing file /opt/airflow/dags/fetch_and_store.py for tasks to queue
[2026-04-25T12:59:16.709+0000] {logging_mixin.py:188} INFO - [2026-04-25T12:59:16.709+0000] {dagbag.py:545} INFO - Filling up the DagBag from /opt/airflow/dags/fetch_and_store.py
[2026-04-25T12:59:16.777+0000] {processor.py:842} WARNING - No viable dags retrieved from /opt/airflow/dags/fetch_and_store.py
[2026-04-25T12:59:16.781+0000] {processor.py:183} INFO - Processing /opt/airflow/dags/fetch_and_store.py took 0.077 seconds
[2026-04-25T12:59:47.017+0000] {processor.py:161} INFO - Started process (PID=425) to work on /opt/airflow/dags/fetch_and_store.py
[2026-04-25T12:59:47.018+0000] {processor.py:830} INFO - Processing file /opt/airflow/dags/fetch_and_store.py for tasks to queue
[2026-04-25T12:59:47.019+0000] {logging_mixin.py:188} INFO - [2026-04-25T12:59:47.019+0000] {dagbag.py:545} INFO - Filling up the DagBag from /opt/airflow/dags/fetch_and_store.py
[2026-04-25T12:59:47.085+0000] {processor.py:842} WARNING - No viable dags retrieved from /opt/airflow/dags/fetch_and_store.py
[2026-04-25T12:59:47.090+0000] {processor.py:183} INFO - Processing /opt/airflow/dags/fetch_and_store.py took 0.077 seconds
[2026-04-25T13:00:27.522+0000] {processor.py:161} INFO - Started process (PID=455) to work on /opt/airflow/dags/fetch_and_store.py
[2026-04-25T13:00:27.523+0000] {processor.py:830} INFO - Processing file /opt/airflow/dags/fetch_and_store.py for tasks to queue
[2026-04-25T13:00:27.524+0000] {logging_mixin.py:188} INFO - [2026-04-25T13:00:27.524+0000] {dagbag.py:545} INFO - Filling up the DagBag from /opt/airflow/dags/fetch_and_store.py
[2026-04-25T13:00:27.589+0000] {processor.py:842} WARNING - No viable dags retrieved from /opt/airflow/dags/fetch_and_store.py
[2026-04-25T13:00:27.595+0000] {processor.py:183} INFO - Processing /opt/airflow/dags/fetch_and_store.py took 0.076 seconds
[2026-04-25T13:00:58.221+0000] {processor.py:161} INFO - Started process (PID=459) to work on /opt/airflow/dags/fetch_and_store.py
[2026-04-25T13:00:58.221+0000] {processor.py:830} INFO - Processing file /opt/airflow/dags/fetch_and_store.py for tasks to queue
[2026-04-25T13:00:58.223+0000] {logging_mixin.py:188} INFO - [2026-04-25T13:00:58.222+0000] {dagbag.py:545} INFO - Filling up the DagBag from /opt/airflow/dags/fetch_and_store.py
[2026-04-25T13:00:58.295+0000] {processor.py:842} WARNING - No viable dags retrieved from /opt/airflow/dags/fetch_and_store.py
[2026-04-25T13:00:58.300+0000] {processor.py:183} INFO - Processing /opt/airflow/dags/fetch_and_store.py took 0.083 seconds
[2026-04-25T13:01:28.767+0000] {processor.py:161} INFO - Started process (PID=463) to work on /opt/airflow/dags/fetch_and_store.py
[2026-04-25T13:01:28.768+0000] {processor.py:830} INFO - Processing file /opt/airflow/dags/fetch_and_store.py for tasks to queue
[2026-04-25T13:01:28.770+0000] {logging_mixin.py:188} INFO - [2026-04-25T13:01:28.769+0000] {dagbag.py:545} INFO - Filling up the DagBag from /opt/airflow/dags/fetch_and_store.py
[2026-04-25T13:01:28.837+0000] {processor.py:842} WARNING - No viable dags retrieved from /opt/airflow/dags/fetch_and_store.py
[2026-04-25T13:01:28.843+0000] {processor.py:183} INFO - Processing /opt/airflow/dags/fetch_and_store.py took 0.079 seconds
[2026-04-25T13:01:58.958+0000] {processor.py:161} INFO - Started process (PID=467) to work on /opt/airflow/dags/fetch_and_store.py
[2026-04-25T13:01:58.959+0000] {processor.py:830} INFO - Processing file /opt/airflow/dags/fetch_and_store.py for tasks to queue
[2026-04-25T13:01:58.960+0000] {logging_mixin.py:188} INFO - [2026-04-25T13:01:58.959+0000] {dagbag.py:545} INFO - Filling up the DagBag from /opt/airflow/dags/fetch_and_store.py
[2026-04-25T13:01:59.022+0000] {processor.py:842} WARNING - No viable dags retrieved from /opt/airflow/dags/fetch_and_store.py
[2026-04-25T13:01:59.028+0000] {processor.py:183} INFO - Processing /opt/airflow/dags/fetch_and_store.py took 0.073 seconds
[2026-04-25T13:02:30.040+0000] {processor.py:161} INFO - Started process (PID=471) to work on /opt/airflow/dags/fetch_and_store.py
[2026-04-25T13:02:30.041+0000] {processor.py:830} INFO - Processing file /opt/airflow/dags/fetch_and_store.py for tasks to queue
[2026-04-25T13:02:30.042+0000] {logging_mixin.py:188} INFO - [2026-04-25T13:02:30.042+0000] {dagbag.py:545} INFO - Filling up the DagBag from /opt/airflow/dags/fetch_and_store.py
[2026-04-25T13:02:30.111+0000] {processor.py:842} WARNING - No viable dags retrieved from /opt/airflow/dags/fetch_and_store.py
[2026-04-25T13:02:30.116+0000] {processor.py:183} INFO - Processing /opt/airflow/dags/fetch_and_store.py took 0.079 seconds
[2026-04-25T13:03:00.533+0000] {processor.py:161} INFO - Started process (PID=475) to work on /opt/airflow/dags/fetch_and_store.py
[2026-04-25T13:03:00.534+0000] {processor.py:830} INFO - Processing file /opt/airflow/dags/fetch_and_store.py for tasks to queue
[2026-04-25T13:03:00.535+0000] {logging_mixin.py:188} INFO - [2026-04-25T13:03:00.535+0000] {dagbag.py:545} INFO - Filling up the DagBag from /opt/airflow/dags/fetch_and_store.py
[2026-04-25T13:03:00.605+0000] {processor.py:842} WARNING - No viable dags retrieved from /opt/airflow/dags/fetch_and_store.py
[2026-04-25T13:03:00.610+0000] {processor.py:183} INFO - Processing /opt/airflow/dags/fetch_and_store.py took 0.080 seconds
[2026-04-25T13:03:31.204+0000] {processor.py:161} INFO - Started process (PID=479) to work on /opt/airflow/dags/fetch_and_store.py
[2026-04-25T13:03:31.205+0000] {processor.py:830} INFO - Processing file /opt/airflow/dags/fetch_and_store.py for tasks to queue
[2026-04-25T13:03:31.206+0000] {logging_mixin.py:188} INFO - [2026-04-25T13:03:31.206+0000] {dagbag.py:545} INFO - Filling up the DagBag from /opt/airflow/dags/fetch_and_store.py
[2026-04-25T13:03:31.277+0000] {processor.py:842} WARNING - No viable dags retrieved from /opt/airflow/dags/fetch_and_store.py
[2026-04-25T13:03:31.284+0000] {processor.py:183} INFO - Processing /opt/airflow/dags/fetch_and_store.py took 0.083 seconds
[2026-04-25T13:04:01.831+0000] {processor.py:161} INFO - Started process (PID=483) to work on /opt/airflow/dags/fetch_and_store.py
[2026-04-25T13:04:01.831+0000] {processor.py:830} INFO - Processing file /opt/airflow/dags/fetch_and_store.py for tasks to queue
[2026-04-25T13:04:01.833+0000] {logging_mixin.py:188} INFO - [2026-04-25T13:04:01.832+0000] {dagbag.py:545} INFO - Filling up the DagBag from /opt/airflow/dags/fetch_and_store.py
[2026-04-25T13:04:01.909+0000] {processor.py:842} WARNING - No viable dags retrieved from /opt/airflow/dags/fetch_and_store.py
[2026-04-25T13:04:01.914+0000] {processor.py:183} INFO - Processing /opt/airflow/dags/fetch_and_store.py took 0.087 seconds
[2026-04-25T13:04:32.689+0000] {processor.py:161} INFO - Started process (PID=487) to work on /opt/airflow/dags/fetch_and_store.py
[2026-04-25T13:04:32.689+0000] {processor.py:830} INFO - Processing file /opt/airflow/dags/fetch_and_store.py for tasks to queue
[2026-04-25T13:04:32.691+0000] {logging_mixin.py:188} INFO - [2026-04-25T13:04:32.690+0000] {dagbag.py:545} INFO - Filling up the DagBag from /opt/airflow/dags/fetch_and_store.py
[2026-04-25T13:04:32.766+0000] {processor.py:842} WARNING - No viable dags retrieved from /opt/airflow/dags/fetch_and_store.py
[2026-04-25T13:04:32.773+0000] {processor.py:183} INFO - Processing /opt/airflow/dags/fetch_and_store.py took 0.088 seconds
[2026-04-25T13:05:52.638+0000] {processor.py:161} INFO - Started process (PID=552) to work on /opt/airflow/dags/fetch_and_store.py
[2026-04-25T13:05:52.639+0000] {processor.py:830} INFO - Processing file /opt/airflow/dags/fetch_and_store.py for tasks to queue
[2026-04-25T13:05:52.640+0000] {logging_mixin.py:188} INFO - [2026-04-25T13:05:52.639+0000] {dagbag.py:545} INFO - Filling up the DagBag from /opt/airflow/dags/fetch_and_store.py
[2026-04-25T13:05:52.787+0000] {processor.py:842} WARNING - No viable dags retrieved from /opt/airflow/dags/fetch_and_store.py
[2026-04-25T13:05:52.792+0000] {processor.py:183} INFO - Processing /opt/airflow/dags/fetch_and_store.py took 0.160 seconds
[2026-04-25T13:06:23.083+0000] {processor.py:161} INFO - Started process (PID=556) to work on /opt/airflow/dags/fetch_and_store.py
[2026-04-25T13:06:23.083+0000] {processor.py:830} INFO - Processing file /opt/airflow/dags/fetch_and_store.py for tasks to queue
[2026-04-25T13:06:23.084+0000] {logging_mixin.py:188} INFO - [2026-04-25T13:06:23.084+0000] {dagbag.py:545} INFO - Filling up the DagBag from /opt/airflow/dags/fetch_and_store.py
[2026-04-25T13:06:23.149+0000] {processor.py:842} WARNING - No viable dags retrieved from /opt/airflow/dags/fetch_and_store.py
[2026-04-25T13:06:23.155+0000] {processor.py:183} INFO - Processing /opt/airflow/dags/fetch_and_store.py took 0.076 seconds
[2026-04-25T13:06:53.649+0000] {processor.py:161} INFO - Started process (PID=560) to work on /opt/airflow/dags/fetch_and_store.py
[2026-04-25T13:06:53.650+0000] {processor.py:830} INFO - Processing file /opt/airflow/dags/fetch_and_store.py for tasks to queue
[2026-04-25T13:06:53.650+0000] {logging_mixin.py:188} INFO - [2026-04-25T13:06:53.650+0000] {dagbag.py:545} INFO - Filling up the DagBag from /opt/airflow/dags/fetch_and_store.py
[2026-04-25T13:06:53.712+0000] {processor.py:842} WARNING - No viable dags retrieved from /opt/airflow/dags/fetch_and_store.py
[2026-04-25T13:06:53.717+0000] {processor.py:183} INFO - Processing /opt/airflow/dags/fetch_and_store.py took 0.070 seconds
[2026-04-25T13:07:24.135+0000] {processor.py:161} INFO - Started process (PID=564) to work on /opt/airflow/dags/fetch_and_store.py
[2026-04-25T13:07:24.135+0000] {processor.py:830} INFO - Processing file /opt/airflow/dags/fetch_and_store.py for tasks to queue
[2026-04-25T13:07:24.136+0000] {logging_mixin.py:188} INFO - [2026-04-25T13:07:24.136+0000] {dagbag.py:545} INFO - Filling up the DagBag from /opt/airflow/dags/fetch_and_store.py
[2026-04-25T13:07:24.201+0000] {processor.py:842} WARNING - No viable dags retrieved from /opt/airflow/dags/fetch_and_store.py
[2026-04-25T13:07:24.207+0000] {processor.py:183} INFO - Processing /opt/airflow/dags/fetch_and_store.py took 0.075 seconds
[2026-04-25T13:07:54.529+0000] {processor.py:161} INFO - Started process (PID=568) to work on /opt/airflow/dags/fetch_and_store.py
[2026-04-25T13:07:54.530+0000] {processor.py:830} INFO - Processing file /opt/airflow/dags/fetch_and_store.py for tasks to queue
[2026-04-25T13:07:54.530+0000] {logging_mixin.py:188} INFO - [2026-04-25T13:07:54.530+0000] {dagbag.py:545} INFO - Filling up the DagBag from /opt/airflow/dags/fetch_and_store.py
[2026-04-25T13:07:54.591+0000] {processor.py:842} WARNING - No viable dags retrieved from /opt/airflow/dags/fetch_and_store.py
[2026-04-25T13:07:54.595+0000] {processor.py:183} INFO - Processing /opt/airflow/dags/fetch_and_store.py took 0.068 seconds
[2026-04-25T13:08:24.929+0000] {processor.py:161} INFO - Started process (PID=572) to work on /opt/airflow/dags/fetch_and_store.py
[2026-04-25T13:08:24.929+0000] {processor.py:830} INFO - Processing file /opt/airflow/dags/fetch_and_store.py for tasks to queue
[2026-04-25T13:08:24.930+0000] {logging_mixin.py:188} INFO - [2026-04-25T13:08:24.929+0000] {dagbag.py:545} INFO - Filling up the DagBag from /opt/airflow/dags/fetch_and_store.py
[2026-04-25T13:08:24.990+0000] {processor.py:842} WARNING - No viable dags retrieved from /opt/airflow/dags/fetch_and_store.py
[2026-04-25T13:08:24.995+0000] {processor.py:183} INFO - Processing /opt/airflow/dags/fetch_and_store.py took 0.069 seconds
[2026-04-25T13:08:55.691+0000] {processor.py:161} INFO - Started process (PID=576) to work on /opt/airflow/dags/fetch_and_store.py
[2026-04-25T13:08:55.691+0000] {processor.py:830} INFO - Processing file /opt/airflow/dags/fetch_and_store.py for tasks to queue
[2026-04-25T13:08:55.692+0000] {logging_mixin.py:188} INFO - [2026-04-25T13:08:55.692+0000] {dagbag.py:545} INFO - Filling up the DagBag from /opt/airflow/dags/fetch_and_store.py
[2026-04-25T13:08:55.753+0000] {processor.py:842} WARNING - No viable dags retrieved from /opt/airflow/dags/fetch_and_store.py
[2026-04-25T13:08:55.758+0000] {processor.py:183} INFO - Processing /opt/airflow/dags/fetch_and_store.py took 0.070 seconds
[2026-04-25T13:09:25.826+0000] {processor.py:161} INFO - Started process (PID=580) to work on /opt/airflow/dags/fetch_and_store.py
[2026-04-25T13:09:25.827+0000] {processor.py:830} INFO - Processing file /opt/airflow/dags/fetch_and_store.py for tasks to queue
[2026-04-25T13:09:25.828+0000] {logging_mixin.py:188} INFO - [2026-04-25T13:09:25.828+0000] {dagbag.py:545} INFO - Filling up the DagBag from /opt/airflow/dags/fetch_and_store.py
[2026-04-25T13:09:25.899+0000] {processor.py:842} WARNING - No viable dags retrieved from /opt/airflow/dags/fetch_and_store.py
[2026-04-25T13:09:25.907+0000] {processor.py:183} INFO - Processing /opt/airflow/dags/fetch_and_store.py took 0.083 seconds
[2026-04-25T13:09:56.764+0000] {processor.py:161} INFO - Started process (PID=584) to work on /opt/airflow/dags/fetch_and_store.py
[2026-04-25T13:09:56.765+0000] {processor.py:830} INFO - Processing file /opt/airflow/dags/fetch_and_store.py for tasks to queue
[2026-04-25T13:09:56.765+0000] {logging_mixin.py:188} INFO - [2026-04-25T13:09:56.765+0000] {dagbag.py:545} INFO - Filling up the DagBag from /opt/airflow/dags/fetch_and_store.py
[2026-04-25T13:09:56.834+0000] {processor.py:842} WARNING - No viable dags retrieved from /opt/airflow/dags/fetch_and_store.py
[2026-04-25T13:09:56.841+0000] {processor.py:183} INFO - Processing /opt/airflow/dags/fetch_and_store.py took 0.081 seconds
[2026-04-25T13:10:27.686+0000] {processor.py:161} INFO - Started process (PID=628) to work on /opt/airflow/dags/fetch_and_store.py
[2026-04-25T13:10:27.687+0000] {processor.py:830} INFO - Processing file /opt/airflow/dags/fetch_and_store.py for tasks to queue
[2026-04-25T13:10:27.688+0000] {logging_mixin.py:188} INFO - [2026-04-25T13:10:27.687+0000] {dagbag.py:545} INFO - Filling up the DagBag from /opt/airflow/dags/fetch_and_store.py
[2026-04-25T13:10:27.755+0000] {processor.py:842} WARNING - No viable dags retrieved from /opt/airflow/dags/fetch_and_store.py
[2026-04-25T13:10:27.760+0000] {processor.py:183} INFO - Processing /opt/airflow/dags/fetch_and_store.py took 0.077 seconds
[2026-04-25T13:10:57.822+0000] {processor.py:161} INFO - Started process (PID=632) to work on /opt/airflow/dags/fetch_and_store.py
[2026-04-25T13:10:57.822+0000] {processor.py:830} INFO - Processing file /opt/airflow/dags/fetch_and_store.py for tasks to queue
[2026-04-25T13:10:57.823+0000] {logging_mixin.py:188} INFO - [2026-04-25T13:10:57.823+0000] {dagbag.py:545} INFO - Filling up the DagBag from /opt/airflow/dags/fetch_and_store.py
[2026-04-25T13:10:57.888+0000] {processor.py:842} WARNING - No viable dags retrieved from /opt/airflow/dags/fetch_and_store.py
[2026-04-25T13:10:57.892+0000] {processor.py:183} INFO - Processing /opt/airflow/dags/fetch_and_store.py took 0.073 seconds
[2026-04-25T13:11:28.657+0000] {processor.py:161} INFO - Started process (PID=636) to work on /opt/airflow/dags/fetch_and_store.py
[2026-04-25T13:11:28.658+0000] {processor.py:830} INFO - Processing file /opt/airflow/dags/fetch_and_store.py for tasks to queue
[2026-04-25T13:11:28.659+0000] {logging_mixin.py:188} INFO - [2026-04-25T13:11:28.659+0000] {dagbag.py:545} INFO - Filling up the DagBag from /opt/airflow/dags/fetch_and_store.py
[2026-04-25T13:11:28.728+0000] {processor.py:842} WARNING - No viable dags retrieved from /opt/airflow/dags/fetch_and_store.py
[2026-04-25T13:11:28.734+0000] {processor.py:183} INFO - Processing /opt/airflow/dags/fetch_and_store.py took 0.080 seconds
[2026-04-25T13:11:58.814+0000] {processor.py:161} INFO - Started process (PID=640) to work on /opt/airflow/dags/fetch_and_store.py
[2026-04-25T13:11:58.814+0000] {processor.py:830} INFO - Processing file /opt/airflow/dags/fetch_and_store.py for tasks to queue
[2026-04-25T13:11:58.815+0000] {logging_mixin.py:188} INFO - [2026-04-25T13:11:58.815+0000] {dagbag.py:545} INFO - Filling up the DagBag from /opt/airflow/dags/fetch_and_store.py
[2026-04-25T13:11:58.880+0000] {processor.py:842} WARNING - No viable dags retrieved from /opt/airflow/dags/fetch_and_store.py
[2026-04-25T13:11:58.885+0000] {processor.py:183} INFO - Processing /opt/airflow/dags/fetch_and_store.py took 0.074 seconds
[2026-04-25T13:12:29.459+0000] {processor.py:161} INFO - Started process (PID=644) to work on /opt/airflow/dags/fetch_and_store.py
[2026-04-25T13:12:29.460+0000] {processor.py:830} INFO - Processing file /opt/airflow/dags/fetch_and_store.py for tasks to queue
[2026-04-25T13:12:29.460+0000] {logging_mixin.py:188} INFO - [2026-04-25T13:12:29.460+0000] {dagbag.py:545} INFO - Filling up the DagBag from /opt/airflow/dags/fetch_and_store.py
[2026-04-25T13:12:29.523+0000] {processor.py:842} WARNING - No viable dags retrieved from /opt/airflow/dags/fetch_and_store.py
[2026-04-25T13:12:29.528+0000] {processor.py:183} INFO - Processing /opt/airflow/dags/fetch_and_store.py took 0.072 seconds
[2026-04-25T13:13:00.036+0000] {processor.py:161} INFO - Started process (PID=648) to work on /opt/airflow/dags/fetch_and_store.py
[2026-04-25T13:13:00.037+0000] {processor.py:830} INFO - Processing file /opt/airflow/dags/fetch_and_store.py for tasks to queue
[2026-04-25T13:13:00.038+0000] {logging_mixin.py:188} INFO - [2026-04-25T13:13:00.037+0000] {dagbag.py:545} INFO - Filling up the DagBag from /opt/airflow/dags/fetch_and_store.py
[2026-04-25T13:13:00.102+0000] {processor.py:842} WARNING - No viable dags retrieved from /opt/airflow/dags/fetch_and_store.py
[2026-04-25T13:13:00.106+0000] {processor.py:183} INFO - Processing /opt/airflow/dags/fetch_and_store.py took 0.073 seconds
[2026-04-25T13:13:30.856+0000] {processor.py:161} INFO - Started process (PID=652) to work on /opt/airflow/dags/fetch_and_store.py
[2026-04-25T13:13:30.856+0000] {processor.py:830} INFO - Processing file /opt/airflow/dags/fetch_and_store.py for tasks to queue
[2026-04-25T13:13:30.857+0000] {logging_mixin.py:188} INFO - [2026-04-25T13:13:30.857+0000] {dagbag.py:545} INFO - Filling up the DagBag from /opt/airflow/dags/fetch_and_store.py
[2026-04-25T13:13:30.917+0000] {processor.py:842} WARNING - No viable dags retrieved from /opt/airflow/dags/fetch_and_store.py
[2026-04-25T13:13:30.921+0000] {processor.py:183} INFO - Processing /opt/airflow/dags/fetch_and_store.py took 0.068 seconds
[2026-04-25T13:14:00.975+0000] {processor.py:161} INFO - Started process (PID=656) to work on /opt/airflow/dags/fetch_and_store.py
[2026-04-25T13:14:00.976+0000] {processor.py:830} INFO - Processing file /opt/airflow/dags/fetch_and_store.py for tasks to queue
[2026-04-25T13:14:00.977+0000] {logging_mixin.py:188} INFO - [2026-04-25T13:14:00.976+0000] {dagbag.py:545} INFO - Filling up the DagBag from /opt/airflow/dags/fetch_and_store.py
[2026-04-25T13:14:01.053+0000] {processor.py:842} WARNING - No viable dags retrieved from /opt/airflow/dags/fetch_and_store.py
[2026-04-25T13:14:01.059+0000] {processor.py:183} INFO - Processing /opt/airflow/dags/fetch_and_store.py took 0.087 seconds
[2026-04-25T13:14:31.149+0000] {processor.py:161} INFO - Started process (PID=660) to work on /opt/airflow/dags/fetch_and_store.py
[2026-04-25T13:14:31.150+0000] {processor.py:830} INFO - Processing file /opt/airflow/dags/fetch_and_store.py for tasks to queue
[2026-04-25T13:14:31.151+0000] {logging_mixin.py:188} INFO - [2026-04-25T13:14:31.151+0000] {dagbag.py:545} INFO - Filling up the DagBag from /opt/airflow/dags/fetch_and_store.py
[2026-04-25T13:14:31.217+0000] {processor.py:842} WARNING - No viable dags retrieved from /opt/airflow/dags/fetch_and_store.py
[2026-04-25T13:14:31.221+0000] {processor.py:183} INFO - Processing /opt/airflow/dags/fetch_and_store.py took 0.075 seconds
[2026-04-25T13:15:01.863+0000] {processor.py:161} INFO - Started process (PID=664) to work on /opt/airflow/dags/fetch_and_store.py
[2026-04-25T13:15:01.863+0000] {processor.py:830} INFO - Processing file /opt/airflow/dags/fetch_and_store.py for tasks to queue
[2026-04-25T13:15:01.864+0000] {logging_mixin.py:188} INFO - [2026-04-25T13:15:01.864+0000] {dagbag.py:545} INFO - Filling up the DagBag from /opt/airflow/dags/fetch_and_store.py
[2026-04-25T13:15:01.933+0000] {processor.py:842} WARNING - No viable dags retrieved from /opt/airflow/dags/fetch_and_store.py
[2026-04-25T13:15:01.942+0000] {processor.py:183} INFO - Processing /opt/airflow/dags/fetch_and_store.py took 0.082 seconds
[2026-04-25T13:15:32.336+0000] {processor.py:161} INFO - Started process (PID=708) to work on /opt/airflow/dags/fetch_and_store.py
[2026-04-25T13:15:32.337+0000] {processor.py:830} INFO - Processing file /opt/airflow/dags/fetch_and_store.py for tasks to queue
[2026-04-25T13:15:32.338+0000] {logging_mixin.py:188} INFO - [2026-04-25T13:15:32.337+0000] {dagbag.py:545} INFO - Filling up the DagBag from /opt/airflow/dags/fetch_and_store.py
[2026-04-25T13:15:32.405+0000] {processor.py:842} WARNING - No viable dags retrieved from /opt/airflow/dags/fetch_and_store.py
[2026-04-25T13:15:32.410+0000] {processor.py:183} INFO - Processing /opt/airflow/dags/fetch_and_store.py took 0.076 seconds
[2026-04-25T13:16:03.037+0000] {processor.py:161} INFO - Started process (PID=712) to work on /opt/airflow/dags/fetch_and_store.py
[2026-04-25T13:16:03.037+0000] {processor.py:830} INFO - Processing file /opt/airflow/dags/fetch_and_store.py for tasks to queue
[2026-04-25T13:16:03.038+0000] {logging_mixin.py:188} INFO - [2026-04-25T13:16:03.038+0000] {dagbag.py:545} INFO - Filling up the DagBag from /opt/airflow/dags/fetch_and_store.py
[2026-04-25T13:16:03.103+0000] {processor.py:842} WARNING - No viable dags retrieved from /opt/airflow/dags/fetch_and_store.py
[2026-04-25T13:16:03.107+0000] {processor.py:183} INFO - Processing /opt/airflow/dags/fetch_and_store.py took 0.073 seconds
[2026-04-25T13:16:33.357+0000] {processor.py:161} INFO - Started process (PID=716) to work on /opt/airflow/dags/fetch_and_store.py
[2026-04-25T13:16:33.357+0000] {processor.py:830} INFO - Processing file /opt/airflow/dags/fetch_and_store.py for tasks to queue
[2026-04-25T13:16:33.358+0000] {logging_mixin.py:188} INFO - [2026-04-25T13:16:33.358+0000] {dagbag.py:545} INFO - Filling up the DagBag from /opt/airflow/dags/fetch_and_store.py
[2026-04-25T13:16:33.425+0000] {processor.py:842} WARNING - No viable dags retrieved from /opt/airflow/dags/fetch_and_store.py
[2026-04-25T13:16:33.430+0000] {processor.py:183} INFO - Processing /opt/airflow/dags/fetch_and_store.py took 0.076 seconds
[2026-04-25T13:17:00.233+0000] {processor.py:161} INFO - Started process (PID=720) to work on /opt/airflow/dags/fetch_and_store.py
[2026-04-25T13:17:00.234+0000] {processor.py:830} INFO - Processing file /opt/airflow/dags/fetch_and_store.py for tasks to queue
[2026-04-25T13:17:00.235+0000] {logging_mixin.py:188} INFO - [2026-04-25T13:17:00.235+0000] {dagbag.py:545} INFO - Filling up the DagBag from /opt/airflow/dags/fetch_and_store.py
[2026-04-25T13:17:00.306+0000] {processor.py:842} WARNING - No viable dags retrieved from /opt/airflow/dags/fetch_and_store.py
[2026-04-25T13:17:00.310+0000] {processor.py:183} INFO - Processing /opt/airflow/dags/fetch_and_store.py took 0.080 seconds
[2026-04-25T13:17:30.377+0000] {processor.py:161} INFO - Started process (PID=722) to work on /opt/airflow/dags/fetch_and_store.py
[2026-04-25T13:17:30.378+0000] {processor.py:830} INFO - Processing file /opt/airflow/dags/fetch_and_store.py for tasks to queue
[2026-04-25T13:17:30.379+0000] {logging_mixin.py:188} INFO - [2026-04-25T13:17:30.378+0000] {dagbag.py:545} INFO - Filling up the DagBag from /opt/airflow/dags/fetch_and_store.py
[2026-04-25T13:17:30.458+0000] {processor.py:842} WARNING - No viable dags retrieved from /opt/airflow/dags/fetch_and_store.py
[2026-04-25T13:17:30.466+0000] {processor.py:183} INFO - Processing /opt/airflow/dags/fetch_and_store.py took 0.093 seconds
[2026-04-25T13:18:00.735+0000] {processor.py:161} INFO - Started process (PID=726) to work on /opt/airflow/dags/fetch_and_store.py
[2026-04-25T13:18:00.736+0000] {processor.py:830} INFO - Processing file /opt/airflow/dags/fetch_and_store.py for tasks to queue
[2026-04-25T13:18:00.737+0000] {logging_mixin.py:188} INFO - [2026-04-25T13:18:00.736+0000] {dagbag.py:545} INFO - Filling up the DagBag from /opt/airflow/dags/fetch_and_store.py
[2026-04-25T13:18:00.818+0000] {processor.py:842} WARNING - No viable dags retrieved from /opt/airflow/dags/fetch_and_store.py
[2026-04-25T13:18:00.826+0000] {processor.py:183} INFO - Processing /opt/airflow/dags/fetch_and_store.py took 0.095 seconds
[2026-04-25T13:18:31.441+0000] {processor.py:161} INFO - Started process (PID=730) to work on /opt/airflow/dags/fetch_and_store.py
[2026-04-25T13:18:31.441+0000] {processor.py:830} INFO - Processing file /opt/airflow/dags/fetch_and_store.py for tasks to queue
[2026-04-25T13:18:31.442+0000] {logging_mixin.py:188} INFO - [2026-04-25T13:18:31.442+0000] {dagbag.py:545} INFO - Filling up the DagBag from /opt/airflow/dags/fetch_and_store.py
[2026-04-25T13:18:31.508+0000] {processor.py:842} WARNING - No viable dags retrieved from /opt/airflow/dags/fetch_and_store.py
[2026-04-25T13:18:31.516+0000] {processor.py:183} INFO - Processing /opt/airflow/dags/fetch_and_store.py took 0.078 seconds
[2026-04-25T13:19:02.023+0000] {processor.py:161} INFO - Started process (PID=734) to work on /opt/airflow/dags/fetch_and_store.py
[2026-04-25T13:19:02.024+0000] {processor.py:830} INFO - Processing file /opt/airflow/dags/fetch_and_store.py for tasks to queue
[2026-04-25T13:19:02.025+0000] {logging_mixin.py:188} INFO - [2026-04-25T13:19:02.025+0000] {dagbag.py:545} INFO - Filling up the DagBag from /opt/airflow/dags/fetch_and_store.py
[2026-04-25T13:19:02.100+0000] {processor.py:842} WARNING - No viable dags retrieved from /opt/airflow/dags/fetch_and_store.py
[2026-04-25T13:19:02.108+0000] {processor.py:183} INFO - Processing /opt/airflow/dags/fetch_and_store.py took 0.088 seconds
[2026-04-25T13:19:32.764+0000] {processor.py:161} INFO - Started process (PID=738) to work on /opt/airflow/dags/fetch_and_store.py
[2026-04-25T13:19:32.765+0000] {processor.py:830} INFO - Processing file /opt/airflow/dags/fetch_and_store.py for tasks to queue
[2026-04-25T13:19:32.766+0000] {logging_mixin.py:188} INFO - [2026-04-25T13:19:32.765+0000] {dagbag.py:545} INFO - Filling up the DagBag from /opt/airflow/dags/fetch_and_store.py
[2026-04-25T13:19:32.842+0000] {processor.py:842} WARNING - No viable dags retrieved from /opt/airflow/dags/fetch_and_store.py
[2026-04-25T13:19:32.850+0000] {processor.py:183} INFO - Processing /opt/airflow/dags/fetch_and_store.py took 0.089 seconds
[2026-04-25T13:20:22.235+0000] {processor.py:161} INFO - Started process (PID=784) to work on /opt/airflow/dags/fetch_and_store.py
[2026-04-25T13:20:22.235+0000] {processor.py:830} INFO - Processing file /opt/airflow/dags/fetch_and_store.py for tasks to queue
[2026-04-25T13:20:22.236+0000] {logging_mixin.py:188} INFO - [2026-04-25T13:20:22.235+0000] {dagbag.py:545} INFO - Filling up the DagBag from /opt/airflow/dags/fetch_and_store.py
[2026-04-25T13:20:22.296+0000] {processor.py:842} WARNING - No viable dags retrieved from /opt/airflow/dags/fetch_and_store.py
[2026-04-25T13:20:22.300+0000] {processor.py:183} INFO - Processing /opt/airflow/dags/fetch_and_store.py took 0.068 seconds
[2026-04-25T13:20:52.536+0000] {processor.py:161} INFO - Started process (PID=788) to work on /opt/airflow/dags/fetch_and_store.py
[2026-04-25T13:20:52.537+0000] {processor.py:830} INFO - Processing file /opt/airflow/dags/fetch_and_store.py for tasks to queue
[2026-04-25T13:20:52.538+0000] {logging_mixin.py:188} INFO - [2026-04-25T13:20:52.538+0000] {dagbag.py:545} INFO - Filling up the DagBag from /opt/airflow/dags/fetch_and_store.py
[2026-04-25T13:20:52.607+0000] {processor.py:842} WARNING - No viable dags retrieved from /opt/airflow/dags/fetch_and_store.py
[2026-04-25T13:20:52.613+0000] {processor.py:183} INFO - Processing /opt/airflow/dags/fetch_and_store.py took 0.079 seconds
[2026-04-25T13:21:22.894+0000] {processor.py:161} INFO - Started process (PID=792) to work on /opt/airflow/dags/fetch_and_store.py
[2026-04-25T13:21:22.895+0000] {processor.py:830} INFO - Processing file /opt/airflow/dags/fetch_and_store.py for tasks to queue
[2026-04-25T13:21:22.895+0000] {logging_mixin.py:188} INFO - [2026-04-25T13:21:22.895+0000] {dagbag.py:545} INFO - Filling up the DagBag from /opt/airflow/dags/fetch_and_store.py
[2026-04-25T13:21:22.957+0000] {processor.py:842} WARNING - No viable dags retrieved from /opt/airflow/dags/fetch_and_store.py
[2026-04-25T13:21:22.964+0000] {processor.py:183} INFO - Processing /opt/airflow/dags/fetch_and_store.py took 0.072 seconds
[2026-04-25T13:21:53.056+0000] {processor.py:161} INFO - Started process (PID=796) to work on /opt/airflow/dags/fetch_and_store.py
[2026-04-25T13:21:53.057+0000] {processor.py:830} INFO - Processing file /opt/airflow/dags/fetch_and_store.py for tasks to queue
[2026-04-25T13:21:53.057+0000] {logging_mixin.py:188} INFO - [2026-04-25T13:21:53.057+0000] {dagbag.py:545} INFO - Filling up the DagBag from /opt/airflow/dags/fetch_and_store.py
[2026-04-25T13:21:53.122+0000] {processor.py:842} WARNING - No viable dags retrieved from /opt/airflow/dags/fetch_and_store.py
[2026-04-25T13:21:53.126+0000] {processor.py:183} INFO - Processing /opt/airflow/dags/fetch_and_store.py took 0.073 seconds
[2026-04-25T13:22:11.527+0000] {processor.py:161} INFO - Started process (PID=798) to work on /opt/airflow/dags/fetch_and_store.py
[2026-04-25T13:22:11.527+0000] {processor.py:830} INFO - Processing file /opt/airflow/dags/fetch_and_store.py for tasks to queue
[2026-04-25T13:22:11.528+0000] {logging_mixin.py:188} INFO - [2026-04-25T13:22:11.528+0000] {dagbag.py:545} INFO - Filling up the DagBag from /opt/airflow/dags/fetch_and_store.py
[2026-04-25T13:22:11.609+0000] {processor.py:842} WARNING - No viable dags retrieved from /opt/airflow/dags/fetch_and_store.py
[2026-04-25T13:22:11.615+0000] {processor.py:183} INFO - Processing /opt/airflow/dags/fetch_and_store.py took 0.091 seconds
[2026-04-25T13:22:12.666+0000] {processor.py:161} INFO - Started process (PID=800) to work on /opt/airflow/dags/fetch_and_store.py
[2026-04-25T13:22:12.666+0000] {processor.py:830} INFO - Processing file /opt/airflow/dags/fetch_and_store.py for tasks to queue
[2026-04-25T13:22:12.667+0000] {logging_mixin.py:188} INFO - [2026-04-25T13:22:12.667+0000] {dagbag.py:545} INFO - Filling up the DagBag from /opt/airflow/dags/fetch_and_store.py
[2026-04-25T13:22:12.735+0000] {processor.py:842} WARNING - No viable dags retrieved from /opt/airflow/dags/fetch_and_store.py
[2026-04-25T13:22:12.739+0000] {processor.py:183} INFO - Processing /opt/airflow/dags/fetch_and_store.py took 0.077 seconds
[2026-04-25T13:22:13.154+0000] {processor.py:161} INFO - Started process (PID=802) to work on /opt/airflow/dags/fetch_and_store.py
[2026-04-25T13:22:13.154+0000] {processor.py:830} INFO - Processing file /opt/airflow/dags/fetch_and_store.py for tasks to queue
[2026-04-25T13:22:13.155+0000] {logging_mixin.py:188} INFO - [2026-04-25T13:22:13.155+0000] {dagbag.py:545} INFO - Filling up the DagBag from /opt/airflow/dags/fetch_and_store.py
[2026-04-25T13:22:13.222+0000] {processor.py:842} WARNING - No viable dags retrieved from /opt/airflow/dags/fetch_and_store.py
[2026-04-25T13:22:13.226+0000] {processor.py:183} INFO - Processing /opt/airflow/dags/fetch_and_store.py took 0.076 seconds
[2026-04-25T13:22:13.507+0000] {processor.py:161} INFO - Started process (PID=804) to work on /opt/airflow/dags/fetch_and_store.py
[2026-04-25T13:22:13.507+0000] {processor.py:830} INFO - Processing file /opt/airflow/dags/fetch_and_store.py for tasks to queue
[2026-04-25T13:22:13.508+0000] {logging_mixin.py:188} INFO - [2026-04-25T13:22:13.508+0000] {dagbag.py:545} INFO - Filling up the DagBag from /opt/airflow/dags/fetch_and_store.py
[2026-04-25T13:22:13.572+0000] {processor.py:842} WARNING - No viable dags retrieved from /opt/airflow/dags/fetch_and_store.py
[2026-04-25T13:22:13.576+0000] {processor.py:183} INFO - Processing /opt/airflow/dags/fetch_and_store.py took 0.072 seconds
[2026-04-25T13:22:14.646+0000] {processor.py:161} INFO - Started process (PID=806) to work on /opt/airflow/dags/fetch_and_store.py
[2026-04-25T13:22:14.647+0000] {processor.py:830} INFO - Processing file /opt/airflow/dags/fetch_and_store.py for tasks to queue
[2026-04-25T13:22:14.647+0000] {logging_mixin.py:188} INFO - [2026-04-25T13:22:14.647+0000] {dagbag.py:545} INFO - Filling up the DagBag from /opt/airflow/dags/fetch_and_store.py
[2026-04-25T13:22:14.710+0000] {processor.py:842} WARNING - No viable dags retrieved from /opt/airflow/dags/fetch_and_store.py
[2026-04-25T13:22:14.714+0000] {processor.py:183} INFO - Processing /opt/airflow/dags/fetch_and_store.py took 0.071 seconds
[2026-04-25T13:22:15.514+0000] {processor.py:161} INFO - Started process (PID=808) to work on /opt/airflow/dags/fetch_and_store.py
[2026-04-25T13:22:15.515+0000] {processor.py:830} INFO - Processing file /opt/airflow/dags/fetch_and_store.py for tasks to queue
[2026-04-25T13:22:15.516+0000] {logging_mixin.py:188} INFO - [2026-04-25T13:22:15.515+0000] {dagbag.py:545} INFO - Filling up the DagBag from /opt/airflow/dags/fetch_and_store.py
[2026-04-25T13:22:15.591+0000] {processor.py:842} WARNING - No viable dags retrieved from /opt/airflow/dags/fetch_and_store.py
[2026-04-25T13:22:15.598+0000] {processor.py:183} INFO - Processing /opt/airflow/dags/fetch_and_store.py took 0.087 seconds
[2026-04-25T13:22:46.138+0000] {processor.py:161} INFO - Started process (PID=812) to work on /opt/airflow/dags/fetch_and_store.py
[2026-04-25T13:22:46.138+0000] {processor.py:830} INFO - Processing file /opt/airflow/dags/fetch_and_store.py for tasks to queue
[2026-04-25T13:22:46.139+0000] {logging_mixin.py:188} INFO - [2026-04-25T13:22:46.139+0000] {dagbag.py:545} INFO - Filling up the DagBag from /opt/airflow/dags/fetch_and_store.py
[2026-04-25T13:22:46.212+0000] {processor.py:842} WARNING - No viable dags retrieved from /opt/airflow/dags/fetch_and_store.py
[2026-04-25T13:22:46.220+0000] {processor.py:183} INFO - Processing /opt/airflow/dags/fetch_and_store.py took 0.084 seconds
[2026-04-25T13:23:16.901+0000] {processor.py:161} INFO - Started process (PID=826) to work on /opt/airflow/dags/fetch_and_store.py
[2026-04-25T13:23:16.902+0000] {processor.py:830} INFO - Processing file /opt/airflow/dags/fetch_and_store.py for tasks to queue
[2026-04-25T13:23:16.902+0000] {logging_mixin.py:188} INFO - [2026-04-25T13:23:16.902+0000] {dagbag.py:545} INFO - Filling up the DagBag from /opt/airflow/dags/fetch_and_store.py
[2026-04-25T13:23:16.966+0000] {processor.py:842} WARNING - No viable dags retrieved from /opt/airflow/dags/fetch_and_store.py
[2026-04-25T13:23:16.970+0000] {processor.py:183} INFO - Processing /opt/airflow/dags/fetch_and_store.py took 0.071 seconds
[2026-04-25T13:23:47.866+0000] {processor.py:161} INFO - Started process (PID=830) to work on /opt/airflow/dags/fetch_and_store.py
[2026-04-25T13:23:47.866+0000] {processor.py:830} INFO - Processing file /opt/airflow/dags/fetch_and_store.py for tasks to queue
[2026-04-25T13:23:47.867+0000] {logging_mixin.py:188} INFO - [2026-04-25T13:23:47.867+0000] {dagbag.py:545} INFO - Filling up the DagBag from /opt/airflow/dags/fetch_and_store.py
[2026-04-25T13:23:47.932+0000] {processor.py:842} WARNING - No viable dags retrieved from /opt/airflow/dags/fetch_and_store.py
[2026-04-25T13:23:47.937+0000] {processor.py:183} INFO - Processing /opt/airflow/dags/fetch_and_store.py took 0.074 seconds
[2026-04-25T13:24:06.874+0000] {processor.py:161} INFO - Started process (PID=834) to work on /opt/airflow/dags/fetch_and_store.py
[2026-04-25T13:24:06.874+0000] {processor.py:830} INFO - Processing file /opt/airflow/dags/fetch_and_store.py for tasks to queue
[2026-04-25T13:24:06.875+0000] {logging_mixin.py:188} INFO - [2026-04-25T13:24:06.875+0000] {dagbag.py:545} INFO - Filling up the DagBag from /opt/airflow/dags/fetch_and_store.py
[2026-04-25T13:24:06.949+0000] {processor.py:842} WARNING - No viable dags retrieved from /opt/airflow/dags/fetch_and_store.py
[2026-04-25T13:24:06.955+0000] {processor.py:183} INFO - Processing /opt/airflow/dags/fetch_and_store.py took 0.084 seconds
[2026-04-25T13:24:08.012+0000] {processor.py:161} INFO - Started process (PID=836) to work on /opt/airflow/dags/fetch_and_store.py
[2026-04-25T13:24:08.013+0000] {processor.py:830} INFO - Processing file /opt/airflow/dags/fetch_and_store.py for tasks to queue
[2026-04-25T13:24:08.014+0000] {logging_mixin.py:188} INFO - [2026-04-25T13:24:08.013+0000] {dagbag.py:545} INFO - Filling up the DagBag from /opt/airflow/dags/fetch_and_store.py
[2026-04-25T13:24:08.082+0000] {processor.py:842} WARNING - No viable dags retrieved from /opt/airflow/dags/fetch_and_store.py
[2026-04-25T13:24:08.087+0000] {processor.py:183} INFO - Processing /opt/airflow/dags/fetch_and_store.py took 0.078 seconds
[2026-04-25T13:24:09.146+0000] {processor.py:161} INFO - Started process (PID=838) to work on /opt/airflow/dags/fetch_and_store.py
[2026-04-25T13:24:09.147+0000] {processor.py:830} INFO - Processing file /opt/airflow/dags/fetch_and_store.py for tasks to queue
[2026-04-25T13:24:09.148+0000] {logging_mixin.py:188} INFO - [2026-04-25T13:24:09.148+0000] {dagbag.py:545} INFO - Filling up the DagBag from /opt/airflow/dags/fetch_and_store.py
[2026-04-25T13:24:09.213+0000] {processor.py:842} WARNING - No viable dags retrieved from /opt/airflow/dags/fetch_and_store.py
[2026-04-25T13:24:09.218+0000] {processor.py:183} INFO - Processing /opt/airflow/dags/fetch_and_store.py took 0.075 seconds
[2026-04-25T13:24:09.626+0000] {processor.py:161} INFO - Started process (PID=840) to work on /opt/airflow/dags/fetch_and_store.py
[2026-04-25T13:24:09.626+0000] {processor.py:830} INFO - Processing file /opt/airflow/dags/fetch_and_store.py for tasks to queue
[2026-04-25T13:24:09.627+0000] {logging_mixin.py:188} INFO - [2026-04-25T13:24:09.627+0000] {dagbag.py:545} INFO - Filling up the DagBag from /opt/airflow/dags/fetch_and_store.py
[2026-04-25T13:24:09.692+0000] {processor.py:842} WARNING - No viable dags retrieved from /opt/airflow/dags/fetch_and_store.py
[2026-04-25T13:24:09.697+0000] {processor.py:183} INFO - Processing /opt/airflow/dags/fetch_and_store.py took 0.074 seconds
[2026-04-25T13:24:10.766+0000] {processor.py:161} INFO - Started process (PID=842) to work on /opt/airflow/dags/fetch_and_store.py
[2026-04-25T13:24:10.767+0000] {processor.py:830} INFO - Processing file /opt/airflow/dags/fetch_and_store.py for tasks to queue
[2026-04-25T13:24:10.767+0000] {logging_mixin.py:188} INFO - [2026-04-25T13:24:10.767+0000] {dagbag.py:545} INFO - Filling up the DagBag from /opt/airflow/dags/fetch_and_store.py
[2026-04-25T13:24:10.832+0000] {processor.py:842} WARNING - No viable dags retrieved from /opt/airflow/dags/fetch_and_store.py
[2026-04-25T13:24:10.836+0000] {processor.py:183} INFO - Processing /opt/airflow/dags/fetch_and_store.py took 0.073 seconds
[2026-04-25T13:24:41.392+0000] {processor.py:161} INFO - Started process (PID=846) to work on /opt/airflow/dags/fetch_and_store.py
[2026-04-25T13:24:41.392+0000] {processor.py:830} INFO - Processing file /opt/airflow/dags/fetch_and_store.py for tasks to queue
[2026-04-25T13:24:41.393+0000] {logging_mixin.py:188} INFO - [2026-04-25T13:24:41.392+0000] {dagbag.py:545} INFO - Filling up the DagBag from /opt/airflow/dags/fetch_and_store.py
[2026-04-25T13:24:41.461+0000] {processor.py:842} WARNING - No viable dags retrieved from /opt/airflow/dags/fetch_and_store.py
[2026-04-25T13:24:41.468+0000] {processor.py:183} INFO - Processing /opt/airflow/dags/fetch_and_store.py took 0.079 seconds
[2026-04-25T13:25:41.431+0000] {processor.py:161} INFO - Started process (PID=44) to work on /opt/airflow/dags/fetch_and_store.py
[2026-04-25T13:25:41.432+0000] {processor.py:830} INFO - Processing file /opt/airflow/dags/fetch_and_store.py for tasks to queue
[2026-04-25T13:25:41.433+0000] {logging_mixin.py:188} INFO - [2026-04-25T13:25:41.433+0000] {dagbag.py:545} INFO - Filling up the DagBag from /opt/airflow/dags/fetch_and_store.py
[2026-04-25T13:25:41.504+0000] {processor.py:842} WARNING - No viable dags retrieved from /opt/airflow/dags/fetch_and_store.py
[2026-04-25T13:25:41.508+0000] {processor.py:183} INFO - Processing /opt/airflow/dags/fetch_and_store.py took 0.079 seconds
[2026-04-25T13:26:11.784+0000] {processor.py:161} INFO - Started process (PID=48) to work on /opt/airflow/dags/fetch_and_store.py
[2026-04-25T13:26:11.788+0000] {processor.py:830} INFO - Processing file /opt/airflow/dags/fetch_and_store.py for tasks to queue
[2026-04-25T13:26:11.792+0000] {logging_mixin.py:188} INFO - [2026-04-25T13:26:11.790+0000] {dagbag.py:545} INFO - Filling up the DagBag from /opt/airflow/dags/fetch_and_store.py
[2026-04-25T13:26:11.888+0000] {processor.py:842} WARNING - No viable dags retrieved from /opt/airflow/dags/fetch_and_store.py
[2026-04-25T13:26:11.895+0000] {processor.py:183} INFO - Processing /opt/airflow/dags/fetch_and_store.py took 0.115 seconds
[2026-04-25T13:27:01.927+0000] {processor.py:161} INFO - Started process (PID=156) to work on /opt/airflow/dags/fetch_and_store.py
[2026-04-25T13:27:01.935+0000] {processor.py:830} INFO - Processing file /opt/airflow/dags/fetch_and_store.py for tasks to queue
[2026-04-25T13:27:01.954+0000] {logging_mixin.py:188} INFO - [2026-04-25T13:27:01.951+0000] {dagbag.py:545} INFO - Filling up the DagBag from /opt/airflow/dags/fetch_and_store.py
[2026-04-25T13:27:02.521+0000] {processor.py:842} WARNING - No viable dags retrieved from /opt/airflow/dags/fetch_and_store.py
[2026-04-25T13:27:02.568+0000] {processor.py:183} INFO - Processing /opt/airflow/dags/fetch_and_store.py took 0.695 seconds
[2026-04-25T13:27:33.400+0000] {processor.py:161} INFO - Started process (PID=160) to work on /opt/airflow/dags/fetch_and_store.py
[2026-04-25T13:27:33.400+0000] {processor.py:830} INFO - Processing file /opt/airflow/dags/fetch_and_store.py for tasks to queue
[2026-04-25T13:27:33.402+0000] {logging_mixin.py:188} INFO - [2026-04-25T13:27:33.401+0000] {dagbag.py:545} INFO - Filling up the DagBag from /opt/airflow/dags/fetch_and_store.py
[2026-04-25T13:27:33.475+0000] {processor.py:842} WARNING - No viable dags retrieved from /opt/airflow/dags/fetch_and_store.py
[2026-04-25T13:27:33.482+0000] {processor.py:183} INFO - Processing /opt/airflow/dags/fetch_and_store.py took 0.086 seconds
[2026-04-25T13:28:04.369+0000] {processor.py:161} INFO - Started process (PID=164) to work on /opt/airflow/dags/fetch_and_store.py
[2026-04-25T13:28:04.370+0000] {processor.py:830} INFO - Processing file /opt/airflow/dags/fetch_and_store.py for tasks to queue
[2026-04-25T13:28:04.371+0000] {logging_mixin.py:188} INFO - [2026-04-25T13:28:04.371+0000] {dagbag.py:545} INFO - Filling up the DagBag from /opt/airflow/dags/fetch_and_store.py
[2026-04-25T13:28:04.443+0000] {processor.py:842} WARNING - No viable dags retrieved from /opt/airflow/dags/fetch_and_store.py
[2026-04-25T13:28:04.448+0000] {processor.py:183} INFO - Processing /opt/airflow/dags/fetch_and_store.py took 0.082 seconds
[2026-04-25T13:28:34.906+0000] {processor.py:161} INFO - Started process (PID=168) to work on /opt/airflow/dags/fetch_and_store.py
[2026-04-25T13:28:34.908+0000] {processor.py:830} INFO - Processing file /opt/airflow/dags/fetch_and_store.py for tasks to queue
[2026-04-25T13:28:34.910+0000] {logging_mixin.py:188} INFO - [2026-04-25T13:28:34.910+0000] {dagbag.py:545} INFO - Filling up the DagBag from /opt/airflow/dags/fetch_and_store.py
[2026-04-25T13:28:34.998+0000] {processor.py:842} WARNING - No viable dags retrieved from /opt/airflow/dags/fetch_and_store.py
[2026-04-25T13:28:35.005+0000] {processor.py:183} INFO - Processing /opt/airflow/dags/fetch_and_store.py took 0.103 seconds
[2026-04-25T13:29:05.160+0000] {processor.py:161} INFO - Started process (PID=172) to work on /opt/airflow/dags/fetch_and_store.py
[2026-04-25T13:29:05.160+0000] {processor.py:830} INFO - Processing file /opt/airflow/dags/fetch_and_store.py for tasks to queue
[2026-04-25T13:29:05.162+0000] {logging_mixin.py:188} INFO - [2026-04-25T13:29:05.161+0000] {dagbag.py:545} INFO - Filling up the DagBag from /opt/airflow/dags/fetch_and_store.py
[2026-04-25T13:29:05.258+0000] {processor.py:842} WARNING - No viable dags retrieved from /opt/airflow/dags/fetch_and_store.py
[2026-04-25T13:29:05.266+0000] {processor.py:183} INFO - Processing /opt/airflow/dags/fetch_and_store.py took 0.110 seconds
[2026-04-25T13:29:34.481+0000] {processor.py:161} INFO - Started process (PID=280) to work on /opt/airflow/dags/fetch_and_store.py
[2026-04-25T13:29:34.482+0000] {processor.py:830} INFO - Processing file /opt/airflow/dags/fetch_and_store.py for tasks to queue
[2026-04-25T13:29:34.483+0000] {logging_mixin.py:188} INFO - [2026-04-25T13:29:34.483+0000] {dagbag.py:545} INFO - Filling up the DagBag from /opt/airflow/dags/fetch_and_store.py
[2026-04-25T13:29:34.554+0000] {processor.py:842} WARNING - No viable dags retrieved from /opt/airflow/dags/fetch_and_store.py
[2026-04-25T13:29:34.559+0000] {processor.py:183} INFO - Processing /opt/airflow/dags/fetch_and_store.py took 0.080 seconds
[2026-04-25T13:29:35.618+0000] {processor.py:161} INFO - Started process (PID=282) to work on /opt/airflow/dags/fetch_and_store.py
[2026-04-25T13:29:35.619+0000] {processor.py:830} INFO - Processing file /opt/airflow/dags/fetch_and_store.py for tasks to queue
[2026-04-25T13:29:35.620+0000] {logging_mixin.py:188} INFO - [2026-04-25T13:29:35.620+0000] {dagbag.py:545} INFO - Filling up the DagBag from /opt/airflow/dags/fetch_and_store.py
[2026-04-25T13:29:35.697+0000] {processor.py:842} WARNING - No viable dags retrieved from /opt/airflow/dags/fetch_and_store.py
[2026-04-25T13:29:35.704+0000] {processor.py:183} INFO - Processing /opt/airflow/dags/fetch_and_store.py took 0.090 seconds
[2026-04-25T13:29:36.755+0000] {processor.py:161} INFO - Started process (PID=284) to work on /opt/airflow/dags/fetch_and_store.py
[2026-04-25T13:29:36.756+0000] {processor.py:830} INFO - Processing file /opt/airflow/dags/fetch_and_store.py for tasks to queue
[2026-04-25T13:29:36.757+0000] {logging_mixin.py:188} INFO - [2026-04-25T13:29:36.757+0000] {dagbag.py:545} INFO - Filling up the DagBag from /opt/airflow/dags/fetch_and_store.py
[2026-04-25T13:29:36.830+0000] {processor.py:842} WARNING - No viable dags retrieved from /opt/airflow/dags/fetch_and_store.py
[2026-04-25T13:29:36.837+0000] {processor.py:183} INFO - Processing /opt/airflow/dags/fetch_and_store.py took 0.085 seconds
[2026-04-25T13:29:37.179+0000] {processor.py:161} INFO - Started process (PID=286) to work on /opt/airflow/dags/fetch_and_store.py
[2026-04-25T13:29:37.180+0000] {processor.py:830} INFO - Processing file /opt/airflow/dags/fetch_and_store.py for tasks to queue
[2026-04-25T13:29:37.182+0000] {logging_mixin.py:188} INFO - [2026-04-25T13:29:37.181+0000] {dagbag.py:545} INFO - Filling up the DagBag from /opt/airflow/dags/fetch_and_store.py
[2026-04-25T13:29:37.260+0000] {processor.py:842} WARNING - No viable dags retrieved from /opt/airflow/dags/fetch_and_store.py
[2026-04-25T13:29:37.273+0000] {processor.py:183} INFO - Processing /opt/airflow/dags/fetch_and_store.py took 0.098 seconds
[2026-04-25T13:29:38.423+0000] {processor.py:161} INFO - Started process (PID=288) to work on /opt/airflow/dags/fetch_and_store.py
[2026-04-25T13:29:38.424+0000] {processor.py:830} INFO - Processing file /opt/airflow/dags/fetch_and_store.py for tasks to queue
[2026-04-25T13:29:38.425+0000] {logging_mixin.py:188} INFO - [2026-04-25T13:29:38.424+0000] {dagbag.py:545} INFO - Filling up the DagBag from /opt/airflow/dags/fetch_and_store.py
[2026-04-25T13:29:38.497+0000] {processor.py:842} WARNING - No viable dags retrieved from /opt/airflow/dags/fetch_and_store.py
[2026-04-25T13:29:38.506+0000] {processor.py:183} INFO - Processing /opt/airflow/dags/fetch_and_store.py took 0.086 seconds
[2026-04-25T13:30:08.634+0000] {processor.py:161} INFO - Started process (PID=292) to work on /opt/airflow/dags/fetch_and_store.py
[2026-04-25T13:30:08.634+0000] {processor.py:830} INFO - Processing file /opt/airflow/dags/fetch_and_store.py for tasks to queue
[2026-04-25T13:30:08.636+0000] {logging_mixin.py:188} INFO - [2026-04-25T13:30:08.635+0000] {dagbag.py:545} INFO - Filling up the DagBag from /opt/airflow/dags/fetch_and_store.py
[2026-04-25T13:30:08.742+0000] {processor.py:842} WARNING - No viable dags retrieved from /opt/airflow/dags/fetch_and_store.py
[2026-04-25T13:30:08.748+0000] {processor.py:183} INFO - Processing /opt/airflow/dags/fetch_and_store.py took 0.120 seconds
[2026-04-25T13:30:39.229+0000] {processor.py:161} INFO - Started process (PID=296) to work on /opt/airflow/dags/fetch_and_store.py
[2026-04-25T13:30:39.230+0000] {processor.py:830} INFO - Processing file /opt/airflow/dags/fetch_and_store.py for tasks to queue
[2026-04-25T13:30:39.231+0000] {logging_mixin.py:188} INFO - [2026-04-25T13:30:39.231+0000] {dagbag.py:545} INFO - Filling up the DagBag from /opt/airflow/dags/fetch_and_store.py
[2026-04-25T13:30:39.305+0000] {processor.py:842} WARNING - No viable dags retrieved from /opt/airflow/dags/fetch_and_store.py
[2026-04-25T13:30:39.314+0000] {processor.py:183} INFO - Processing /opt/airflow/dags/fetch_and_store.py took 0.088 seconds
[2026-04-25T13:31:09.838+0000] {processor.py:161} INFO - Started process (PID=300) to work on /opt/airflow/dags/fetch_and_store.py
[2026-04-25T13:31:09.838+0000] {processor.py:830} INFO - Processing file /opt/airflow/dags/fetch_and_store.py for tasks to queue
[2026-04-25T13:31:09.840+0000] {logging_mixin.py:188} INFO - [2026-04-25T13:31:09.839+0000] {dagbag.py:545} INFO - Filling up the DagBag from /opt/airflow/dags/fetch_and_store.py
[2026-04-25T13:31:09.914+0000] {processor.py:842} WARNING - No viable dags retrieved from /opt/airflow/dags/fetch_and_store.py
[2026-04-25T13:31:09.919+0000] {processor.py:183} INFO - Processing /opt/airflow/dags/fetch_and_store.py took 0.085 seconds
[2026-04-25T13:31:40.441+0000] {processor.py:161} INFO - Started process (PID=304) to work on /opt/airflow/dags/fetch_and_store.py
[2026-04-25T13:31:40.442+0000] {processor.py:830} INFO - Processing file /opt/airflow/dags/fetch_and_store.py for tasks to queue
[2026-04-25T13:31:40.443+0000] {logging_mixin.py:188} INFO - [2026-04-25T13:31:40.443+0000] {dagbag.py:545} INFO - Filling up the DagBag from /opt/airflow/dags/fetch_and_store.py
[2026-04-25T13:31:40.517+0000] {processor.py:842} WARNING - No viable dags retrieved from /opt/airflow/dags/fetch_and_store.py
[2026-04-25T13:31:40.523+0000] {processor.py:183} INFO - Processing /opt/airflow/dags/fetch_and_store.py took 0.086 seconds
[2026-04-25T13:32:21.306+0000] {processor.py:161} INFO - Started process (PID=410) to work on /opt/airflow/dags/fetch_and_store.py
[2026-04-25T13:32:21.308+0000] {processor.py:830} INFO - Processing file /opt/airflow/dags/fetch_and_store.py for tasks to queue
[2026-04-25T13:32:21.329+0000] {logging_mixin.py:188} INFO - [2026-04-25T13:32:21.324+0000] {dagbag.py:545} INFO - Filling up the DagBag from /opt/airflow/dags/fetch_and_store.py
[2026-04-25T13:32:21.929+0000] {processor.py:842} WARNING - No viable dags retrieved from /opt/airflow/dags/fetch_and_store.py
[2026-04-25T13:32:21.936+0000] {processor.py:183} INFO - Processing /opt/airflow/dags/fetch_and_store.py took 0.697 seconds
[2026-04-25T13:32:52.366+0000] {processor.py:161} INFO - Started process (PID=414) to work on /opt/airflow/dags/fetch_and_store.py
[2026-04-25T13:32:52.367+0000] {processor.py:830} INFO - Processing file /opt/airflow/dags/fetch_and_store.py for tasks to queue
[2026-04-25T13:32:52.369+0000] {logging_mixin.py:188} INFO - [2026-04-25T13:32:52.368+0000] {dagbag.py:545} INFO - Filling up the DagBag from /opt/airflow/dags/fetch_and_store.py
[2026-04-25T13:32:52.540+0000] {processor.py:842} WARNING - No viable dags retrieved from /opt/airflow/dags/fetch_and_store.py
[2026-04-25T13:32:52.546+0000] {processor.py:183} INFO - Processing /opt/airflow/dags/fetch_and_store.py took 0.184 seconds
[2026-04-25T13:33:22.638+0000] {processor.py:161} INFO - Started process (PID=418) to work on /opt/airflow/dags/fetch_and_store.py
[2026-04-25T13:33:22.639+0000] {processor.py:830} INFO - Processing file /opt/airflow/dags/fetch_and_store.py for tasks to queue
[2026-04-25T13:33:22.640+0000] {logging_mixin.py:188} INFO - [2026-04-25T13:33:22.640+0000] {dagbag.py:545} INFO - Filling up the DagBag from /opt/airflow/dags/fetch_and_store.py
[2026-04-25T13:33:22.749+0000] {processor.py:842} WARNING - No viable dags retrieved from /opt/airflow/dags/fetch_and_store.py
[2026-04-25T13:33:22.757+0000] {processor.py:183} INFO - Processing /opt/airflow/dags/fetch_and_store.py took 0.123 seconds
[2026-04-25T13:33:38.258+0000] {processor.py:161} INFO - Started process (PID=422) to work on /opt/airflow/dags/fetch_and_store.py
[2026-04-25T13:33:38.259+0000] {processor.py:830} INFO - Processing file /opt/airflow/dags/fetch_and_store.py for tasks to queue
[2026-04-25T13:33:38.260+0000] {logging_mixin.py:188} INFO - [2026-04-25T13:33:38.260+0000] {dagbag.py:545} INFO - Filling up the DagBag from /opt/airflow/dags/fetch_and_store.py
[2026-04-25T13:33:38.370+0000] {processor.py:842} WARNING - No viable dags retrieved from /opt/airflow/dags/fetch_and_store.py
[2026-04-25T13:33:38.377+0000] {processor.py:183} INFO - Processing /opt/airflow/dags/fetch_and_store.py took 0.121 seconds
[2026-04-25T13:33:39.175+0000] {processor.py:161} INFO - Started process (PID=424) to work on /opt/airflow/dags/fetch_and_store.py
[2026-04-25T13:33:39.176+0000] {processor.py:830} INFO - Processing file /opt/airflow/dags/fetch_and_store.py for tasks to queue
[2026-04-25T13:33:39.177+0000] {logging_mixin.py:188} INFO - [2026-04-25T13:33:39.177+0000] {dagbag.py:545} INFO - Filling up the DagBag from /opt/airflow/dags/fetch_and_store.py
[2026-04-25T13:33:39.246+0000] {processor.py:842} WARNING - No viable dags retrieved from /opt/airflow/dags/fetch_and_store.py
[2026-04-25T13:33:39.251+0000] {processor.py:183} INFO - Processing /opt/airflow/dags/fetch_and_store.py took 0.080 seconds
[2026-04-25T13:33:40.306+0000] {processor.py:161} INFO - Started process (PID=426) to work on /opt/airflow/dags/fetch_and_store.py
[2026-04-25T13:33:40.307+0000] {processor.py:830} INFO - Processing file /opt/airflow/dags/fetch_and_store.py for tasks to queue
[2026-04-25T13:33:40.308+0000] {logging_mixin.py:188} INFO - [2026-04-25T13:33:40.308+0000] {dagbag.py:545} INFO - Filling up the DagBag from /opt/airflow/dags/fetch_and_store.py
[2026-04-25T13:33:40.378+0000] {processor.py:842} WARNING - No viable dags retrieved from /opt/airflow/dags/fetch_and_store.py
[2026-04-25T13:33:40.383+0000] {processor.py:183} INFO - Processing /opt/airflow/dags/fetch_and_store.py took 0.080 seconds
[2026-04-25T13:33:40.927+0000] {processor.py:161} INFO - Started process (PID=428) to work on /opt/airflow/dags/fetch_and_store.py
[2026-04-25T13:33:40.928+0000] {processor.py:830} INFO - Processing file /opt/airflow/dags/fetch_and_store.py for tasks to queue
[2026-04-25T13:33:40.929+0000] {logging_mixin.py:188} INFO - [2026-04-25T13:33:40.929+0000] {dagbag.py:545} INFO - Filling up the DagBag from /opt/airflow/dags/fetch_and_store.py
[2026-04-25T13:33:41.010+0000] {processor.py:842} WARNING - No viable dags retrieved from /opt/airflow/dags/fetch_and_store.py
[2026-04-25T13:33:41.018+0000] {processor.py:183} INFO - Processing /opt/airflow/dags/fetch_and_store.py took 0.094 seconds
[2026-04-25T13:33:42.177+0000] {processor.py:161} INFO - Started process (PID=430) to work on /opt/airflow/dags/fetch_and_store.py
[2026-04-25T13:33:42.177+0000] {processor.py:830} INFO - Processing file /opt/airflow/dags/fetch_and_store.py for tasks to queue
[2026-04-25T13:33:42.179+0000] {logging_mixin.py:188} INFO - [2026-04-25T13:33:42.178+0000] {dagbag.py:545} INFO - Filling up the DagBag from /opt/airflow/dags/fetch_and_store.py
[2026-04-25T13:33:42.256+0000] {processor.py:842} WARNING - No viable dags retrieved from /opt/airflow/dags/fetch_and_store.py
[2026-04-25T13:33:42.261+0000] {processor.py:183} INFO - Processing /opt/airflow/dags/fetch_and_store.py took 0.087 seconds
[2026-04-25T13:33:43.183+0000] {processor.py:161} INFO - Started process (PID=432) to work on /opt/airflow/dags/fetch_and_store.py
[2026-04-25T13:33:43.184+0000] {processor.py:830} INFO - Processing file /opt/airflow/dags/fetch_and_store.py for tasks to queue
[2026-04-25T13:33:43.185+0000] {logging_mixin.py:188} INFO - [2026-04-25T13:33:43.185+0000] {dagbag.py:545} INFO - Filling up the DagBag from /opt/airflow/dags/fetch_and_store.py
[2026-04-25T13:33:43.265+0000] {processor.py:842} WARNING - No viable dags retrieved from /opt/airflow/dags/fetch_and_store.py
[2026-04-25T13:33:43.274+0000] {processor.py:183} INFO - Processing /opt/airflow/dags/fetch_and_store.py took 0.094 seconds
[2026-04-25T13:34:15.037+0000] {processor.py:161} INFO - Started process (PID=45) to work on /opt/airflow/dags/fetch_and_store.py
[2026-04-25T13:34:15.038+0000] {processor.py:830} INFO - Processing file /opt/airflow/dags/fetch_and_store.py for tasks to queue
[2026-04-25T13:34:15.039+0000] {logging_mixin.py:188} INFO - [2026-04-25T13:34:15.038+0000] {dagbag.py:545} INFO - Filling up the DagBag from /opt/airflow/dags/fetch_and_store.py
[2026-04-25T13:34:15.108+0000] {processor.py:842} WARNING - No viable dags retrieved from /opt/airflow/dags/fetch_and_store.py
[2026-04-25T13:34:15.112+0000] {processor.py:183} INFO - Processing /opt/airflow/dags/fetch_and_store.py took 0.079 seconds
[2026-04-25T13:34:45.365+0000] {processor.py:161} INFO - Started process (PID=49) to work on /opt/airflow/dags/fetch_and_store.py
[2026-04-25T13:34:45.366+0000] {processor.py:830} INFO - Processing file /opt/airflow/dags/fetch_and_store.py for tasks to queue
[2026-04-25T13:34:45.374+0000] {logging_mixin.py:188} INFO - [2026-04-25T13:34:45.368+0000] {dagbag.py:545} INFO - Filling up the DagBag from /opt/airflow/dags/fetch_and_store.py
[2026-04-25T13:34:45.223+0000] {processor.py:842} WARNING - No viable dags retrieved from /opt/airflow/dags/fetch_and_store.py
[2026-04-25T13:34:45.231+0000] {processor.py:183} INFO - Processing /opt/airflow/dags/fetch_and_store.py took 0.173 seconds
[2026-04-25T13:35:09.422+0000] {processor.py:161} INFO - Started process (PID=53) to work on /opt/airflow/dags/fetch_and_store.py
[2026-04-25T13:35:09.422+0000] {processor.py:830} INFO - Processing file /opt/airflow/dags/fetch_and_store.py for tasks to queue
[2026-04-25T13:35:09.424+0000] {logging_mixin.py:188} INFO - [2026-04-25T13:35:09.424+0000] {dagbag.py:545} INFO - Filling up the DagBag from /opt/airflow/dags/fetch_and_store.py
[2026-04-25T13:35:09.501+0000] {processor.py:842} WARNING - No viable dags retrieved from /opt/airflow/dags/fetch_and_store.py
[2026-04-25T13:35:09.507+0000] {processor.py:183} INFO - Processing /opt/airflow/dags/fetch_and_store.py took 0.088 seconds
[2026-04-25T13:35:40.351+0000] {processor.py:161} INFO - Started process (PID=57) to work on /opt/airflow/dags/fetch_and_store.py
[2026-04-25T13:35:40.354+0000] {processor.py:830} INFO - Processing file /opt/airflow/dags/fetch_and_store.py for tasks to queue
[2026-04-25T13:35:40.355+0000] {logging_mixin.py:188} INFO - [2026-04-25T13:35:40.355+0000] {dagbag.py:545} INFO - Filling up the DagBag from /opt/airflow/dags/fetch_and_store.py
[2026-04-25T13:35:46.186+0000] {processor.py:842} WARNING - No viable dags retrieved from /opt/airflow/dags/fetch_and_store.py
[2026-04-25T13:35:46.193+0000] {processor.py:183} INFO - Processing /opt/airflow/dags/fetch_and_store.py took 0.094 seconds
[2026-04-25T13:36:16.250+0000] {processor.py:161} INFO - Started process (PID=61) to work on /opt/airflow/dags/fetch_and_store.py
[2026-04-25T13:36:16.251+0000] {processor.py:830} INFO - Processing file /opt/airflow/dags/fetch_and_store.py for tasks to queue
[2026-04-25T13:36:16.252+0000] {logging_mixin.py:188} INFO - [2026-04-25T13:36:16.252+0000] {dagbag.py:545} INFO - Filling up the DagBag from /opt/airflow/dags/fetch_and_store.py
[2026-04-25T13:36:10.174+0000] {processor.py:842} WARNING - No viable dags retrieved from /opt/airflow/dags/fetch_and_store.py
[2026-04-25T13:36:10.181+0000] {processor.py:183} INFO - Processing /opt/airflow/dags/fetch_and_store.py took 0.100 seconds
[2026-04-25T13:36:40.536+0000] {processor.py:161} INFO - Started process (PID=65) to work on /opt/airflow/dags/fetch_and_store.py
[2026-04-25T13:36:40.536+0000] {processor.py:830} INFO - Processing file /opt/airflow/dags/fetch_and_store.py for tasks to queue
[2026-04-25T13:36:40.538+0000] {logging_mixin.py:188} INFO - [2026-04-25T13:36:40.538+0000] {dagbag.py:545} INFO - Filling up the DagBag from /opt/airflow/dags/fetch_and_store.py
[2026-04-25T13:36:40.607+0000] {processor.py:842} WARNING - No viable dags retrieved from /opt/airflow/dags/fetch_and_store.py
[2026-04-25T13:36:40.618+0000] {processor.py:183} INFO - Processing /opt/airflow/dags/fetch_and_store.py took 0.085 seconds
[2026-04-25T13:37:11.379+0000] {processor.py:161} INFO - Started process (PID=69) to work on /opt/airflow/dags/fetch_and_store.py
[2026-04-25T13:37:11.380+0000] {processor.py:830} INFO - Processing file /opt/airflow/dags/fetch_and_store.py for tasks to queue
[2026-04-25T13:37:11.382+0000] {logging_mixin.py:188} INFO - [2026-04-25T13:37:11.381+0000] {dagbag.py:545} INFO - Filling up the DagBag from /opt/airflow/dags/fetch_and_store.py
[2026-04-25T13:37:11.458+0000] {processor.py:842} WARNING - No viable dags retrieved from /opt/airflow/dags/fetch_and_store.py
[2026-04-25T13:37:11.464+0000] {processor.py:183} INFO - Processing /opt/airflow/dags/fetch_and_store.py took 0.088 seconds
