[2026-04-25T13:26:40.716+0000] {local_task_job_runner.py:120} INFO - ::group::Pre task execution logs
[2026-04-25T13:26:40.734+0000] {taskinstance.py:2076} INFO - Dependencies all met for dep_context=non-requeueable deps ti=<TaskInstance: weather_pipeline.fetch_forecast manual__2026-04-25T13:26:37.241552+00:00 [queued]>
[2026-04-25T13:26:40.737+0000] {taskinstance.py:2076} INFO - Dependencies all met for dep_context=requeueable deps ti=<TaskInstance: weather_pipeline.fetch_forecast manual__2026-04-25T13:26:37.241552+00:00 [queued]>
[2026-04-25T13:26:40.737+0000] {taskinstance.py:2306} INFO - Starting attempt 1 of 2
[2026-04-25T13:26:40.746+0000] {taskinstance.py:2330} INFO - Executing <Task(PythonOperator): fetch_forecast> on 2026-04-25 13:26:37.241552+00:00
[2026-04-25T13:26:40.752+0000] {logging_mixin.py:188} WARNING - /home/airflow/.local/lib/python3.12/site-packages/airflow/task/task_runner/standard_task_runner.py:61 DeprecationWarning: This process (pid=52) is multi-threaded, use of fork() may lead to deadlocks in the child.
[2026-04-25T13:26:40.752+0000] {standard_task_runner.py:63} INFO - Started process 55 to run task
[2026-04-25T13:26:40.753+0000] {standard_task_runner.py:90} INFO - Running: ['airflow', 'tasks', 'run', 'weather_pipeline', 'fetch_forecast', 'manual__2026-04-25T13:26:37.241552+00:00', '--job-id', '113', '--raw', '--subdir', 'DAGS_FOLDER/weather_dag.py', '--cfg-path', '/tmp/tmpf7nyiysh']
[2026-04-25T13:26:40.755+0000] {standard_task_runner.py:91} INFO - Job 113: Subtask fetch_forecast
[2026-04-25T13:26:40.774+0000] {task_command.py:426} INFO - Running <TaskInstance: weather_pipeline.fetch_forecast manual__2026-04-25T13:26:37.241552+00:00 [running]> on host 617bd38d060f
[2026-04-25T13:26:40.812+0000] {taskinstance.py:2648} INFO - Exporting env vars: AIRFLOW_CTX_DAG_OWNER='student' AIRFLOW_CTX_DAG_ID='weather_pipeline' AIRFLOW_CTX_TASK_ID='fetch_forecast' AIRFLOW_CTX_EXECUTION_DATE='2026-04-25T13:26:37.241552+00:00' AIRFLOW_CTX_TRY_NUMBER='1' AIRFLOW_CTX_DAG_RUN_ID='manual__2026-04-25T13:26:37.241552+00:00'
[2026-04-25T13:26:40.813+0000] {taskinstance.py:430} INFO - ::endgroup::
[2026-04-25T13:26:40.831+0000] {logging_mixin.py:188} INFO - Fetching forecast weather data...
[2026-04-25T13:26:40.831+0000] {logging_mixin.py:188} INFO - Processing forecast data for London...
[2026-04-25T13:26:41.477+0000] {logging_mixin.py:188} INFO - Processing forecast data for Tokyo...
[2026-04-25T13:26:41.936+0000] {logging_mixin.py:188} INFO - Processing forecast data for New York...
[2026-04-25T13:26:42.430+0000] {logging_mixin.py:188} INFO - Processing forecast data for Moscow...
[2026-04-25T13:26:42.908+0000] {logging_mixin.py:188} INFO - Processing forecast data for Bangkok...
[2026-04-25T13:26:43.355+0000] {logging_mixin.py:188} INFO - Processing forecast data for Beijing...
[2026-04-25T13:26:43.829+0000] {logging_mixin.py:188} INFO - Processing forecast data for Berlin...
[2026-04-25T13:26:44.308+0000] {logging_mixin.py:188} INFO - Processing forecast data for Cairo...
[2026-04-25T13:26:44.768+0000] {logging_mixin.py:188} INFO - Processing forecast data for Cape Town...
[2026-04-25T13:26:45.247+0000] {logging_mixin.py:188} INFO - Processing forecast data for Dubai...
[2026-04-25T13:26:45.729+0000] {logging_mixin.py:188} INFO - Processing forecast data for Istanbul...
[2026-04-25T13:26:46.209+0000] {logging_mixin.py:188} INFO - Processing forecast data for Los Angeles...
[2026-04-25T13:26:46.679+0000] {logging_mixin.py:188} INFO - Processing forecast data for Madrid...
[2026-04-25T13:26:47.337+0000] {logging_mixin.py:188} INFO - Processing forecast data for Paris...
[2026-04-25T13:26:48.024+0000] {logging_mixin.py:188} INFO - Processing forecast data for Rio de Janeiro...
[2026-04-25T13:26:48.476+0000] {logging_mixin.py:188} INFO - Processing forecast data for Rome...
[2026-04-25T13:26:48.947+0000] {logging_mixin.py:188} INFO - Processing forecast data for Seoul...
[2026-04-25T13:26:49.391+0000] {logging_mixin.py:188} INFO - Processing forecast data for Singapore...
[2026-04-25T13:26:49.868+0000] {logging_mixin.py:188} INFO - Processing forecast data for Sydney...
[2026-04-25T13:26:50.305+0000] {logging_mixin.py:188} INFO - Processing forecast data for Toronto...
[2026-04-25T13:26:51.594+0000] {logging_mixin.py:188} INFO - ✅ Forecast data saved and deduplicated.
[2026-04-25T13:26:51.594+0000] {python.py:237} INFO - Done. Returned value was: None
[2026-04-25T13:26:51.595+0000] {taskinstance.py:441} INFO - ::group::Post task execution logs
[2026-04-25T13:26:51.597+0000] {taskinstance.py:1206} INFO - Marking task as SUCCESS. dag_id=weather_pipeline, task_id=fetch_forecast, run_id=manual__2026-04-25T13:26:37.241552+00:00, execution_date=20260425T132637, start_date=20260425T132640, end_date=20260425T132651
[2026-04-25T13:26:51.624+0000] {local_task_job_runner.py:240} INFO - Task exited with return code 0
[2026-04-25T13:26:51.628+0000] {taskinstance.py:3498} INFO - 0 downstream tasks scheduled from follow-on schedule check
[2026-04-25T13:26:51.629+0000] {local_task_job_runner.py:222} INFO - ::endgroup::
