[2026-04-25T13:29:21.799+0000] {local_task_job_runner.py:120} INFO - ::group::Pre task execution logs
[2026-04-25T13:29:21.822+0000] {taskinstance.py:2076} INFO - Dependencies all met for dep_context=non-requeueable deps ti=<TaskInstance: weather_pipeline.fetch_historical manual__2026-04-25T13:29:05.206650+00:00 [queued]>
[2026-04-25T13:29:21.826+0000] {taskinstance.py:2076} INFO - Dependencies all met for dep_context=requeueable deps ti=<TaskInstance: weather_pipeline.fetch_historical manual__2026-04-25T13:29:05.206650+00:00 [queued]>
[2026-04-25T13:29:21.826+0000] {taskinstance.py:2306} INFO - Starting attempt 1 of 2
[2026-04-25T13:29:21.835+0000] {taskinstance.py:2330} INFO - Executing <Task(PythonOperator): fetch_historical> on 2026-04-25 13:29:05.206650+00:00
[2026-04-25T13:29:21.840+0000] {standard_task_runner.py:90} INFO - Running: ['airflow', 'tasks', 'run', 'weather_pipeline', 'fetch_historical', 'manual__2026-04-25T13:29:05.206650+00:00', '--job-id', '116', '--raw', '--subdir', 'DAGS_FOLDER/weather_dag.py', '--cfg-path', '/tmp/tmpnv7eho1b']
[2026-04-25T13:29:21.840+0000] {logging_mixin.py:188} WARNING - /home/airflow/.local/lib/python3.12/site-packages/airflow/task/task_runner/standard_task_runner.py:61 DeprecationWarning: This process (pid=226) is multi-threaded, use of fork() may lead to deadlocks in the child.
[2026-04-25T13:29:21.841+0000] {standard_task_runner.py:91} INFO - Job 116: Subtask fetch_historical
[2026-04-25T13:29:21.841+0000] {standard_task_runner.py:63} INFO - Started process 229 to run task
[2026-04-25T13:29:21.863+0000] {task_command.py:426} INFO - Running <TaskInstance: weather_pipeline.fetch_historical manual__2026-04-25T13:29:05.206650+00:00 [running]> on host 617bd38d060f
[2026-04-25T13:29:21.900+0000] {taskinstance.py:2648} INFO - Exporting env vars: AIRFLOW_CTX_DAG_OWNER='student' AIRFLOW_CTX_DAG_ID='weather_pipeline' AIRFLOW_CTX_TASK_ID='fetch_historical' AIRFLOW_CTX_EXECUTION_DATE='2026-04-25T13:29:05.206650+00:00' AIRFLOW_CTX_TRY_NUMBER='1' AIRFLOW_CTX_DAG_RUN_ID='manual__2026-04-25T13:29:05.206650+00:00'
[2026-04-25T13:29:21.901+0000] {taskinstance.py:430} INFO - ::endgroup::
[2026-04-25T13:29:21.913+0000] {logging_mixin.py:188} INFO - Fetching historical weather data...
[2026-04-25T13:29:21.913+0000] {logging_mixin.py:188} INFO - Processing historical data for London...
[2026-04-25T13:29:22.487+0000] {logging_mixin.py:188} INFO - Processing historical data for Tokyo...
[2026-04-25T13:29:22.925+0000] {logging_mixin.py:188} INFO - Processing historical data for New York...
[2026-04-25T13:29:23.394+0000] {logging_mixin.py:188} INFO - Processing historical data for Moscow...
[2026-04-25T13:29:23.898+0000] {logging_mixin.py:188} INFO - Processing historical data for Bangkok...
[2026-04-25T13:29:24.369+0000] {logging_mixin.py:188} INFO - Processing historical data for Beijing...
[2026-04-25T13:29:24.802+0000] {logging_mixin.py:188} INFO - Processing historical data for Berlin...
[2026-04-25T13:29:25.238+0000] {logging_mixin.py:188} INFO - Processing historical data for Cairo...
[2026-04-25T13:29:25.715+0000] {logging_mixin.py:188} INFO - Processing historical data for Cape Town...
[2026-04-25T13:29:26.197+0000] {logging_mixin.py:188} INFO - Processing historical data for Dubai...
[2026-04-25T13:29:26.631+0000] {logging_mixin.py:188} INFO - Processing historical data for Istanbul...
[2026-04-25T13:29:27.068+0000] {logging_mixin.py:188} INFO - Processing historical data for Los Angeles...
[2026-04-25T13:29:27.489+0000] {logging_mixin.py:188} INFO - Processing historical data for Madrid...
[2026-04-25T13:29:27.983+0000] {logging_mixin.py:188} INFO - Processing historical data for Paris...
[2026-04-25T13:29:28.457+0000] {logging_mixin.py:188} INFO - Processing historical data for Rio de Janeiro...
[2026-04-25T13:29:28.952+0000] {logging_mixin.py:188} INFO - Processing historical data for Rome...
[2026-04-25T13:29:29.413+0000] {logging_mixin.py:188} INFO - Processing historical data for Seoul...
[2026-04-25T13:29:29.882+0000] {logging_mixin.py:188} INFO - Processing historical data for Singapore...
[2026-04-25T13:29:30.326+0000] {logging_mixin.py:188} INFO - Processing historical data for Sydney...
[2026-04-25T13:29:30.785+0000] {logging_mixin.py:188} INFO - Processing historical data for Toronto...
[2026-04-25T13:29:31.747+0000] {logging_mixin.py:188} INFO - ✅ Historical data saved and deduplicated.
[2026-04-25T13:29:31.750+0000] {python.py:237} INFO - Done. Returned value was: None
[2026-04-25T13:29:31.750+0000] {taskinstance.py:441} INFO - ::group::Post task execution logs
[2026-04-25T13:29:31.756+0000] {taskinstance.py:1206} INFO - Marking task as SUCCESS. dag_id=weather_pipeline, task_id=fetch_historical, run_id=manual__2026-04-25T13:29:05.206650+00:00, execution_date=20260425T132905, start_date=20260425T132921, end_date=20260425T132931
[2026-04-25T13:29:31.813+0000] {local_task_job_runner.py:240} INFO - Task exited with return code 0
[2026-04-25T13:29:31.818+0000] {taskinstance.py:3498} INFO - 0 downstream tasks scheduled from follow-on schedule check
[2026-04-25T13:29:31.819+0000] {local_task_job_runner.py:222} INFO - ::endgroup::
