[2026-04-25T13:00:04.519+0000] {local_task_job_runner.py:120} INFO - ::group::Pre task execution logs
[2026-04-25T13:00:04.540+0000] {taskinstance.py:2076} INFO - Dependencies all met for dep_context=non-requeueable deps ti=<TaskInstance: weather_pipeline.fetch_forecast scheduled__2026-04-25T12:55:00+00:00 [queued]>
[2026-04-25T13:00:04.544+0000] {taskinstance.py:2076} INFO - Dependencies all met for dep_context=requeueable deps ti=<TaskInstance: weather_pipeline.fetch_forecast scheduled__2026-04-25T12:55:00+00:00 [queued]>
[2026-04-25T13:00:04.545+0000] {taskinstance.py:2306} INFO - Starting attempt 1 of 2
[2026-04-25T13:00:04.553+0000] {taskinstance.py:2330} INFO - Executing <Task(PythonOperator): fetch_forecast> on 2026-04-25 12:55:00+00:00
[2026-04-25T13:00:04.557+0000] {standard_task_runner.py:90} INFO - Running: ['airflow', 'tasks', 'run', 'weather_pipeline', 'fetch_forecast', 'scheduled__2026-04-25T12:55:00+00:00', '--job-id', '101', '--raw', '--subdir', 'DAGS_FOLDER/weather_dag.py', '--cfg-path', '/tmp/tmpnn0cppir']
[2026-04-25T13:00:04.558+0000] {logging_mixin.py:188} WARNING - /home/airflow/.local/lib/python3.12/site-packages/airflow/task/task_runner/standard_task_runner.py:61 DeprecationWarning: This process (pid=427) is multi-threaded, use of fork() may lead to deadlocks in the child.
[2026-04-25T13:00:04.561+0000] {standard_task_runner.py:91} INFO - Job 101: Subtask fetch_forecast
[2026-04-25T13:00:04.561+0000] {standard_task_runner.py:63} INFO - Started process 430 to run task
[2026-04-25T13:00:04.581+0000] {task_command.py:426} INFO - Running <TaskInstance: weather_pipeline.fetch_forecast scheduled__2026-04-25T12:55:00+00:00 [running]> on host 3ddf978cbafa
[2026-04-25T13:00:04.621+0000] {taskinstance.py:2648} INFO - Exporting env vars: AIRFLOW_CTX_DAG_OWNER='student' AIRFLOW_CTX_DAG_ID='weather_pipeline' AIRFLOW_CTX_TASK_ID='fetch_forecast' AIRFLOW_CTX_EXECUTION_DATE='2026-04-25T12:55:00+00:00' AIRFLOW_CTX_TRY_NUMBER='1' AIRFLOW_CTX_DAG_RUN_ID='scheduled__2026-04-25T12:55:00+00:00'
[2026-04-25T13:00:04.622+0000] {taskinstance.py:430} INFO - ::endgroup::
[2026-04-25T13:00:04.636+0000] {logging_mixin.py:188} INFO - Fetching forecast weather data...
[2026-04-25T13:00:04.637+0000] {logging_mixin.py:188} INFO - Processing forecast data for London...
[2026-04-25T13:00:05.878+0000] {taskinstance.py:441} INFO - ::group::Post task execution logs
[2026-04-25T13:00:05.878+0000] {taskinstance.py:2905} ERROR - Task failed with exception
Traceback (most recent call last):
  File "/home/airflow/.local/lib/python3.12/site-packages/airflow/models/taskinstance.py", line 465, in _execute_task
    result = _execute_callable(context=context, **execute_callable_kwargs)
             ^^^^^^^^^^^^^^^^^^^^^^^^^^^^^^^^^^^^^^^^^^^^^^^^^^^^^^^^^^^^^
  File "/home/airflow/.local/lib/python3.12/site-packages/airflow/models/taskinstance.py", line 432, in _execute_callable
    return execute_callable(context=context, **execute_callable_kwargs)
           ^^^^^^^^^^^^^^^^^^^^^^^^^^^^^^^^^^^^^^^^^^^^^^^^^^^^^^^^^^^^
  File "/home/airflow/.local/lib/python3.12/site-packages/airflow/models/baseoperator.py", line 400, in wrapper
    return func(self, *args, **kwargs)
           ^^^^^^^^^^^^^^^^^^^^^^^^^^^
  File "/home/airflow/.local/lib/python3.12/site-packages/airflow/operators/python.py", line 235, in execute
    return_value = self.execute_callable()
                   ^^^^^^^^^^^^^^^^^^^^^^^
  File "/home/airflow/.local/lib/python3.12/site-packages/airflow/operators/python.py", line 252, in execute_callable
    return self.python_callable(*self.op_args, **self.op_kwargs)
           ^^^^^^^^^^^^^^^^^^^^^^^^^^^^^^^^^^^^^^^^^^^^^^^^^^^^^
  File "/opt/airflow/dags/fetch_and_store.py", line 134, in fetch_forecast
    df = get_weather_data(lat, lon, city)
         ^^^^^^^^^^^^^^^^^^^^^^^^^^^^^^^^
  File "/opt/airflow/dags/fetch_and_store.py", line 50, in get_weather_data
    raise Exception(f"API error for {city_name}")
Exception: API error for London
[2026-04-25T13:00:05.881+0000] {taskinstance.py:1206} INFO - Marking task as UP_FOR_RETRY. dag_id=weather_pipeline, task_id=fetch_forecast, run_id=scheduled__2026-04-25T12:55:00+00:00, execution_date=20260425T125500, start_date=20260425T130004, end_date=20260425T130005
[2026-04-25T13:00:05.891+0000] {standard_task_runner.py:110} ERROR - Failed to execute job 101 for task fetch_forecast (API error for London; 430)
[2026-04-25T13:00:05.909+0000] {local_task_job_runner.py:240} INFO - Task exited with return code 1
[2026-04-25T13:00:05.914+0000] {taskinstance.py:3498} INFO - 0 downstream tasks scheduled from follow-on schedule check
[2026-04-25T13:00:05.915+0000] {local_task_job_runner.py:222} INFO - ::endgroup::
