[2026-04-25T12:43:07.959+0000] {local_task_job_runner.py:120} INFO - ::group::Pre task execution logs
[2026-04-25T12:43:07.984+0000] {taskinstance.py:2076} INFO - Dependencies all met for dep_context=non-requeueable deps ti=<TaskInstance: weather_pipeline.fetch_forecast manual__2026-04-25T12:43:04.360579+00:00 [queued]>
[2026-04-25T12:43:07.988+0000] {taskinstance.py:2076} INFO - Dependencies all met for dep_context=requeueable deps ti=<TaskInstance: weather_pipeline.fetch_forecast manual__2026-04-25T12:43:04.360579+00:00 [queued]>
[2026-04-25T12:43:07.989+0000] {taskinstance.py:2306} INFO - Starting attempt 1 of 2
[2026-04-25T12:43:08.000+0000] {taskinstance.py:2330} INFO - Executing <Task(PythonOperator): fetch_forecast> on 2026-04-25 12:43:04.360579+00:00
[2026-04-25T12:43:08.008+0000] {standard_task_runner.py:90} INFO - Running: ['airflow', 'tasks', 'run', 'weather_pipeline', 'fetch_forecast', 'manual__2026-04-25T12:43:04.360579+00:00', '--job-id', '91', '--raw', '--subdir', 'DAGS_FOLDER/weather_dag.py', '--cfg-path', '/tmp/tmpk13i__ji']
[2026-04-25T12:43:08.009+0000] {standard_task_runner.py:91} INFO - Job 91: Subtask fetch_forecast
[2026-04-25T12:43:08.010+0000] {logging_mixin.py:188} WARNING - /home/airflow/.local/lib/python3.12/site-packages/airflow/task/task_runner/standard_task_runner.py:61 DeprecationWarning: This process (pid=95) is multi-threaded, use of fork() may lead to deadlocks in the child.
[2026-04-25T12:43:08.011+0000] {standard_task_runner.py:63} INFO - Started process 98 to run task
[2026-04-25T12:43:08.036+0000] {task_command.py:426} INFO - Running <TaskInstance: weather_pipeline.fetch_forecast manual__2026-04-25T12:43:04.360579+00:00 [running]> on host 3ddf978cbafa
[2026-04-25T12:43:08.074+0000] {taskinstance.py:2648} INFO - Exporting env vars: AIRFLOW_CTX_DAG_OWNER='student' AIRFLOW_CTX_DAG_ID='weather_pipeline' AIRFLOW_CTX_TASK_ID='fetch_forecast' AIRFLOW_CTX_EXECUTION_DATE='2026-04-25T12:43:04.360579+00:00' AIRFLOW_CTX_TRY_NUMBER='1' AIRFLOW_CTX_DAG_RUN_ID='manual__2026-04-25T12:43:04.360579+00:00'
[2026-04-25T12:43:08.074+0000] {taskinstance.py:430} INFO - ::endgroup::
[2026-04-25T12:43:08.090+0000] {logging_mixin.py:188} INFO - Fetching forecast weather data...
[2026-04-25T12:43:08.090+0000] {logging_mixin.py:188} INFO - Processing forecast data for London...
[2026-04-25T12:43:10.666+0000] {logging_mixin.py:188} INFO - Processing forecast data for Tokyo...
[2026-04-25T12:43:11.345+0000] {logging_mixin.py:188} INFO - Processing forecast data for New York...
[2026-04-25T12:43:11.805+0000] {logging_mixin.py:188} INFO - Processing forecast data for Moscow...
[2026-04-25T12:43:12.976+0000] {logging_mixin.py:188} INFO - ✅ Forecast data saved and deduplicated.
[2026-04-25T12:43:12.983+0000] {python.py:237} INFO - Done. Returned value was: None
[2026-04-25T12:43:12.984+0000] {taskinstance.py:441} INFO - ::group::Post task execution logs
[2026-04-25T12:43:12.993+0000] {taskinstance.py:1206} INFO - Marking task as SUCCESS. dag_id=weather_pipeline, task_id=fetch_forecast, run_id=manual__2026-04-25T12:43:04.360579+00:00, execution_date=20260425T124304, start_date=20260425T124307, end_date=20260425T124312
[2026-04-25T12:43:13.023+0000] {local_task_job_runner.py:240} INFO - Task exited with return code 0
[2026-04-25T12:43:13.030+0000] {taskinstance.py:3498} INFO - 0 downstream tasks scheduled from follow-on schedule check
[2026-04-25T12:43:13.030+0000] {local_task_job_runner.py:222} INFO - ::endgroup::
