[2026-04-25T13:32:11.788+0000] {local_task_job_runner.py:120} INFO - ::group::Pre task execution logs
[2026-04-25T13:32:11.806+0000] {taskinstance.py:2076} INFO - Dependencies all met for dep_context=non-requeueable deps ti=<TaskInstance: weather_pipeline.fetch_historical manual__2026-04-25T13:31:56.803065+00:00 [queued]>
[2026-04-25T13:32:11.810+0000] {taskinstance.py:2076} INFO - Dependencies all met for dep_context=requeueable deps ti=<TaskInstance: weather_pipeline.fetch_historical manual__2026-04-25T13:31:56.803065+00:00 [queued]>
[2026-04-25T13:32:11.810+0000] {taskinstance.py:2306} INFO - Starting attempt 1 of 2
[2026-04-25T13:32:11.818+0000] {taskinstance.py:2330} INFO - Executing <Task(PythonOperator): fetch_historical> on 2026-04-25 13:31:56.803065+00:00
[2026-04-25T13:32:11.824+0000] {logging_mixin.py:188} WARNING - /home/airflow/.local/lib/python3.12/site-packages/airflow/task/task_runner/standard_task_runner.py:61 DeprecationWarning: This process (pid=358) is multi-threaded, use of fork() may lead to deadlocks in the child.
[2026-04-25T13:32:11.825+0000] {standard_task_runner.py:63} INFO - Started process 361 to run task
[2026-04-25T13:32:11.826+0000] {standard_task_runner.py:90} INFO - Running: ['airflow', 'tasks', 'run', 'weather_pipeline', 'fetch_historical', 'manual__2026-04-25T13:31:56.803065+00:00', '--job-id', '118', '--raw', '--subdir', 'DAGS_FOLDER/weather_dag.py', '--cfg-path', '/tmp/tmpq9zxuooe']
[2026-04-25T13:32:11.827+0000] {standard_task_runner.py:91} INFO - Job 118: Subtask fetch_historical
[2026-04-25T13:32:11.843+0000] {task_command.py:426} INFO - Running <TaskInstance: weather_pipeline.fetch_historical manual__2026-04-25T13:31:56.803065+00:00 [running]> on host 617bd38d060f
[2026-04-25T13:32:11.878+0000] {taskinstance.py:2648} INFO - Exporting env vars: AIRFLOW_CTX_DAG_OWNER='student' AIRFLOW_CTX_DAG_ID='weather_pipeline' AIRFLOW_CTX_TASK_ID='fetch_historical' AIRFLOW_CTX_EXECUTION_DATE='2026-04-25T13:31:56.803065+00:00' AIRFLOW_CTX_TRY_NUMBER='1' AIRFLOW_CTX_DAG_RUN_ID='manual__2026-04-25T13:31:56.803065+00:00'
[2026-04-25T13:32:11.879+0000] {taskinstance.py:430} INFO - ::endgroup::
[2026-04-25T13:32:11.888+0000] {logging_mixin.py:188} INFO - Fetching historical weather data...
[2026-04-25T13:32:11.888+0000] {logging_mixin.py:188} INFO - Processing historical data for London...
[2026-04-25T13:32:12.433+0000] {logging_mixin.py:188} INFO - Processing historical data for Tokyo...
[2026-04-25T13:32:12.892+0000] {logging_mixin.py:188} INFO - Processing historical data for New York...
[2026-04-25T13:32:13.343+0000] {logging_mixin.py:188} INFO - Processing historical data for Moscow...
[2026-04-25T13:32:13.848+0000] {logging_mixin.py:188} INFO - Processing historical data for Bangkok...
[2026-04-25T13:32:14.303+0000] {logging_mixin.py:188} INFO - Processing historical data for Beijing...
[2026-04-25T13:32:14.767+0000] {logging_mixin.py:188} INFO - Processing historical data for Berlin...
[2026-04-25T13:32:15.249+0000] {logging_mixin.py:188} INFO - Processing historical data for Cairo...
[2026-04-25T13:32:20.927+0000] {logging_mixin.py:188} INFO - Processing historical data for Cape Town...
[2026-04-25T13:32:15.651+0000] {logging_mixin.py:188} INFO - Processing historical data for Dubai...
[2026-04-25T13:32:16.134+0000] {logging_mixin.py:188} INFO - Processing historical data for Istanbul...
[2026-04-25T13:32:16.570+0000] {logging_mixin.py:188} INFO - Processing historical data for Los Angeles...
[2026-04-25T13:32:17.009+0000] {logging_mixin.py:188} INFO - Processing historical data for Madrid...
[2026-04-25T13:32:17.492+0000] {logging_mixin.py:188} INFO - Processing historical data for Paris...
[2026-04-25T13:32:17.962+0000] {logging_mixin.py:188} INFO - Processing historical data for Rio de Janeiro...
[2026-04-25T13:32:18.449+0000] {logging_mixin.py:188} INFO - Processing historical data for Rome...
[2026-04-25T13:32:18.914+0000] {logging_mixin.py:188} INFO - Processing historical data for Seoul...
[2026-04-25T13:32:19.376+0000] {logging_mixin.py:188} INFO - Processing historical data for Singapore...
[2026-04-25T13:32:19.901+0000] {logging_mixin.py:188} INFO - Processing historical data for Sydney...
[2026-04-25T13:32:20.398+0000] {logging_mixin.py:188} INFO - Processing historical data for Toronto...
[2026-04-25T13:32:20.882+0000] {logging_mixin.py:188} INFO - ✅ Historical data saved and deduplicated.
[2026-04-25T13:32:20.887+0000] {python.py:237} INFO - Done. Returned value was: None
[2026-04-25T13:32:20.887+0000] {taskinstance.py:441} INFO - ::group::Post task execution logs
[2026-04-25T13:32:20.894+0000] {taskinstance.py:1206} INFO - Marking task as SUCCESS. dag_id=weather_pipeline, task_id=fetch_historical, run_id=manual__2026-04-25T13:31:56.803065+00:00, execution_date=20260425T133156, start_date=20260425T133211, end_date=20260425T133220
[2026-04-25T13:32:20.916+0000] {local_task_job_runner.py:240} INFO - Task exited with return code 0
[2026-04-25T13:32:20.920+0000] {taskinstance.py:3498} INFO - 0 downstream tasks scheduled from follow-on schedule check
[2026-04-25T13:32:20.921+0000] {local_task_job_runner.py:222} INFO - ::endgroup::
