[2026-04-25T12:44:19.708+0000] {local_task_job_runner.py:120} INFO - ::group::Pre task execution logs
[2026-04-25T12:44:19.725+0000] {taskinstance.py:2076} INFO - Dependencies all met for dep_context=non-requeueable deps ti=<TaskInstance: weather_pipeline.fetch_historical manual__2026-04-25T12:44:11.957026+00:00 [queued]>
[2026-04-25T12:44:19.728+0000] {taskinstance.py:2076} INFO - Dependencies all met for dep_context=requeueable deps ti=<TaskInstance: weather_pipeline.fetch_historical manual__2026-04-25T12:44:11.957026+00:00 [queued]>
[2026-04-25T12:44:19.729+0000] {taskinstance.py:2306} INFO - Starting attempt 1 of 2
[2026-04-25T12:44:19.735+0000] {taskinstance.py:2330} INFO - Executing <Task(PythonOperator): fetch_historical> on 2026-04-25 12:44:11.957026+00:00
[2026-04-25T12:44:19.739+0000] {standard_task_runner.py:90} INFO - Running: ['airflow', 'tasks', 'run', 'weather_pipeline', 'fetch_historical', 'manual__2026-04-25T12:44:11.957026+00:00', '--job-id', '94', '--raw', '--subdir', 'DAGS_FOLDER/weather_dag.py', '--cfg-path', '/tmp/tmp4527zibx']
[2026-04-25T12:44:19.740+0000] {logging_mixin.py:188} WARNING - /home/airflow/.local/lib/python3.12/site-packages/airflow/task/task_runner/standard_task_runner.py:61 DeprecationWarning: This process (pid=163) is multi-threaded, use of fork() may lead to deadlocks in the child.
[2026-04-25T12:44:19.743+0000] {standard_task_runner.py:91} INFO - Job 94: Subtask fetch_historical
[2026-04-25T12:44:19.743+0000] {standard_task_runner.py:63} INFO - Started process 166 to run task
[2026-04-25T12:44:19.757+0000] {task_command.py:426} INFO - Running <TaskInstance: weather_pipeline.fetch_historical manual__2026-04-25T12:44:11.957026+00:00 [running]> on host 3ddf978cbafa
[2026-04-25T12:44:19.785+0000] {taskinstance.py:2648} INFO - Exporting env vars: AIRFLOW_CTX_DAG_OWNER='student' AIRFLOW_CTX_DAG_ID='weather_pipeline' AIRFLOW_CTX_TASK_ID='fetch_historical' AIRFLOW_CTX_EXECUTION_DATE='2026-04-25T12:44:11.957026+00:00' AIRFLOW_CTX_TRY_NUMBER='1' AIRFLOW_CTX_DAG_RUN_ID='manual__2026-04-25T12:44:11.957026+00:00'
[2026-04-25T12:44:19.785+0000] {taskinstance.py:430} INFO - ::endgroup::
[2026-04-25T12:44:19.794+0000] {logging_mixin.py:188} INFO - Fetching historical weather data...
[2026-04-25T12:44:19.794+0000] {logging_mixin.py:188} INFO - Processing historical data for London...
[2026-04-25T12:44:20.359+0000] {logging_mixin.py:188} INFO - Processing historical data for Tokyo...
[2026-04-25T12:44:20.764+0000] {logging_mixin.py:188} INFO - Processing historical data for New York...
[2026-04-25T12:44:21.167+0000] {logging_mixin.py:188} INFO - Processing historical data for Moscow...
[2026-04-25T12:44:21.965+0000] {logging_mixin.py:188} INFO - ✅ Historical data saved and deduplicated.
[2026-04-25T12:44:21.966+0000] {python.py:237} INFO - Done. Returned value was: None
[2026-04-25T12:44:21.966+0000] {taskinstance.py:441} INFO - ::group::Post task execution logs
[2026-04-25T12:44:21.972+0000] {taskinstance.py:1206} INFO - Marking task as SUCCESS. dag_id=weather_pipeline, task_id=fetch_historical, run_id=manual__2026-04-25T12:44:11.957026+00:00, execution_date=20260425T124411, start_date=20260425T124419, end_date=20260425T124421
[2026-04-25T12:44:22.000+0000] {local_task_job_runner.py:240} INFO - Task exited with return code 0
[2026-04-25T12:44:22.005+0000] {taskinstance.py:3498} INFO - 0 downstream tasks scheduled from follow-on schedule check
[2026-04-25T12:44:22.006+0000] {local_task_job_runner.py:222} INFO - ::endgroup::
