[2026-04-25T13:29:08.829+0000] {local_task_job_runner.py:120} INFO - ::group::Pre task execution logs
[2026-04-25T13:29:08.853+0000] {taskinstance.py:2076} INFO - Dependencies all met for dep_context=non-requeueable deps ti=<TaskInstance: weather_pipeline.fetch_forecast manual__2026-04-25T13:29:05.206650+00:00 [queued]>
[2026-04-25T13:29:08.858+0000] {taskinstance.py:2076} INFO - Dependencies all met for dep_context=requeueable deps ti=<TaskInstance: weather_pipeline.fetch_forecast manual__2026-04-25T13:29:05.206650+00:00 [queued]>
[2026-04-25T13:29:08.858+0000] {taskinstance.py:2306} INFO - Starting attempt 1 of 2
[2026-04-25T13:29:08.868+0000] {taskinstance.py:2330} INFO - Executing <Task(PythonOperator): fetch_forecast> on 2026-04-25 13:29:05.206650+00:00
[2026-04-25T13:29:08.873+0000] {standard_task_runner.py:90} INFO - Running: ['airflow', 'tasks', 'run', 'weather_pipeline', 'fetch_forecast', 'manual__2026-04-25T13:29:05.206650+00:00', '--job-id', '115', '--raw', '--subdir', 'DAGS_FOLDER/weather_dag.py', '--cfg-path', '/tmp/tmpw7jnyfzv']
[2026-04-25T13:29:08.874+0000] {standard_task_runner.py:91} INFO - Job 115: Subtask fetch_forecast
[2026-04-25T13:29:08.874+0000] {logging_mixin.py:188} WARNING - /home/airflow/.local/lib/python3.12/site-packages/airflow/task/task_runner/standard_task_runner.py:61 DeprecationWarning: This process (pid=174) is multi-threaded, use of fork() may lead to deadlocks in the child.
[2026-04-25T13:29:08.875+0000] {standard_task_runner.py:63} INFO - Started process 177 to run task
[2026-04-25T13:29:08.898+0000] {task_command.py:426} INFO - Running <TaskInstance: weather_pipeline.fetch_forecast manual__2026-04-25T13:29:05.206650+00:00 [running]> on host 617bd38d060f
[2026-04-25T13:29:08.943+0000] {taskinstance.py:2648} INFO - Exporting env vars: AIRFLOW_CTX_DAG_OWNER='student' AIRFLOW_CTX_DAG_ID='weather_pipeline' AIRFLOW_CTX_TASK_ID='fetch_forecast' AIRFLOW_CTX_EXECUTION_DATE='2026-04-25T13:29:05.206650+00:00' AIRFLOW_CTX_TRY_NUMBER='1' AIRFLOW_CTX_DAG_RUN_ID='manual__2026-04-25T13:29:05.206650+00:00'
[2026-04-25T13:29:08.944+0000] {taskinstance.py:430} INFO - ::endgroup::
[2026-04-25T13:29:08.954+0000] {logging_mixin.py:188} INFO - Fetching forecast weather data...
[2026-04-25T13:29:08.954+0000] {logging_mixin.py:188} INFO - Processing forecast data for London...
[2026-04-25T13:29:09.502+0000] {logging_mixin.py:188} INFO - Processing forecast data for Tokyo...
[2026-04-25T13:29:09.952+0000] {logging_mixin.py:188} INFO - Processing forecast data for New York...
[2026-04-25T13:29:10.651+0000] {logging_mixin.py:188} INFO - Processing forecast data for Moscow...
[2026-04-25T13:29:11.235+0000] {logging_mixin.py:188} INFO - Processing forecast data for Bangkok...
[2026-04-25T13:29:11.687+0000] {logging_mixin.py:188} INFO - Processing forecast data for Beijing...
[2026-04-25T13:29:12.134+0000] {logging_mixin.py:188} INFO - Processing forecast data for Berlin...
[2026-04-25T13:29:12.686+0000] {logging_mixin.py:188} INFO - Processing forecast data for Cairo...
[2026-04-25T13:29:13.381+0000] {logging_mixin.py:188} INFO - Processing forecast data for Cape Town...
[2026-04-25T13:29:13.851+0000] {logging_mixin.py:188} INFO - Processing forecast data for Dubai...
[2026-04-25T13:29:14.341+0000] {logging_mixin.py:188} INFO - Processing forecast data for Istanbul...
[2026-04-25T13:29:14.812+0000] {logging_mixin.py:188} INFO - Processing forecast data for Los Angeles...
[2026-04-25T13:29:15.263+0000] {logging_mixin.py:188} INFO - Processing forecast data for Madrid...
[2026-04-25T13:29:15.744+0000] {logging_mixin.py:188} INFO - Processing forecast data for Paris...
[2026-04-25T13:29:16.309+0000] {logging_mixin.py:188} INFO - Processing forecast data for Rio de Janeiro...
[2026-04-25T13:29:17.124+0000] {logging_mixin.py:188} INFO - Processing forecast data for Rome...
[2026-04-25T13:29:17.566+0000] {logging_mixin.py:188} INFO - Processing forecast data for Seoul...
[2026-04-25T13:29:15.456+0000] {logging_mixin.py:188} INFO - Processing forecast data for Singapore...
[2026-04-25T13:29:15.957+0000] {logging_mixin.py:188} INFO - Processing forecast data for Sydney...
[2026-04-25T13:29:16.434+0000] {logging_mixin.py:188} INFO - Processing forecast data for Toronto...
[2026-04-25T13:29:17.393+0000] {logging_mixin.py:188} INFO - ✅ Forecast data saved and deduplicated.
[2026-04-25T13:29:17.397+0000] {python.py:237} INFO - Done. Returned value was: None
[2026-04-25T13:29:17.398+0000] {taskinstance.py:441} INFO - ::group::Post task execution logs
[2026-04-25T13:29:17.406+0000] {taskinstance.py:1206} INFO - Marking task as SUCCESS. dag_id=weather_pipeline, task_id=fetch_forecast, run_id=manual__2026-04-25T13:29:05.206650+00:00, execution_date=20260425T132905, start_date=20260425T132908, end_date=20260425T132917
[2026-04-25T13:29:18.918+0000] {local_task_job_runner.py:240} INFO - Task exited with return code 0
[2026-04-25T13:29:18.923+0000] {taskinstance.py:3498} INFO - 0 downstream tasks scheduled from follow-on schedule check
[2026-04-25T13:29:18.923+0000] {local_task_job_runner.py:222} INFO - ::endgroup::
