[2026-04-25T12:41:33.000+0000] {manager.py:470} INFO - Processing files using up to 1 processes at a time 
[2026-04-25T12:41:33.001+0000] {manager.py:471} INFO - Process each file at most once every 30 seconds
[2026-04-25T12:41:33.002+0000] {manager.py:472} INFO - Checking for new files in /opt/airflow/dags every 300 seconds
[2026-04-25T12:41:33.002+0000] {manager.py:737} INFO - Searching for files in /opt/airflow/dags
[2026-04-25T12:41:33.030+0000] {manager.py:740} INFO - There are 2 files in /opt/airflow/dags
[2026-04-25T12:41:33.490+0000] {manager.py:878} INFO - 
================================================================================
DAG File Processing Stats

File Path                             PID    Runtime      # DAGs    # Errors  Last Runtime    Last Run
------------------------------------  -----  ---------  --------  ----------  --------------  -------------------
/opt/airflow/dags/weather_dag.py                               1           0  0.41s           2026-04-25T12:41:33
/opt/airflow/dags/fetch_and_store.py                           0           0
================================================================================
[2026-04-25T12:42:01.414+0000] {manager.py:878} INFO - 
================================================================================
DAG File Processing Stats

File Path                             PID    Runtime      # DAGs    # Errors  Last Runtime    Last Run
------------------------------------  -----  ---------  --------  ----------  --------------  -------------------
/opt/airflow/dags/weather_dag.py                               1           0  0.41s           2026-04-25T12:41:33
/opt/airflow/dags/fetch_and_store.py                           0           0  0.20s           2026-04-25T12:41:34
================================================================================
[2026-04-25T12:42:39.660+0000] {manager.py:878} INFO - 
================================================================================
DAG File Processing Stats

File Path                             PID    Runtime      # DAGs    # Errors  Last Runtime    Last Run
------------------------------------  -----  ---------  --------  ----------  --------------  -------------------
/opt/airflow/dags/weather_dag.py                               1           0  1.21s           2026-04-25T12:42:39
/opt/airflow/dags/fetch_and_store.py                           0           0  0.10s           2026-04-25T12:42:05
================================================================================
[2026-04-25T12:43:19.576+0000] {manager.py:878} INFO - 
================================================================================
DAG File Processing Stats

File Path                             PID    Runtime      # DAGs    # Errors  Last Runtime    Last Run
------------------------------------  -----  ---------  --------  ----------  --------------  -------------------
/opt/airflow/dags/weather_dag.py                               1           0  1.11s           2026-04-25T12:43:19
/opt/airflow/dags/fetch_and_store.py                           0           0  0.10s           2026-04-25T12:42:40
================================================================================
[2026-04-25T12:43:49.042+0000] {manager.py:878} INFO - 
================================================================================
DAG File Processing Stats

File Path                             PID    Runtime      # DAGs    # Errors  Last Runtime    Last Run
------------------------------------  -----  ---------  --------  ----------  --------------  -------------------
/opt/airflow/dags/weather_dag.py                               1           0  1.11s           2026-04-25T12:43:19
/opt/airflow/dags/fetch_and_store.py                           0           0  0.10s           2026-04-25T12:43:19
================================================================================
[2026-04-25T12:44:23.298+0000] {manager.py:878} INFO - 
================================================================================
DAG File Processing Stats

File Path                             PID    Runtime      # DAGs    # Errors  Last Runtime    Last Run
------------------------------------  -----  ---------  --------  ----------  --------------  -------------------
/opt/airflow/dags/weather_dag.py                               1           0  1.00s           2026-04-25T12:44:23
/opt/airflow/dags/fetch_and_store.py                           0           0  0.10s           2026-04-25T12:43:51
================================================================================
[2026-04-25T12:44:52.200+0000] {manager.py:878} INFO - 
================================================================================
DAG File Processing Stats

File Path                             PID    Runtime      # DAGs    # Errors  Last Runtime    Last Run
------------------------------------  -----  ---------  --------  ----------  --------------  -------------------
/opt/airflow/dags/weather_dag.py                               1           0  1.00s           2026-04-25T12:44:23
/opt/airflow/dags/fetch_and_store.py                           0           0  0.10s           2026-04-25T12:44:24
================================================================================
[2026-04-25T12:45:21.488+0000] {manager.py:878} INFO - 
================================================================================
DAG File Processing Stats

File Path                             PID    Runtime      # DAGs    # Errors  Last Runtime    Last Run
------------------------------------  -----  ---------  --------  ----------  --------------  -------------------
/opt/airflow/dags/weather_dag.py                               1           0  0.30s           2026-04-25T12:44:54
/opt/airflow/dags/fetch_and_store.py                           0           0  0.10s           2026-04-25T12:44:55
================================================================================
[2026-04-25T12:45:50.483+0000] {manager.py:878} INFO - 
================================================================================
DAG File Processing Stats

File Path                             PID    Runtime      # DAGs    # Errors  Last Runtime    Last Run
------------------------------------  -----  ---------  --------  ----------  --------------  -------------------
/opt/airflow/dags/weather_dag.py                               1           0  0.30s           2026-04-25T12:45:25
/opt/airflow/dags/fetch_and_store.py                           0           0  0.20s           2026-04-25T12:45:26
================================================================================
[2026-04-25T12:46:18.872+0000] {manager.py:878} INFO - 
================================================================================
DAG File Processing Stats

File Path                             PID    Runtime      # DAGs    # Errors  Last Runtime    Last Run
------------------------------------  -----  ---------  --------  ----------  --------------  -------------------
/opt/airflow/dags/weather_dag.py                               1           0  0.20s           2026-04-25T12:45:55
/opt/airflow/dags/fetch_and_store.py                           0           0  0.10s           2026-04-25T12:45:56
================================================================================
[2026-04-25T12:46:33.948+0000] {manager.py:737} INFO - Searching for files in /opt/airflow/dags
[2026-04-25T12:46:33.980+0000] {manager.py:740} INFO - There are 2 files in /opt/airflow/dags
[2026-04-25T12:46:47.547+0000] {manager.py:878} INFO - 
================================================================================
DAG File Processing Stats

File Path                             PID    Runtime      # DAGs    # Errors  Last Runtime    Last Run
------------------------------------  -----  ---------  --------  ----------  --------------  -------------------
/opt/airflow/dags/weather_dag.py                               1           0  0.20s           2026-04-25T12:46:26
/opt/airflow/dags/fetch_and_store.py                           0           0  0.10s           2026-04-25T12:46:27
================================================================================
[2026-04-25T12:47:16.098+0000] {manager.py:878} INFO - 
================================================================================
DAG File Processing Stats

File Path                             PID    Runtime      # DAGs    # Errors  Last Runtime    Last Run
------------------------------------  -----  ---------  --------  ----------  --------------  -------------------
/opt/airflow/dags/weather_dag.py                               1           0  0.20s           2026-04-25T12:46:56
/opt/airflow/dags/fetch_and_store.py                           0           0  0.10s           2026-04-25T12:46:57
================================================================================
[2026-04-25T12:47:44.586+0000] {manager.py:878} INFO - 
================================================================================
DAG File Processing Stats

File Path                             PID    Runtime      # DAGs    # Errors  Last Runtime    Last Run
------------------------------------  -----  ---------  --------  ----------  --------------  -------------------
/opt/airflow/dags/weather_dag.py                               1           0  0.21s           2026-04-25T12:47:27
/opt/airflow/dags/fetch_and_store.py                           0           0  0.10s           2026-04-25T12:47:28
================================================================================
[2026-04-25T12:48:12.916+0000] {manager.py:878} INFO - 
================================================================================
DAG File Processing Stats

File Path                             PID    Runtime      # DAGs    # Errors  Last Runtime    Last Run
------------------------------------  -----  ---------  --------  ----------  --------------  -------------------
/opt/airflow/dags/weather_dag.py                               1           0  0.20s           2026-04-25T12:47:57
/opt/airflow/dags/fetch_and_store.py                           0           0  0.10s           2026-04-25T12:47:58
================================================================================
[2026-04-25T12:48:41.257+0000] {manager.py:878} INFO - 
================================================================================
DAG File Processing Stats

File Path                             PID    Runtime      # DAGs    # Errors  Last Runtime    Last Run
------------------------------------  -----  ---------  --------  ----------  --------------  -------------------
/opt/airflow/dags/weather_dag.py                               1           0  0.21s           2026-04-25T12:48:28
/opt/airflow/dags/fetch_and_store.py                           0           0  0.10s           2026-04-25T12:48:29
================================================================================
[2026-04-25T12:49:09.299+0000] {manager.py:878} INFO - 
================================================================================
DAG File Processing Stats

File Path                             PID    Runtime      # DAGs    # Errors  Last Runtime    Last Run
------------------------------------  -----  ---------  --------  ----------  --------------  -------------------
/opt/airflow/dags/weather_dag.py                               1           0  0.20s           2026-04-25T12:48:58
/opt/airflow/dags/fetch_and_store.py                           0           0  0.10s           2026-04-25T12:48:59
================================================================================
[2026-04-25T12:49:37.559+0000] {manager.py:878} INFO - 
================================================================================
DAG File Processing Stats

File Path                             PID    Runtime      # DAGs    # Errors  Last Runtime    Last Run
------------------------------------  -----  ---------  --------  ----------  --------------  -------------------
/opt/airflow/dags/weather_dag.py                               1           0  0.20s           2026-04-25T12:49:29
/opt/airflow/dags/fetch_and_store.py                           0           0  0.10s           2026-04-25T12:49:30
================================================================================
[2026-04-25T12:50:20.091+0000] {manager.py:878} INFO - 
================================================================================
DAG File Processing Stats

File Path                             PID    Runtime      # DAGs    # Errors  Last Runtime    Last Run
------------------------------------  -----  ---------  --------  ----------  --------------  -------------------
/opt/airflow/dags/weather_dag.py                               1           0  0.20s           2026-04-25T12:50:00
/opt/airflow/dags/fetch_and_store.py                           0           0  0.10s           2026-04-25T12:50:01
================================================================================
[2026-04-25T12:50:48.144+0000] {manager.py:878} INFO - 
================================================================================
DAG File Processing Stats

File Path                             PID    Runtime      # DAGs    # Errors  Last Runtime    Last Run
------------------------------------  -----  ---------  --------  ----------  --------------  -------------------
/opt/airflow/dags/weather_dag.py                               1           0  0.30s           2026-04-25T12:50:31
/opt/airflow/dags/fetch_and_store.py                           0           0  0.10s           2026-04-25T12:50:32
================================================================================
[2026-04-25T12:51:15.794+0000] {manager.py:878} INFO - 
================================================================================
DAG File Processing Stats

File Path                             PID    Runtime      # DAGs    # Errors  Last Runtime    Last Run
------------------------------------  -----  ---------  --------  ----------  --------------  -------------------
/opt/airflow/dags/weather_dag.py                               1           0  0.21s           2026-04-25T12:51:02
/opt/airflow/dags/fetch_and_store.py                           0           0  0.10s           2026-04-25T12:51:03
================================================================================
[2026-04-25T12:51:34.029+0000] {manager.py:737} INFO - Searching for files in /opt/airflow/dags
[2026-04-25T12:51:34.054+0000] {manager.py:740} INFO - There are 2 files in /opt/airflow/dags
[2026-04-25T12:51:43.769+0000] {manager.py:878} INFO - 
================================================================================
DAG File Processing Stats

File Path                             PID    Runtime      # DAGs    # Errors  Last Runtime    Last Run
------------------------------------  -----  ---------  --------  ----------  --------------  -------------------
/opt/airflow/dags/weather_dag.py                               1           0  0.20s           2026-04-25T12:51:32
/opt/airflow/dags/fetch_and_store.py                           0           0  0.10s           2026-04-25T12:51:33
================================================================================
[2026-04-25T12:52:11.607+0000] {manager.py:878} INFO - 
================================================================================
DAG File Processing Stats

File Path                             PID    Runtime      # DAGs    # Errors  Last Runtime    Last Run
------------------------------------  -----  ---------  --------  ----------  --------------  -------------------
/opt/airflow/dags/weather_dag.py                               1           0  0.20s           2026-04-25T12:52:03
/opt/airflow/dags/fetch_and_store.py                           0           0  0.10s           2026-04-25T12:52:04
================================================================================
[2026-04-25T12:52:39.441+0000] {manager.py:878} INFO - 
================================================================================
DAG File Processing Stats

File Path                             PID    Runtime      # DAGs    # Errors  Last Runtime    Last Run
------------------------------------  -----  ---------  --------  ----------  --------------  -------------------
/opt/airflow/dags/weather_dag.py                               1           0  0.20s           2026-04-25T12:52:34
/opt/airflow/dags/fetch_and_store.py                           0           0  0.10s           2026-04-25T12:52:35
================================================================================
[2026-04-25T12:53:07.294+0000] {manager.py:878} INFO - 
================================================================================
DAG File Processing Stats

File Path                             PID    Runtime      # DAGs    # Errors  Last Runtime    Last Run
------------------------------------  -----  ---------  --------  ----------  --------------  -------------------
/opt/airflow/dags/weather_dag.py                               1           0  0.21s           2026-04-25T12:53:05
/opt/airflow/dags/fetch_and_store.py                           0           0  0.10s           2026-04-25T12:53:06
================================================================================
[2026-04-25T12:53:35.090+0000] {manager.py:878} INFO - 
================================================================================
DAG File Processing Stats

File Path                             PID    Runtime      # DAGs    # Errors  Last Runtime    Last Run
------------------------------------  -----  ---------  --------  ----------  --------------  -------------------
/opt/airflow/dags/weather_dag.py                               1           0  0.21s           2026-04-25T12:53:05
/opt/airflow/dags/fetch_and_store.py                           0           0  0.10s           2026-04-25T12:53:06
================================================================================
[2026-04-25T12:54:02.949+0000] {manager.py:878} INFO - 
================================================================================
DAG File Processing Stats

File Path                             PID    Runtime      # DAGs    # Errors  Last Runtime    Last Run
------------------------------------  -----  ---------  --------  ----------  --------------  -------------------
/opt/airflow/dags/weather_dag.py                               1           0  0.21s           2026-04-25T12:53:36
/opt/airflow/dags/fetch_and_store.py                           0           0  0.10s           2026-04-25T12:53:37
================================================================================
[2026-04-25T12:54:30.791+0000] {manager.py:878} INFO - 
================================================================================
DAG File Processing Stats

File Path                             PID    Runtime      # DAGs    # Errors  Last Runtime    Last Run
------------------------------------  -----  ---------  --------  ----------  --------------  -------------------
/opt/airflow/dags/weather_dag.py                               1           0  0.21s           2026-04-25T12:54:06
/opt/airflow/dags/fetch_and_store.py                           0           0  0.10s           2026-04-25T12:54:07
================================================================================
[2026-04-25T12:54:58.600+0000] {manager.py:878} INFO - 
================================================================================
DAG File Processing Stats

File Path                             PID    Runtime      # DAGs    # Errors  Last Runtime    Last Run
------------------------------------  -----  ---------  --------  ----------  --------------  -------------------
/opt/airflow/dags/weather_dag.py                               1           0  0.21s           2026-04-25T12:54:37
/opt/airflow/dags/fetch_and_store.py                           0           0  0.10s           2026-04-25T12:54:38
================================================================================
[2026-04-25T12:55:26.420+0000] {manager.py:878} INFO - 
================================================================================
DAG File Processing Stats

File Path                             PID    Runtime      # DAGs    # Errors  Last Runtime    Last Run
------------------------------------  -----  ---------  --------  ----------  --------------  -------------------
/opt/airflow/dags/weather_dag.py                               1           0  0.21s           2026-04-25T12:55:09
/opt/airflow/dags/fetch_and_store.py                           0           0  0.10s           2026-04-25T12:55:10
================================================================================
[2026-04-25T12:55:54.188+0000] {manager.py:878} INFO - 
================================================================================
DAG File Processing Stats

File Path                             PID    Runtime      # DAGs    # Errors  Last Runtime    Last Run
------------------------------------  -----  ---------  --------  ----------  --------------  -------------------
/opt/airflow/dags/weather_dag.py                               1           0  0.21s           2026-04-25T12:55:40
/opt/airflow/dags/fetch_and_store.py                           0           0  0.10s           2026-04-25T12:55:41
================================================================================
[2026-04-25T12:56:21.998+0000] {manager.py:878} INFO - 
================================================================================
DAG File Processing Stats

File Path                             PID    Runtime      # DAGs    # Errors  Last Runtime    Last Run
------------------------------------  -----  ---------  --------  ----------  --------------  -------------------
/opt/airflow/dags/weather_dag.py                               1           0  0.21s           2026-04-25T12:56:10
/opt/airflow/dags/fetch_and_store.py                           0           0  0.10s           2026-04-25T12:56:11
================================================================================
[2026-04-25T12:56:34.567+0000] {manager.py:737} INFO - Searching for files in /opt/airflow/dags
[2026-04-25T12:56:34.596+0000] {manager.py:740} INFO - There are 2 files in /opt/airflow/dags
[2026-04-25T12:56:49.801+0000] {manager.py:878} INFO - 
================================================================================
DAG File Processing Stats

File Path                             PID    Runtime      # DAGs    # Errors  Last Runtime    Last Run
------------------------------------  -----  ---------  --------  ----------  --------------  -------------------
/opt/airflow/dags/weather_dag.py                               1           0  0.21s           2026-04-25T12:56:41
/opt/airflow/dags/fetch_and_store.py                           0           0  0.10s           2026-04-25T12:56:42
================================================================================
[2026-04-25T12:57:17.420+0000] {manager.py:878} INFO - 
================================================================================
DAG File Processing Stats

File Path                             PID    Runtime      # DAGs    # Errors  Last Runtime    Last Run
------------------------------------  -----  ---------  --------  ----------  --------------  -------------------
/opt/airflow/dags/weather_dag.py                               1           0  0.21s           2026-04-25T12:57:12
/opt/airflow/dags/fetch_and_store.py                           0           0  0.10s           2026-04-25T12:57:13
================================================================================
[2026-04-25T12:57:45.235+0000] {manager.py:878} INFO - 
================================================================================
DAG File Processing Stats

File Path                             PID    Runtime      # DAGs    # Errors  Last Runtime    Last Run
------------------------------------  -----  ---------  --------  ----------  --------------  -------------------
/opt/airflow/dags/weather_dag.py                               1           0  0.21s           2026-04-25T12:57:43
/opt/airflow/dags/fetch_and_store.py                           0           0  0.10s           2026-04-25T12:57:44
================================================================================
[2026-04-25T12:58:12.943+0000] {manager.py:878} INFO - 
================================================================================
DAG File Processing Stats

File Path                             PID    Runtime      # DAGs    # Errors  Last Runtime    Last Run
------------------------------------  -----  ---------  --------  ----------  --------------  -------------------
/opt/airflow/dags/weather_dag.py                               1           0  0.21s           2026-04-25T12:57:43
/opt/airflow/dags/fetch_and_store.py                           0           0  0.10s           2026-04-25T12:57:44
================================================================================
[2026-04-25T12:58:40.656+0000] {manager.py:878} INFO - 
================================================================================
DAG File Processing Stats

File Path                             PID    Runtime      # DAGs    # Errors  Last Runtime    Last Run
------------------------------------  -----  ---------  --------  ----------  --------------  -------------------
/opt/airflow/dags/weather_dag.py                               1           0  0.20s           2026-04-25T12:58:14
/opt/airflow/dags/fetch_and_store.py                           0           0  0.10s           2026-04-25T12:58:15
================================================================================
[2026-04-25T12:59:08.241+0000] {manager.py:878} INFO - 
================================================================================
DAG File Processing Stats

File Path                             PID    Runtime      # DAGs    # Errors  Last Runtime    Last Run
------------------------------------  -----  ---------  --------  ----------  --------------  -------------------
/opt/airflow/dags/weather_dag.py                               1           0  0.20s           2026-04-25T12:58:45
/opt/airflow/dags/fetch_and_store.py                           0           0  0.10s           2026-04-25T12:58:46
================================================================================
[2026-04-25T12:59:35.710+0000] {manager.py:878} INFO - 
================================================================================
DAG File Processing Stats

File Path                             PID    Runtime      # DAGs    # Errors  Last Runtime    Last Run
------------------------------------  -----  ---------  --------  ----------  --------------  -------------------
/opt/airflow/dags/weather_dag.py                               1           0  0.21s           2026-04-25T12:59:15
/opt/airflow/dags/fetch_and_store.py                           0           0  0.10s           2026-04-25T12:59:16
================================================================================
[2026-04-25T13:00:26.473+0000] {manager.py:878} INFO - 
================================================================================
DAG File Processing Stats

File Path                             PID    Runtime      # DAGs    # Errors  Last Runtime    Last Run
------------------------------------  -----  ---------  --------  ----------  --------------  -------------------
/opt/airflow/dags/weather_dag.py                               1           0  0.20s           2026-04-25T13:00:26
/opt/airflow/dags/fetch_and_store.py                           0           0  0.10s           2026-04-25T12:59:47
================================================================================
[2026-04-25T13:00:54.881+0000] {manager.py:878} INFO - 
================================================================================
DAG File Processing Stats

File Path                             PID    Runtime      # DAGs    # Errors  Last Runtime    Last Run
------------------------------------  -----  ---------  --------  ----------  --------------  -------------------
/opt/airflow/dags/weather_dag.py                               1           0  0.20s           2026-04-25T13:00:26
/opt/airflow/dags/fetch_and_store.py                           0           0  0.10s           2026-04-25T13:00:27
================================================================================
[2026-04-25T13:01:22.473+0000] {manager.py:878} INFO - 
================================================================================
DAG File Processing Stats

File Path                             PID    Runtime      # DAGs    # Errors  Last Runtime    Last Run
------------------------------------  -----  ---------  --------  ----------  --------------  -------------------
/opt/airflow/dags/weather_dag.py                               1           0  0.20s           2026-04-25T13:00:57
/opt/airflow/dags/fetch_and_store.py                           0           0  0.10s           2026-04-25T13:00:58
================================================================================
[2026-04-25T13:01:34.797+0000] {manager.py:737} INFO - Searching for files in /opt/airflow/dags
[2026-04-25T13:01:34.829+0000] {manager.py:740} INFO - There are 2 files in /opt/airflow/dags
[2026-04-25T13:01:49.909+0000] {manager.py:878} INFO - 
================================================================================
DAG File Processing Stats

File Path                             PID    Runtime      # DAGs    # Errors  Last Runtime    Last Run
------------------------------------  -----  ---------  --------  ----------  --------------  -------------------
/opt/airflow/dags/weather_dag.py                               1           0  0.20s           2026-04-25T13:01:27
/opt/airflow/dags/fetch_and_store.py                           0           0  0.10s           2026-04-25T13:01:28
================================================================================
[2026-04-25T13:02:17.457+0000] {manager.py:878} INFO - 
================================================================================
DAG File Processing Stats

File Path                             PID    Runtime      # DAGs    # Errors  Last Runtime    Last Run
------------------------------------  -----  ---------  --------  ----------  --------------  -------------------
/opt/airflow/dags/weather_dag.py                               1           0  0.21s           2026-04-25T13:01:58
/opt/airflow/dags/fetch_and_store.py                           0           0  0.10s           2026-04-25T13:01:59
================================================================================
[2026-04-25T13:02:45.135+0000] {manager.py:878} INFO - 
================================================================================
DAG File Processing Stats

File Path                             PID    Runtime      # DAGs    # Errors  Last Runtime    Last Run
------------------------------------  -----  ---------  --------  ----------  --------------  -------------------
/opt/airflow/dags/weather_dag.py                               1           0  0.20s           2026-04-25T13:02:28
/opt/airflow/dags/fetch_and_store.py                           0           0  0.10s           2026-04-25T13:02:30
================================================================================
[2026-04-25T13:03:12.557+0000] {manager.py:878} INFO - 
================================================================================
DAG File Processing Stats

File Path                             PID    Runtime      # DAGs    # Errors  Last Runtime    Last Run
------------------------------------  -----  ---------  --------  ----------  --------------  -------------------
/opt/airflow/dags/weather_dag.py                               1           0  0.21s           2026-04-25T13:02:59
/opt/airflow/dags/fetch_and_store.py                           0           0  0.10s           2026-04-25T13:03:00
================================================================================
[2026-04-25T13:03:40.471+0000] {manager.py:878} INFO - 
================================================================================
DAG File Processing Stats

File Path                             PID    Runtime      # DAGs    # Errors  Last Runtime    Last Run
------------------------------------  -----  ---------  --------  ----------  --------------  -------------------
/opt/airflow/dags/weather_dag.py                               1           0  0.20s           2026-04-25T13:03:30
/opt/airflow/dags/fetch_and_store.py                           0           0  0.10s           2026-04-25T13:03:31
================================================================================
[2026-04-25T13:04:07.993+0000] {manager.py:878} INFO - 
================================================================================
DAG File Processing Stats

File Path                             PID    Runtime      # DAGs    # Errors  Last Runtime    Last Run
------------------------------------  -----  ---------  --------  ----------  --------------  -------------------
/opt/airflow/dags/weather_dag.py                               1           0  0.20s           2026-04-25T13:04:01
/opt/airflow/dags/fetch_and_store.py                           0           0  0.11s           2026-04-25T13:04:01
================================================================================
[2026-04-25T13:04:35.444+0000] {manager.py:878} INFO - 
================================================================================
DAG File Processing Stats

File Path                             PID    Runtime      # DAGs    # Errors  Last Runtime    Last Run
------------------------------------  -----  ---------  --------  ----------  --------------  -------------------
/opt/airflow/dags/weather_dag.py                               1           0  0.20s           2026-04-25T13:04:31
/opt/airflow/dags/fetch_and_store.py                           0           0  0.10s           2026-04-25T13:04:32
================================================================================
[2026-04-25T13:05:45.270+0000] {manager.py:452} INFO - Exiting gracefully upon receiving signal 15
[2026-04-25T13:05:46.432+0000] {manager.py:470} INFO - Processing files using up to 1 processes at a time 
[2026-04-25T13:05:46.433+0000] {manager.py:471} INFO - Process each file at most once every 30 seconds
[2026-04-25T13:05:46.433+0000] {manager.py:472} INFO - Checking for new files in /opt/airflow/dags every 300 seconds
[2026-04-25T13:05:46.434+0000] {manager.py:737} INFO - Searching for files in /opt/airflow/dags
[2026-04-25T13:05:46.463+0000] {manager.py:740} INFO - There are 2 files in /opt/airflow/dags
[2026-04-25T13:05:46.899+0000] {manager.py:878} INFO - 
================================================================================
DAG File Processing Stats

File Path                             PID    Runtime      # DAGs    # Errors  Last Runtime    Last Run
------------------------------------  -----  ---------  --------  ----------  --------------  -------------------
/opt/airflow/dags/weather_dag.py                               1           0  0.40s           2026-04-25T13:05:46
/opt/airflow/dags/fetch_and_store.py                           0           0
================================================================================
[2026-04-25T13:06:14.597+0000] {manager.py:878} INFO - 
================================================================================
DAG File Processing Stats

File Path                             PID    Runtime      # DAGs    # Errors  Last Runtime    Last Run
------------------------------------  -----  ---------  --------  ----------  --------------  -------------------
/opt/airflow/dags/weather_dag.py                               1           0  0.40s           2026-04-25T13:05:46
/opt/airflow/dags/fetch_and_store.py                           0           0  0.21s           2026-04-25T13:05:52
================================================================================
[2026-04-25T13:06:41.887+0000] {manager.py:878} INFO - 
================================================================================
DAG File Processing Stats

File Path                             PID    Runtime      # DAGs    # Errors  Last Runtime    Last Run
------------------------------------  -----  ---------  --------  ----------  --------------  -------------------
/opt/airflow/dags/weather_dag.py                               1           0  0.21s           2026-04-25T13:06:17
/opt/airflow/dags/fetch_and_store.py                           0           0  0.10s           2026-04-25T13:06:23
================================================================================
[2026-04-25T13:07:09.224+0000] {manager.py:878} INFO - 
================================================================================
DAG File Processing Stats

File Path                             PID    Runtime      # DAGs    # Errors  Last Runtime    Last Run
------------------------------------  -----  ---------  --------  ----------  --------------  -------------------
/opt/airflow/dags/weather_dag.py                               1           0  0.20s           2026-04-25T13:06:47
/opt/airflow/dags/fetch_and_store.py                           0           0  0.10s           2026-04-25T13:06:53
================================================================================
[2026-04-25T13:07:36.590+0000] {manager.py:878} INFO - 
================================================================================
DAG File Processing Stats

File Path                             PID    Runtime      # DAGs    # Errors  Last Runtime    Last Run
------------------------------------  -----  ---------  --------  ----------  --------------  -------------------
/opt/airflow/dags/weather_dag.py                               1           0  0.21s           2026-04-25T13:07:18
/opt/airflow/dags/fetch_and_store.py                           0           0  0.10s           2026-04-25T13:07:24
================================================================================
[2026-04-25T13:08:03.882+0000] {manager.py:878} INFO - 
================================================================================
DAG File Processing Stats

File Path                             PID    Runtime      # DAGs    # Errors  Last Runtime    Last Run
------------------------------------  -----  ---------  --------  ----------  --------------  -------------------
/opt/airflow/dags/weather_dag.py                               1           0  0.20s           2026-04-25T13:07:48
/opt/airflow/dags/fetch_and_store.py                           0           0  0.10s           2026-04-25T13:07:54
================================================================================
[2026-04-25T13:08:31.186+0000] {manager.py:878} INFO - 
================================================================================
DAG File Processing Stats

File Path                             PID    Runtime      # DAGs    # Errors  Last Runtime    Last Run
------------------------------------  -----  ---------  --------  ----------  --------------  -------------------
/opt/airflow/dags/weather_dag.py                               1           0  0.20s           2026-04-25T13:08:18
/opt/airflow/dags/fetch_and_store.py                           0           0  0.10s           2026-04-25T13:08:25
================================================================================
[2026-04-25T13:08:58.500+0000] {manager.py:878} INFO - 
================================================================================
DAG File Processing Stats

File Path                             PID    Runtime      # DAGs    # Errors  Last Runtime    Last Run
------------------------------------  -----  ---------  --------  ----------  --------------  -------------------
/opt/airflow/dags/weather_dag.py                               1           0  0.21s           2026-04-25T13:08:49
/opt/airflow/dags/fetch_and_store.py                           0           0  0.10s           2026-04-25T13:08:55
================================================================================
[2026-04-25T13:09:25.914+0000] {manager.py:878} INFO - 
================================================================================
DAG File Processing Stats

File Path                             PID    Runtime      # DAGs    # Errors  Last Runtime    Last Run
------------------------------------  -----  ---------  --------  ----------  --------------  -------------------
/opt/airflow/dags/fetch_and_store.py                           0           0  0.10s           2026-04-25T13:09:25
/opt/airflow/dags/weather_dag.py                               1           0  -2.57s          2026-04-25T13:09:17
================================================================================
[2026-04-25T13:09:54.139+0000] {manager.py:878} INFO - 
================================================================================
DAG File Processing Stats

File Path                             PID    Runtime      # DAGs    # Errors  Last Runtime    Last Run
------------------------------------  -----  ---------  --------  ----------  --------------  -------------------
/opt/airflow/dags/weather_dag.py                               1           0  0.21s           2026-04-25T13:09:47
/opt/airflow/dags/fetch_and_store.py                           0           0  0.10s           2026-04-25T13:09:25
================================================================================
[2026-04-25T13:10:25.613+0000] {manager.py:878} INFO - 
================================================================================
DAG File Processing Stats

File Path                             PID    Runtime      # DAGs    # Errors  Last Runtime    Last Run
------------------------------------  -----  ---------  --------  ----------  --------------  -------------------
/opt/airflow/dags/weather_dag.py                               1           0  0.20s           2026-04-25T13:10:25
/opt/airflow/dags/fetch_and_store.py                           0           0  0.10s           2026-04-25T13:09:56
================================================================================
[2026-04-25T13:10:46.854+0000] {manager.py:737} INFO - Searching for files in /opt/airflow/dags
[2026-04-25T13:10:46.886+0000] {manager.py:740} INFO - There are 2 files in /opt/airflow/dags
[2026-04-25T13:10:53.800+0000] {manager.py:878} INFO - 
================================================================================
DAG File Processing Stats

File Path                             PID    Runtime      # DAGs    # Errors  Last Runtime    Last Run
------------------------------------  -----  ---------  --------  ----------  --------------  -------------------
/opt/airflow/dags/weather_dag.py                               1           0  0.20s           2026-04-25T13:10:25
/opt/airflow/dags/fetch_and_store.py                           0           0  0.10s           2026-04-25T13:10:27
================================================================================
[2026-04-25T13:11:21.347+0000] {manager.py:878} INFO - 
================================================================================
DAG File Processing Stats

File Path                             PID    Runtime      # DAGs    # Errors  Last Runtime    Last Run
------------------------------------  -----  ---------  --------  ----------  --------------  -------------------
/opt/airflow/dags/weather_dag.py                               1           0  0.21s           2026-04-25T13:10:56
/opt/airflow/dags/fetch_and_store.py                           0           0  0.10s           2026-04-25T13:10:57
================================================================================
[2026-04-25T13:11:48.729+0000] {manager.py:878} INFO - 
================================================================================
DAG File Processing Stats

File Path                             PID    Runtime      # DAGs    # Errors  Last Runtime    Last Run
------------------------------------  -----  ---------  --------  ----------  --------------  -------------------
/opt/airflow/dags/weather_dag.py                               1           0  0.20s           2026-04-25T13:11:26
/opt/airflow/dags/fetch_and_store.py                           0           0  0.10s           2026-04-25T13:11:28
================================================================================
[2026-04-25T13:12:16.106+0000] {manager.py:878} INFO - 
================================================================================
DAG File Processing Stats

File Path                             PID    Runtime      # DAGs    # Errors  Last Runtime    Last Run
------------------------------------  -----  ---------  --------  ----------  --------------  -------------------
/opt/airflow/dags/weather_dag.py                               1           0  0.20s           2026-04-25T13:11:57
/opt/airflow/dags/fetch_and_store.py                           0           0  0.10s           2026-04-25T13:11:58
================================================================================
[2026-04-25T13:12:43.509+0000] {manager.py:878} INFO - 
================================================================================
DAG File Processing Stats

File Path                             PID    Runtime      # DAGs    # Errors  Last Runtime    Last Run
------------------------------------  -----  ---------  --------  ----------  --------------  -------------------
/opt/airflow/dags/weather_dag.py                               1           0  0.20s           2026-04-25T13:12:27
/opt/airflow/dags/fetch_and_store.py                           0           0  0.10s           2026-04-25T13:12:29
================================================================================
[2026-04-25T13:13:11.225+0000] {manager.py:878} INFO - 
================================================================================
DAG File Processing Stats

File Path                             PID    Runtime      # DAGs    # Errors  Last Runtime    Last Run
------------------------------------  -----  ---------  --------  ----------  --------------  -------------------
/opt/airflow/dags/weather_dag.py                               1           0  0.21s           2026-04-25T13:12:57
/opt/airflow/dags/fetch_and_store.py                           0           0  0.10s           2026-04-25T13:13:00
================================================================================
[2026-04-25T13:13:38.590+0000] {manager.py:878} INFO - 
================================================================================
DAG File Processing Stats

File Path                             PID    Runtime      # DAGs    # Errors  Last Runtime    Last Run
------------------------------------  -----  ---------  --------  ----------  --------------  -------------------
/opt/airflow/dags/weather_dag.py                               1           0  0.21s           2026-04-25T13:13:28
/opt/airflow/dags/fetch_and_store.py                           0           0  0.10s           2026-04-25T13:13:30
================================================================================
[2026-04-25T13:14:05.976+0000] {manager.py:878} INFO - 
================================================================================
DAG File Processing Stats

File Path                             PID    Runtime      # DAGs    # Errors  Last Runtime    Last Run
------------------------------------  -----  ---------  --------  ----------  --------------  -------------------
/opt/airflow/dags/weather_dag.py                               1           0  0.21s           2026-04-25T13:13:59
/opt/airflow/dags/fetch_and_store.py                           0           0  0.10s           2026-04-25T13:14:01
================================================================================
[2026-04-25T13:14:33.363+0000] {manager.py:878} INFO - 
================================================================================
DAG File Processing Stats

File Path                             PID    Runtime      # DAGs    # Errors  Last Runtime    Last Run
------------------------------------  -----  ---------  --------  ----------  --------------  -------------------
/opt/airflow/dags/weather_dag.py                               1           0  0.20s           2026-04-25T13:14:29
/opt/airflow/dags/fetch_and_store.py                           0           0  0.10s           2026-04-25T13:14:31
================================================================================
[2026-04-25T13:15:00.816+0000] {manager.py:878} INFO - 
================================================================================
DAG File Processing Stats

File Path                             PID    Runtime      # DAGs    # Errors  Last Runtime    Last Run
------------------------------------  -----  ---------  --------  ----------  --------------  -------------------
/opt/airflow/dags/weather_dag.py                               1           0  0.20s           2026-04-25T13:14:59
/opt/airflow/dags/fetch_and_store.py                           0           0  0.10s           2026-04-25T13:14:31
================================================================================
[2026-04-25T13:15:28.333+0000] {manager.py:878} INFO - 
================================================================================
DAG File Processing Stats

File Path                             PID    Runtime      # DAGs    # Errors  Last Runtime    Last Run
------------------------------------  -----  ---------  --------  ----------  --------------  -------------------
/opt/airflow/dags/weather_dag.py                               1           0  0.20s           2026-04-25T13:14:59
/opt/airflow/dags/fetch_and_store.py                           0           0  0.10s           2026-04-25T13:15:01
================================================================================
[2026-04-25T13:15:47.715+0000] {manager.py:737} INFO - Searching for files in /opt/airflow/dags
[2026-04-25T13:15:47.745+0000] {manager.py:740} INFO - There are 2 files in /opt/airflow/dags
[2026-04-25T13:15:55.712+0000] {manager.py:878} INFO - 
================================================================================
DAG File Processing Stats

File Path                             PID    Runtime      # DAGs    # Errors  Last Runtime    Last Run
------------------------------------  -----  ---------  --------  ----------  --------------  -------------------
/opt/airflow/dags/weather_dag.py                               1           0  0.31s           2026-04-25T13:15:30
/opt/airflow/dags/fetch_and_store.py                           0           0  0.10s           2026-04-25T13:15:32
================================================================================
[2026-04-25T13:16:23.086+0000] {manager.py:878} INFO - 
================================================================================
DAG File Processing Stats

File Path                             PID    Runtime      # DAGs    # Errors  Last Runtime    Last Run
------------------------------------  -----  ---------  --------  ----------  --------------  -------------------
/opt/airflow/dags/weather_dag.py                               1           0  0.21s           2026-04-25T13:16:00
/opt/airflow/dags/fetch_and_store.py                           0           0  0.10s           2026-04-25T13:16:03
================================================================================
[2026-04-25T13:16:50.686+0000] {manager.py:878} INFO - 
================================================================================
DAG File Processing Stats

File Path                             PID    Runtime      # DAGs    # Errors  Last Runtime    Last Run
------------------------------------  -----  ---------  --------  ----------  --------------  -------------------
/opt/airflow/dags/weather_dag.py                               1           0  0.21s           2026-04-25T13:16:31
/opt/airflow/dags/fetch_and_store.py                           0           0  0.10s           2026-04-25T13:16:33
================================================================================
[2026-04-25T13:17:18.054+0000] {manager.py:878} INFO - 
================================================================================
DAG File Processing Stats

File Path                             PID    Runtime      # DAGs    # Errors  Last Runtime    Last Run
------------------------------------  -----  ---------  --------  ----------  --------------  -------------------
/opt/airflow/dags/weather_dag.py                               1           0  0.21s           2026-04-25T13:17:01
/opt/airflow/dags/fetch_and_store.py                           0           0  -3.91s          2026-04-25T13:17:00
================================================================================
[2026-04-25T13:17:45.447+0000] {manager.py:878} INFO - 
================================================================================
DAG File Processing Stats

File Path                             PID    Runtime      # DAGs    # Errors  Last Runtime    Last Run
------------------------------------  -----  ---------  --------  ----------  --------------  -------------------
/opt/airflow/dags/fetch_and_store.py                           0           0  0.20s           2026-04-25T13:17:30
/opt/airflow/dags/weather_dag.py                               1           0  0.20s           2026-04-25T13:17:32
================================================================================
[2026-04-25T13:18:13.045+0000] {manager.py:878} INFO - 
================================================================================
DAG File Processing Stats

File Path                             PID    Runtime      # DAGs    # Errors  Last Runtime    Last Run
------------------------------------  -----  ---------  --------  ----------  --------------  -------------------
/opt/airflow/dags/fetch_and_store.py                           0           0  0.21s           2026-04-25T13:18:00
/opt/airflow/dags/weather_dag.py                               1           0  0.20s           2026-04-25T13:18:03
================================================================================
[2026-04-25T13:18:40.670+0000] {manager.py:878} INFO - 
================================================================================
DAG File Processing Stats

File Path                             PID    Runtime      # DAGs    # Errors  Last Runtime    Last Run
------------------------------------  -----  ---------  --------  ----------  --------------  -------------------
/opt/airflow/dags/weather_dag.py                               1           0  0.21s           2026-04-25T13:18:33
/opt/airflow/dags/fetch_and_store.py                           0           0  0.10s           2026-04-25T13:18:31
================================================================================
[2026-04-25T13:19:08.048+0000] {manager.py:878} INFO - 
================================================================================
DAG File Processing Stats

File Path                             PID    Runtime      # DAGs    # Errors  Last Runtime    Last Run
------------------------------------  -----  ---------  --------  ----------  --------------  -------------------
/opt/airflow/dags/weather_dag.py                               1           0  0.20s           2026-04-25T13:19:04
/opt/airflow/dags/fetch_and_store.py                           0           0  0.10s           2026-04-25T13:19:02
================================================================================
[2026-04-25T13:19:35.683+0000] {manager.py:878} INFO - 
================================================================================
DAG File Processing Stats

File Path                             PID    Runtime      # DAGs    # Errors  Last Runtime    Last Run
------------------------------------  -----  ---------  --------  ----------  --------------  -------------------
/opt/airflow/dags/weather_dag.py                               1           0  0.21s           2026-04-25T13:19:34
/opt/airflow/dags/fetch_and_store.py                           0           0  0.10s           2026-04-25T13:19:32
================================================================================
[2026-04-25T13:20:21.182+0000] {manager.py:878} INFO - 
================================================================================
DAG File Processing Stats

File Path                             PID    Runtime      # DAGs    # Errors  Last Runtime    Last Run
------------------------------------  -----  ---------  --------  ----------  --------------  -------------------
/opt/airflow/dags/weather_dag.py                               1           0  0.30s           2026-04-25T13:20:21
/opt/airflow/dags/fetch_and_store.py                           0           0  0.10s           2026-04-25T13:19:32
================================================================================
[2026-04-25T13:20:48.120+0000] {manager.py:737} INFO - Searching for files in /opt/airflow/dags
[2026-04-25T13:20:48.150+0000] {manager.py:740} INFO - There are 2 files in /opt/airflow/dags
[2026-04-25T13:20:49.223+0000] {manager.py:878} INFO - 
================================================================================
DAG File Processing Stats

File Path                             PID    Runtime      # DAGs    # Errors  Last Runtime    Last Run
------------------------------------  -----  ---------  --------  ----------  --------------  -------------------
/opt/airflow/dags/weather_dag.py                               1           0  0.30s           2026-04-25T13:20:21
/opt/airflow/dags/fetch_and_store.py                           0           0  0.10s           2026-04-25T13:20:22
================================================================================
[2026-04-25T13:21:16.602+0000] {manager.py:878} INFO - 
================================================================================
DAG File Processing Stats

File Path                             PID    Runtime      # DAGs    # Errors  Last Runtime    Last Run
------------------------------------  -----  ---------  --------  ----------  --------------  -------------------
/opt/airflow/dags/weather_dag.py                               1           0  0.21s           2026-04-25T13:20:51
/opt/airflow/dags/fetch_and_store.py                           0           0  0.10s           2026-04-25T13:20:52
================================================================================
[2026-04-25T13:21:43.998+0000] {manager.py:878} INFO - 
================================================================================
DAG File Processing Stats

File Path                             PID    Runtime      # DAGs    # Errors  Last Runtime    Last Run
------------------------------------  -----  ---------  --------  ----------  --------------  -------------------
/opt/airflow/dags/weather_dag.py                               1           0  0.21s           2026-04-25T13:21:21
/opt/airflow/dags/fetch_and_store.py                           0           0  0.10s           2026-04-25T13:21:22
================================================================================
[2026-04-25T13:22:11.620+0000] {manager.py:878} INFO - 
================================================================================
DAG File Processing Stats

File Path                             PID    Runtime      # DAGs    # Errors  Last Runtime    Last Run
------------------------------------  -----  ---------  --------  ----------  --------------  -------------------
/opt/airflow/dags/weather_dag.py                               1           0  0.21s           2026-04-25T13:21:52
/opt/airflow/dags/fetch_and_store.py                           0           0  0.11s           2026-04-25T13:22:11
================================================================================
[2026-04-25T13:22:39.015+0000] {manager.py:878} INFO - 
================================================================================
DAG File Processing Stats

File Path                             PID    Runtime      # DAGs    # Errors  Last Runtime    Last Run
------------------------------------  -----  ---------  --------  ----------  --------------  -------------------
/opt/airflow/dags/weather_dag.py                               1           0  0.20s           2026-04-25T13:22:22
/opt/airflow/dags/fetch_and_store.py                           0           0  0.11s           2026-04-25T13:22:15
================================================================================
[2026-04-25T13:23:06.838+0000] {manager.py:878} INFO - 
================================================================================
DAG File Processing Stats

File Path                             PID    Runtime      # DAGs    # Errors  Last Runtime    Last Run
------------------------------------  -----  ---------  --------  ----------  --------------  -------------------
/opt/airflow/dags/weather_dag.py                               1           0  0.21s           2026-04-25T13:22:59
/opt/airflow/dags/fetch_and_store.py                           0           0  0.10s           2026-04-25T13:22:46
================================================================================
[2026-04-25T13:23:34.237+0000] {manager.py:878} INFO - 
================================================================================
DAG File Processing Stats

File Path                             PID    Runtime      # DAGs    # Errors  Last Runtime    Last Run
------------------------------------  -----  ---------  --------  ----------  --------------  -------------------
/opt/airflow/dags/weather_dag.py                               1           0  0.21s           2026-04-25T13:23:30
/opt/airflow/dags/fetch_and_store.py                           0           0  0.10s           2026-04-25T13:23:16
================================================================================
[2026-04-25T13:24:01.827+0000] {manager.py:878} INFO - 
================================================================================
DAG File Processing Stats

File Path                             PID    Runtime      # DAGs    # Errors  Last Runtime    Last Run
------------------------------------  -----  ---------  --------  ----------  --------------  -------------------
/opt/airflow/dags/weather_dag.py                               1           0  0.20s           2026-04-25T13:24:00
/opt/airflow/dags/fetch_and_store.py                           0           0  0.10s           2026-04-25T13:23:47
================================================================================
[2026-04-25T13:24:29.250+0000] {manager.py:878} INFO - 
================================================================================
DAG File Processing Stats

File Path                             PID    Runtime      # DAGs    # Errors  Last Runtime    Last Run
------------------------------------  -----  ---------  --------  ----------  --------------  -------------------
/opt/airflow/dags/weather_dag.py                               1           0  0.20s           2026-04-25T13:24:00
/opt/airflow/dags/fetch_and_store.py                           0           0  0.10s           2026-04-25T13:24:10
================================================================================
[2026-04-25T13:24:56.641+0000] {manager.py:878} INFO - 
================================================================================
DAG File Processing Stats

File Path                             PID    Runtime      # DAGs    # Errors  Last Runtime    Last Run
------------------------------------  -----  ---------  --------  ----------  --------------  -------------------
/opt/airflow/dags/weather_dag.py                               1           0  0.20s           2026-04-25T13:24:31
/opt/airflow/dags/fetch_and_store.py                           0           0  0.10s           2026-04-25T13:24:41
================================================================================
[2026-04-25T13:25:02.964+0000] {manager.py:452} INFO - Exiting gracefully upon receiving signal 15
[2026-04-25T13:25:41.362+0000] {manager.py:470} INFO - Processing files using up to 1 processes at a time 
[2026-04-25T13:25:41.363+0000] {manager.py:471} INFO - Process each file at most once every 30 seconds
[2026-04-25T13:25:41.364+0000] {manager.py:472} INFO - Checking for new files in /opt/airflow/dags every 300 seconds
[2026-04-25T13:25:41.364+0000] {manager.py:737} INFO - Searching for files in /opt/airflow/dags
[2026-04-25T13:25:41.386+0000] {manager.py:740} INFO - There are 2 files in /opt/airflow/dags
[2026-04-25T13:25:41.520+0000] {manager.py:878} INFO - 
================================================================================
DAG File Processing Stats

File Path                             PID    Runtime      # DAGs    # Errors  Last Runtime    Last Run
------------------------------------  -----  ---------  --------  ----------  --------------  -------------------
/opt/airflow/dags/fetch_and_store.py                           0           0  0.10s           2026-04-25T13:25:41
/opt/airflow/dags/weather_dag.py                               0           0
================================================================================
[2026-04-25T13:26:09.711+0000] {manager.py:878} INFO - 
================================================================================
DAG File Processing Stats

File Path                             PID    Runtime      # DAGs    # Errors  Last Runtime    Last Run
------------------------------------  -----  ---------  --------  ----------  --------------  -------------------
/opt/airflow/dags/weather_dag.py                               1           0  0.30s           2026-04-25T13:25:42
/opt/airflow/dags/fetch_and_store.py                           0           0  0.10s           2026-04-25T13:25:41
================================================================================
[2026-04-25T13:26:37.094+0000] {manager.py:878} INFO - 
================================================================================
DAG File Processing Stats

File Path                             PID    Runtime      # DAGs    # Errors  Last Runtime    Last Run
------------------------------------  -----  ---------  --------  ----------  --------------  -------------------
/opt/airflow/dags/fetch_and_store.py                           0           0  0.21s           2026-04-25T13:26:11
/opt/airflow/dags/weather_dag.py                               1           0  0.20s           2026-04-25T13:26:13
================================================================================
[2026-04-25T13:27:04.255+0000] {manager.py:878} INFO - 
================================================================================
DAG File Processing Stats

File Path                             PID    Runtime      # DAGs    # Errors  Last Runtime    Last Run
------------------------------------  -----  ---------  --------  ----------  --------------  -------------------
/opt/airflow/dags/fetch_and_store.py                           0           0  0.81s           2026-04-25T13:27:02
/opt/airflow/dags/weather_dag.py                               1           0  0.51s           2026-04-25T13:27:04
================================================================================
[2026-04-25T13:27:32.348+0000] {manager.py:878} INFO - 
================================================================================
DAG File Processing Stats

File Path                             PID    Runtime      # DAGs    # Errors  Last Runtime    Last Run
------------------------------------  -----  ---------  --------  ----------  --------------  -------------------
/opt/airflow/dags/fetch_and_store.py                           0           0  0.81s           2026-04-25T13:27:02
/opt/airflow/dags/weather_dag.py                               1           0  0.51s           2026-04-25T13:27:04
================================================================================
[2026-04-25T13:28:00.342+0000] {manager.py:878} INFO - 
================================================================================
DAG File Processing Stats

File Path                             PID    Runtime      # DAGs    # Errors  Last Runtime    Last Run
------------------------------------  -----  ---------  --------  ----------  --------------  -------------------
/opt/airflow/dags/weather_dag.py                               1           0  0.21s           2026-04-25T13:27:35
/opt/airflow/dags/fetch_and_store.py                           0           0  0.10s           2026-04-25T13:27:33
================================================================================
[2026-04-25T13:28:27.854+0000] {manager.py:878} INFO - 
================================================================================
DAG File Processing Stats

File Path                             PID    Runtime      # DAGs    # Errors  Last Runtime    Last Run
------------------------------------  -----  ---------  --------  ----------  --------------  -------------------
/opt/airflow/dags/weather_dag.py                               1           0  0.21s           2026-04-25T13:28:05
/opt/airflow/dags/fetch_and_store.py                           0           0  0.10s           2026-04-25T13:28:04
================================================================================
[2026-04-25T13:28:55.073+0000] {manager.py:878} INFO - 
================================================================================
DAG File Processing Stats

File Path                             PID    Runtime      # DAGs    # Errors  Last Runtime    Last Run
------------------------------------  -----  ---------  --------  ----------  --------------  -------------------
/opt/airflow/dags/fetch_and_store.py                           0           0  0.21s           2026-04-25T13:28:35
/opt/airflow/dags/weather_dag.py                               1           0  0.20s           2026-04-25T13:28:36
================================================================================
[2026-04-25T13:29:33.418+0000] {manager.py:878} INFO - 
================================================================================
DAG File Processing Stats

File Path                             PID    Runtime      # DAGs    # Errors  Last Runtime    Last Run
------------------------------------  -----  ---------  --------  ----------  --------------  -------------------
/opt/airflow/dags/weather_dag.py                               1           0  1.22s           2026-04-25T13:29:33
/opt/airflow/dags/fetch_and_store.py                           0           0  0.20s           2026-04-25T13:29:05
================================================================================
[2026-04-25T13:30:00.505+0000] {manager.py:878} INFO - 
================================================================================
DAG File Processing Stats

File Path                             PID    Runtime      # DAGs    # Errors  Last Runtime    Last Run
------------------------------------  -----  ---------  --------  ----------  --------------  -------------------
/opt/airflow/dags/weather_dag.py                               1           0  1.22s           2026-04-25T13:29:33
/opt/airflow/dags/fetch_and_store.py                           0           0  0.10s           2026-04-25T13:29:38
================================================================================
[2026-04-25T13:30:28.118+0000] {manager.py:878} INFO - 
================================================================================
DAG File Processing Stats

File Path                             PID    Runtime      # DAGs    # Errors  Last Runtime    Last Run
------------------------------------  -----  ---------  --------  ----------  --------------  -------------------
/opt/airflow/dags/fetch_and_store.py                           0           0  0.21s           2026-04-25T13:30:08
/opt/airflow/dags/weather_dag.py                               1           0  0.20s           2026-04-25T13:30:03
================================================================================
[2026-04-25T13:30:42.186+0000] {manager.py:737} INFO - Searching for files in /opt/airflow/dags
[2026-04-25T13:30:42.219+0000] {manager.py:740} INFO - There are 2 files in /opt/airflow/dags
[2026-04-25T13:30:54.215+0000] {manager.py:878} INFO - 
================================================================================
DAG File Processing Stats

File Path                             PID    Runtime      # DAGs    # Errors  Last Runtime    Last Run
------------------------------------  -----  ---------  --------  ----------  --------------  -------------------
/opt/airflow/dags/weather_dag.py                               1           0  0.21s           2026-04-25T13:30:34
/opt/airflow/dags/fetch_and_store.py                           0           0  0.10s           2026-04-25T13:30:39
================================================================================
[2026-04-25T13:31:21.323+0000] {manager.py:878} INFO - 
================================================================================
DAG File Processing Stats

File Path                             PID    Runtime      # DAGs    # Errors  Last Runtime    Last Run
------------------------------------  -----  ---------  --------  ----------  --------------  -------------------
/opt/airflow/dags/weather_dag.py                               1           0  0.20s           2026-04-25T13:31:05
/opt/airflow/dags/fetch_and_store.py                           0           0  0.10s           2026-04-25T13:31:09
================================================================================
[2026-04-25T13:31:48.934+0000] {manager.py:878} INFO - 
================================================================================
DAG File Processing Stats

File Path                             PID    Runtime      # DAGs    # Errors  Last Runtime    Last Run
------------------------------------  -----  ---------  --------  ----------  --------------  -------------------
/opt/airflow/dags/weather_dag.py                               1           0  0.20s           2026-04-25T13:31:35
/opt/airflow/dags/fetch_and_store.py                           0           0  0.10s           2026-04-25T13:31:40
================================================================================
[2026-04-25T13:32:22.005+0000] {manager.py:878} INFO - 
================================================================================
DAG File Processing Stats

File Path                             PID    Runtime      # DAGs    # Errors  Last Runtime    Last Run
------------------------------------  -----  ---------  --------  ----------  --------------  -------------------
/opt/airflow/dags/fetch_and_store.py                           0           0  0.81s           2026-04-25T13:32:22
/opt/airflow/dags/weather_dag.py                               1           0  0.20s           2026-04-25T13:31:35
================================================================================
[2026-04-25T13:32:49.773+0000] {manager.py:878} INFO - 
================================================================================
DAG File Processing Stats

File Path                             PID    Runtime      # DAGs    # Errors  Last Runtime    Last Run
------------------------------------  -----  ---------  --------  ----------  --------------  -------------------
/opt/airflow/dags/fetch_and_store.py                           0           0  0.81s           2026-04-25T13:32:22
/opt/airflow/dags/weather_dag.py                               1           0  0.20s           2026-04-25T13:32:23
================================================================================
[2026-04-25T13:33:17.074+0000] {manager.py:878} INFO - 
================================================================================
DAG File Processing Stats

File Path                             PID    Runtime      # DAGs    # Errors  Last Runtime    Last Run
------------------------------------  -----  ---------  --------  ----------  --------------  -------------------
/opt/airflow/dags/weather_dag.py                               1           0  0.20s           2026-04-25T13:32:53
/opt/airflow/dags/fetch_and_store.py                           0           0  0.20s           2026-04-25T13:32:52
================================================================================
[2026-04-25T13:33:44.817+0000] {manager.py:878} INFO - 
================================================================================
DAG File Processing Stats

File Path                             PID    Runtime      # DAGs    # Errors  Last Runtime    Last Run
------------------------------------  -----  ---------  --------  ----------  --------------  -------------------
/opt/airflow/dags/weather_dag.py                               1           0  0.20s           2026-04-25T13:33:24
/opt/airflow/dags/fetch_and_store.py                           0           0  0.20s           2026-04-25T13:33:43
================================================================================
