[2026-04-25T12:45:03.760+0000] {local_task_job_runner.py:120} INFO - ::group::Pre task execution logs
[2026-04-25T12:45:03.778+0000] {taskinstance.py:2076} INFO - Dependencies all met for dep_context=non-requeueable deps ti=<TaskInstance: weather_pipeline.fetch_forecast scheduled__2026-04-25T12:40:00+00:00 [queued]>
[2026-04-25T12:45:03.782+0000] {taskinstance.py:2076} INFO - Dependencies all met for dep_context=requeueable deps ti=<TaskInstance: weather_pipeline.fetch_forecast scheduled__2026-04-25T12:40:00+00:00 [queued]>
[2026-04-25T12:45:03.783+0000] {taskinstance.py:2306} INFO - Starting attempt 1 of 2
[2026-04-25T12:45:03.790+0000] {taskinstance.py:2330} INFO - Executing <Task(PythonOperator): fetch_forecast> on 2026-04-25 12:40:00+00:00
[2026-04-25T12:45:03.795+0000] {logging_mixin.py:188} WARNING - /home/airflow/.local/lib/python3.12/site-packages/airflow/task/task_runner/standard_task_runner.py:61 DeprecationWarning: This process (pid=191) is multi-threaded, use of fork() may lead to deadlocks in the child.
[2026-04-25T12:45:03.796+0000] {standard_task_runner.py:63} INFO - Started process 194 to run task
[2026-04-25T12:45:03.795+0000] {standard_task_runner.py:90} INFO - Running: ['airflow', 'tasks', 'run', 'weather_pipeline', 'fetch_forecast', 'scheduled__2026-04-25T12:40:00+00:00', '--job-id', '95', '--raw', '--subdir', 'DAGS_FOLDER/weather_dag.py', '--cfg-path', '/tmp/tmp7a_j1gwc']
[2026-04-25T12:45:03.797+0000] {standard_task_runner.py:91} INFO - Job 95: Subtask fetch_forecast
[2026-04-25T12:45:03.813+0000] {task_command.py:426} INFO - Running <TaskInstance: weather_pipeline.fetch_forecast scheduled__2026-04-25T12:40:00+00:00 [running]> on host 3ddf978cbafa
[2026-04-25T12:45:03.845+0000] {taskinstance.py:2648} INFO - Exporting env vars: AIRFLOW_CTX_DAG_OWNER='student' AIRFLOW_CTX_DAG_ID='weather_pipeline' AIRFLOW_CTX_TASK_ID='fetch_forecast' AIRFLOW_CTX_EXECUTION_DATE='2026-04-25T12:40:00+00:00' AIRFLOW_CTX_TRY_NUMBER='1' AIRFLOW_CTX_DAG_RUN_ID='scheduled__2026-04-25T12:40:00+00:00'
[2026-04-25T12:45:03.846+0000] {taskinstance.py:430} INFO - ::endgroup::
[2026-04-25T12:45:03.856+0000] {logging_mixin.py:188} INFO - Fetching forecast weather data...
[2026-04-25T12:45:03.856+0000] {logging_mixin.py:188} INFO - Processing forecast data for London...
[2026-04-25T12:45:04.467+0000] {logging_mixin.py:188} INFO - Processing forecast data for Tokyo...
[2026-04-25T12:45:04.981+0000] {logging_mixin.py:188} INFO - Processing forecast data for New York...
[2026-04-25T12:45:05.470+0000] {logging_mixin.py:188} INFO - Processing forecast data for Moscow...
[2026-04-25T12:45:06.452+0000] {logging_mixin.py:188} INFO - ✅ Forecast data saved and deduplicated.
[2026-04-25T12:45:06.455+0000] {python.py:237} INFO - Done. Returned value was: None
[2026-04-25T12:45:06.456+0000] {taskinstance.py:441} INFO - ::group::Post task execution logs
[2026-04-25T12:45:06.462+0000] {taskinstance.py:1206} INFO - Marking task as SUCCESS. dag_id=weather_pipeline, task_id=fetch_forecast, run_id=scheduled__2026-04-25T12:40:00+00:00, execution_date=20260425T124000, start_date=20260425T124503, end_date=20260425T124506
[2026-04-25T12:45:06.509+0000] {local_task_job_runner.py:240} INFO - Task exited with return code 0
[2026-04-25T12:45:06.515+0000] {taskinstance.py:3498} INFO - 0 downstream tasks scheduled from follow-on schedule check
[2026-04-25T12:45:06.516+0000] {local_task_job_runner.py:222} INFO - ::endgroup::
