[2026-04-25T12:50:04.229+0000] {local_task_job_runner.py:120} INFO - ::group::Pre task execution logs
[2026-04-25T12:50:04.249+0000] {taskinstance.py:2076} INFO - Dependencies all met for dep_context=non-requeueable deps ti=<TaskInstance: weather_pipeline.fetch_forecast scheduled__2026-04-25T12:45:00+00:00 [queued]>
[2026-04-25T12:50:04.252+0000] {taskinstance.py:2076} INFO - Dependencies all met for dep_context=requeueable deps ti=<TaskInstance: weather_pipeline.fetch_forecast scheduled__2026-04-25T12:45:00+00:00 [queued]>
[2026-04-25T12:50:04.253+0000] {taskinstance.py:2306} INFO - Starting attempt 1 of 2
[2026-04-25T12:50:04.261+0000] {taskinstance.py:2330} INFO - Executing <Task(PythonOperator): fetch_forecast> on 2026-04-25 12:45:00+00:00
[2026-04-25T12:50:04.265+0000] {standard_task_runner.py:90} INFO - Running: ['airflow', 'tasks', 'run', 'weather_pipeline', 'fetch_forecast', 'scheduled__2026-04-25T12:45:00+00:00', '--job-id', '97', '--raw', '--subdir', 'DAGS_FOLDER/weather_dag.py', '--cfg-path', '/tmp/tmp3fvrb5xk']
[2026-04-25T12:50:04.265+0000] {standard_task_runner.py:91} INFO - Job 97: Subtask fetch_forecast
[2026-04-25T12:50:04.266+0000] {logging_mixin.py:188} WARNING - /home/airflow/.local/lib/python3.12/site-packages/airflow/task/task_runner/standard_task_runner.py:61 DeprecationWarning: This process (pid=271) is multi-threaded, use of fork() may lead to deadlocks in the child.
[2026-04-25T12:50:04.266+0000] {standard_task_runner.py:63} INFO - Started process 274 to run task
[2026-04-25T12:50:04.283+0000] {task_command.py:426} INFO - Running <TaskInstance: weather_pipeline.fetch_forecast scheduled__2026-04-25T12:45:00+00:00 [running]> on host 3ddf978cbafa
[2026-04-25T12:50:04.322+0000] {taskinstance.py:2648} INFO - Exporting env vars: AIRFLOW_CTX_DAG_OWNER='student' AIRFLOW_CTX_DAG_ID='weather_pipeline' AIRFLOW_CTX_TASK_ID='fetch_forecast' AIRFLOW_CTX_EXECUTION_DATE='2026-04-25T12:45:00+00:00' AIRFLOW_CTX_TRY_NUMBER='1' AIRFLOW_CTX_DAG_RUN_ID='scheduled__2026-04-25T12:45:00+00:00'
[2026-04-25T12:50:04.323+0000] {taskinstance.py:430} INFO - ::endgroup::
[2026-04-25T12:50:04.334+0000] {logging_mixin.py:188} INFO - Fetching forecast weather data...
[2026-04-25T12:50:04.334+0000] {logging_mixin.py:188} INFO - Processing forecast data for London...
[2026-04-25T12:50:07.232+0000] {logging_mixin.py:188} INFO - Processing forecast data for Tokyo...
[2026-04-25T12:50:11.243+0000] {logging_mixin.py:188} INFO - Processing forecast data for New York...
[2026-04-25T12:50:12.441+0000] {logging_mixin.py:188} INFO - Processing forecast data for Moscow...
[2026-04-25T12:50:14.182+0000] {logging_mixin.py:188} INFO - ✅ Forecast data saved and deduplicated.
[2026-04-25T12:50:14.184+0000] {python.py:237} INFO - Done. Returned value was: None
[2026-04-25T12:50:14.185+0000] {taskinstance.py:441} INFO - ::group::Post task execution logs
[2026-04-25T12:50:14.191+0000] {taskinstance.py:1206} INFO - Marking task as SUCCESS. dag_id=weather_pipeline, task_id=fetch_forecast, run_id=scheduled__2026-04-25T12:45:00+00:00, execution_date=20260425T124500, start_date=20260425T125004, end_date=20260425T125014
[2026-04-25T12:50:14.244+0000] {local_task_job_runner.py:240} INFO - Task exited with return code 0
[2026-04-25T12:50:14.249+0000] {taskinstance.py:3498} INFO - 0 downstream tasks scheduled from follow-on schedule check
[2026-04-25T12:50:14.250+0000] {local_task_job_runner.py:222} INFO - ::endgroup::
