[2026-04-25T13:05:04.172+0000] {local_task_job_runner.py:120} INFO - ::group::Pre task execution logs
[2026-04-25T13:05:04.197+0000] {taskinstance.py:2076} INFO - Dependencies all met for dep_context=non-requeueable deps ti=<TaskInstance: weather_pipeline.fetch_forecast scheduled__2026-04-25T13:00:00+00:00 [queued]>
[2026-04-25T13:05:04.202+0000] {taskinstance.py:2076} INFO - Dependencies all met for dep_context=requeueable deps ti=<TaskInstance: weather_pipeline.fetch_forecast scheduled__2026-04-25T13:00:00+00:00 [queued]>
[2026-04-25T13:05:04.202+0000] {taskinstance.py:2306} INFO - Starting attempt 1 of 2
[2026-04-25T13:05:04.211+0000] {taskinstance.py:2330} INFO - Executing <Task(PythonOperator): fetch_forecast> on 2026-04-25 13:00:00+00:00
[2026-04-25T13:05:04.217+0000] {standard_task_runner.py:90} INFO - Running: ['airflow', 'tasks', 'run', 'weather_pipeline', 'fetch_forecast', 'scheduled__2026-04-25T13:00:00+00:00', '--job-id', '103', '--raw', '--subdir', 'DAGS_FOLDER/weather_dag.py', '--cfg-path', '/tmp/tmpo24fn70w']
[2026-04-25T13:05:04.219+0000] {standard_task_runner.py:91} INFO - Job 103: Subtask fetch_forecast
[2026-04-25T13:05:04.223+0000] {logging_mixin.py:188} WARNING - /home/airflow/.local/lib/python3.12/site-packages/airflow/task/task_runner/standard_task_runner.py:61 DeprecationWarning: This process (pid=489) is multi-threaded, use of fork() may lead to deadlocks in the child.
[2026-04-25T13:05:04.224+0000] {standard_task_runner.py:63} INFO - Started process 492 to run task
[2026-04-25T13:05:04.248+0000] {task_command.py:426} INFO - Running <TaskInstance: weather_pipeline.fetch_forecast scheduled__2026-04-25T13:00:00+00:00 [running]> on host 3ddf978cbafa
[2026-04-25T13:05:04.290+0000] {taskinstance.py:2648} INFO - Exporting env vars: AIRFLOW_CTX_DAG_OWNER='student' AIRFLOW_CTX_DAG_ID='weather_pipeline' AIRFLOW_CTX_TASK_ID='fetch_forecast' AIRFLOW_CTX_EXECUTION_DATE='2026-04-25T13:00:00+00:00' AIRFLOW_CTX_TRY_NUMBER='1' AIRFLOW_CTX_DAG_RUN_ID='scheduled__2026-04-25T13:00:00+00:00'
[2026-04-25T13:05:04.291+0000] {taskinstance.py:430} INFO - ::endgroup::
[2026-04-25T13:05:04.306+0000] {logging_mixin.py:188} INFO - Fetching forecast weather data...
[2026-04-25T13:05:04.307+0000] {logging_mixin.py:188} INFO - Processing forecast data for London...
[2026-04-25T13:05:07.655+0000] {logging_mixin.py:188} INFO - Processing forecast data for Tokyo...
[2026-04-25T13:05:08.605+0000] {logging_mixin.py:188} INFO - Processing forecast data for New York...
[2026-04-25T13:05:09.819+0000] {logging_mixin.py:188} INFO - Processing forecast data for Moscow...
[2026-04-25T13:05:39.468+0000] {logging_mixin.py:188} INFO - ✅ Forecast data saved and deduplicated.
[2026-04-25T13:05:39.479+0000] {python.py:237} INFO - Done. Returned value was: None
[2026-04-25T13:05:39.482+0000] {taskinstance.py:441} INFO - ::group::Post task execution logs
[2026-04-25T13:05:39.495+0000] {taskinstance.py:1206} INFO - Marking task as SUCCESS. dag_id=weather_pipeline, task_id=fetch_forecast, run_id=scheduled__2026-04-25T13:00:00+00:00, execution_date=20260425T130000, start_date=20260425T130504, end_date=20260425T130539
[2026-04-25T13:05:39.532+0000] {local_task_job_runner.py:240} INFO - Task exited with return code 0
[2026-04-25T13:05:39.543+0000] {taskinstance.py:3498} INFO - 0 downstream tasks scheduled from follow-on schedule check
[2026-04-25T13:05:39.543+0000] {local_task_job_runner.py:222} INFO - ::endgroup::
